{"uid":"892bf8041b5da4a3","name":"test_get_tasks_access_by_role[manager]","fullName":"tests.test_backend.task_service.get_tasks.access_get_tasks.test_get_tasks_access_by_role#test_get_tasks_access_by_role","historyId":"e23a2c97fbbf899822247160000caadc","time":{"start":1762939593593,"stop":1762939593593,"duration":0},"description":"\n    Тестирование получения задач(get_tasks) под разными ролями с валидацией набора полей и типов.\n\n    Проверяет:\n    1. HTTP статус код ответа\n    2. Структуру payload ответа\n    3. Валидацию полей и типов данных для выборки задач\n    4. Принадлежность задач правильной доске\n    ","descriptionHtml":"<pre><code>Тестирование получения задач(get_tasks) под разными ролями с валидацией набора полей и типов.\n\nПроверяет:\n1. HTTP статус код ответа\n2. Структуру payload ответа\n3. Валидацию полей и типов данных для выборки задач\n4. Принадлежность задач правильной доске\n</code></pre>\n","status":"failed","statusMessage":"AssertionError: Board 6909d4141a593d8d7c3b9f91 not found: <html>\r\n  <head><title>503 Service Temporarily Unavailable</title></head>\r\n  <body>\r\n  <center><h1>503 Service Temporarily Unavailable</h1></center>\r\n  <hr><center>nginx</center>\r\n  </body>\r\n  </html>\r\n  \nassert 503 == 200\n +  where 503 = <Response [503]>.status_code","statusTrace":"main_client = <tests.core.client.APIClient object at 0x7f0314e676d0>\nmain_space = '6866309d85fb8d104544a61e'\n\n    @pytest.fixture(scope='session')\n    def board_with_tasks(main_client, main_space):\n        assert BOARD_WITH_TASKS, 'Не задана переменная окружения MAIN_BOARD_ID'\n        resp = main_client.post(**get_board_endpoint(board_id=BOARD_WITH_TASKS, space_id=main_space))\n>       assert resp.status_code == 200, f'Board {BOARD_WITH_TASKS} not found: {resp.text}'\nE       AssertionError: Board 6909d4141a593d8d7c3b9f91 not found: <html>\r\nE         <head><title>503 Service Temporarily Unavailable</title></head>\r\nE         <body>\r\nE         <center><h1>503 Service Temporarily Unavailable</h1></center>\r\nE         <hr><center>nginx</center>\r\nE         </body>\r\nE         </html>\r\nE         \nE       assert 503 == 200\nE        +  where 503 = <Response [503]>.status_code\n\ntests/conftest.py:109: AssertionError","flaky":false,"newFailed":true,"newBroken":false,"newPassed":false,"retriesCount":0,"retriesStatusChange":false,"beforeStages":[{"name":"_verify_url","time":{"start":1762939434325,"stop":1762939434325,"duration":0},"status":"passed","steps":[],"attachments":[],"parameters":[],"stepsCount":0,"shouldDisplayMessage":false,"attachmentsCount":0,"hasContent":false,"attachmentStep":false},{"name":"base_url","time":{"start":1762939434325,"stop":1762939434325,"duration":0},"status":"passed","steps":[],"attachments":[],"parameters":[],"stepsCount":0,"shouldDisplayMessage":false,"attachmentsCount":0,"hasContent":false,"attachmentStep":false},{"name":"pytestconfig","time":{"start":1762939434325,"stop":1762939434325,"duration":0},"status":"passed","steps":[],"attachments":[],"parameters":[],"stepsCount":0,"shouldDisplayMessage":false,"attachmentsCount":0,"hasContent":false,"attachmentStep":false},{"name":"delete_output_dir","time":{"start":1762939434325,"stop":1762939434325,"duration":0},"status":"passed","steps":[],"attachments":[],"parameters":[],"stepsCount":0,"shouldDisplayMessage":false,"attachmentsCount":0,"hasContent":false,"attachmentStep":false},{"name":"main_client","time":{"start":1762939436802,"stop":1762939437041,"duration":239},"status":"passed","steps":[],"attachments":[],"parameters":[],"stepsCount":0,"shouldDisplayMessage":false,"attachmentsCount":0,"hasContent":false,"attachmentStep":false},{"name":"main_space","time":{"start":1762939437042,"stop":1762939437447,"duration":405},"status":"passed","steps":[],"attachments":[],"parameters":[],"stepsCount":0,"shouldDisplayMessage":false,"attachmentsCount":0,"hasContent":false,"attachmentStep":false},{"name":"board_with_tasks","time":{"start":1762939592550,"stop":1762939592843,"duration":293},"status":"failed","statusMessage":"AssertionError: Board 6909d4141a593d8d7c3b9f91 not found: <html>\r\n  <head><title>503 Service Temporarily Unavailable</title></head>\r\n  <body>\r\n  <center><h1>503 Service Temporarily Unavailable</h1></center>\r\n  <hr><center>nginx</center>\r\n  </body>\r\n  </html>\r\n  \nassert 503 == 200\n +  where 503 = <Response [503]>.status_code\n","statusTrace":"  File \"/opt/hostedtoolcache/Python/3.11.14/x64/lib/python3.11/site-packages/pluggy/_callers.py\", line 167, in _multicall\n    teardown.throw(outcome._exception)\n  File \"/opt/hostedtoolcache/Python/3.11.14/x64/lib/python3.11/site-packages/_pytest/setuponly.py\", line 36, in pytest_fixture_setup\n    return (yield)\n            ^^^^^\n  File \"/opt/hostedtoolcache/Python/3.11.14/x64/lib/python3.11/site-packages/pluggy/_callers.py\", line 103, in _multicall\n    res = hook_impl.function(*args)\n          ^^^^^^^^^^^^^^^^^^^^^^^^^\n  File \"/opt/hostedtoolcache/Python/3.11.14/x64/lib/python3.11/site-packages/_pytest/fixtures.py\", line 1140, in pytest_fixture_setup\n    result = call_fixture_func(fixturefunc, request, kwargs)\n             ^^^^^^^^^^^^^^^^^^^^^^^^^^^^^^^^^^^^^^^^^^^^^^^\n  File \"/opt/hostedtoolcache/Python/3.11.14/x64/lib/python3.11/site-packages/_pytest/fixtures.py\", line 898, in call_fixture_func\n    fixture_result = fixturefunc(**kwargs)\n                     ^^^^^^^^^^^^^^^^^^^^^\n  File \"/home/runner/work/autotests/autotests/tests/conftest.py\", line 109, in board_with_tasks\n    assert resp.status_code == 200, f'Board {BOARD_WITH_TASKS} not found: {resp.text}'\n","steps":[],"attachments":[],"parameters":[],"stepsCount":0,"shouldDisplayMessage":true,"attachmentsCount":0,"hasContent":true,"attachmentStep":false}],"afterStages":[],"labels":[{"name":"tag","value":"backend"},{"name":"parentSuite","value":"tests.test_backend.task_service.get_tasks.access_get_tasks"},{"name":"suite","value":"test_get_tasks_access_by_role"},{"name":"host","value":"runnervmw9dnm"},{"name":"thread","value":"2580-MainThread"},{"name":"framework","value":"pytest"},{"name":"language","value":"cpython3"},{"name":"package","value":"tests.test_backend.task_service.get_tasks.access_get_tasks.test_get_tasks_access_by_role"},{"name":"resultFormat","value":"allure2"}],"parameters":[{"name":"client_fixture","value":"'manager_client'"},{"name":"expected_status","value":"200"}],"links":[],"hidden":false,"retry":false,"extra":{"severity":"normal","retries":[],"categories":[{"name":"Product defects","matchedStatuses":[],"flaky":false}],"history":{"statistic":{"failed":1,"broken":0,"skipped":0,"passed":5,"unknown":0,"total":6},"items":[{"uid":"774f2de26266074","reportUrl":"https://vaizcom.github.io/autotests/431/#testresult/774f2de26266074","status":"passed","time":{"start":1762856069967,"stop":1762856076458,"duration":6491}},{"uid":"d0421a5be8832292","reportUrl":"https://vaizcom.github.io/autotests/430/#testresult/d0421a5be8832292","status":"passed","time":{"start":1762781134324,"stop":1762781138833,"duration":4509}},{"uid":"e9a32ed7092d9382","reportUrl":"https://vaizcom.github.io/autotests/429/#testresult/e9a32ed7092d9382","status":"passed","time":{"start":1762779311122,"stop":1762779316828,"duration":5706}},{"uid":"246c5c25d96268f3","reportUrl":"https://vaizcom.github.io/autotests/427/#testresult/246c5c25d96268f3","status":"passed","time":{"start":1762774298750,"stop":1762774303751,"duration":5001}},{"uid":"bf96d784925ced9c","reportUrl":"https://vaizcom.github.io/autotests/426/#testresult/bf96d784925ced9c","status":"passed","time":{"start":1762765849465,"stop":1762765855759,"duration":6294}}]},"tags":["backend"]},"source":"892bf8041b5da4a3.json","parameterValues":["'manager_client'","200"]}