{"uid":"919be56f5fc6684d","name":"Создание документа в роли owner - с передачей kind=Project и kindId (ожидается 200)","fullName":"tests.test_backend.document.test_create_document#test_document_kind_and_id","historyId":"139bb6fb5b5eba337fbebca9ca0e5edf","time":{"start":1762939574552,"stop":1762939574666,"duration":114},"status":"failed","statusMessage":"AssertionError: assert 503 == 200\n +  where 503 = <Response [503]>.status_code","statusTrace":"owner_client = <tests.core.client.APIClient object at 0x7f0314f7fb90>\ntemp_space = '69145238d909970ad65d537f'\nrequest = <FixtureRequest for <Function test_document_kind_and_id[project]>>\nkind = 'Project', get_fixture = 'temp_project', expected_status = 200\n\n    @pytest.mark.parametrize(\n        'kind, get_fixture, expected_status',\n        [\n            ('Project', 'temp_project', 200),\n            ('Space', 'temp_space', 200),\n            ('Member', 'temp_member', 200),\n            ('WrongKind', 'temp_project', 400),\n            ('Project', 'nonexistent_id', 400),\n        ],\n        ids=['project', 'space', 'member', 'wrong kind', 'wrong id'],\n    )\n    def test_document_kind_and_id(owner_client, temp_space, request, kind, get_fixture, expected_status):\n        allure.dynamic.title(\n            f'Создание документа в роли owner - с передачей kind={kind} и kindId (ожидается {expected_status})'\n        )\n    \n        kind_id = request.getfixturevalue(get_fixture) if get_fixture != 'nonexistent_id' else 'invalid_id'\n    \n        with allure.step(\n            f'Создание документа Оунером с передачей kind={kind} и kindId={kind_id}  (ожидается {expected_status})'\n        ):\n            response = owner_client.post(\n                **create_document_endpoint(kind=kind, kind_id=kind_id, space_id=temp_space, title='Kind Test')\n            )\n    \n        with allure.step('Проверка статус-кода ответа'):\n>           assert response.status_code == expected_status\nE           assert 503 == 200\nE            +  where 503 = <Response [503]>.status_code\n\ntests/test_backend/document/test_create_document.py:188: AssertionError","flaky":false,"newFailed":true,"newBroken":false,"newPassed":false,"retriesCount":0,"retriesStatusChange":false,"beforeStages":[{"name":"_verify_url","time":{"start":1762939434325,"stop":1762939434325,"duration":0},"status":"passed","steps":[],"attachments":[],"parameters":[],"stepsCount":0,"shouldDisplayMessage":false,"attachmentsCount":0,"hasContent":false,"attachmentStep":false},{"name":"base_url","time":{"start":1762939434325,"stop":1762939434325,"duration":0},"status":"passed","steps":[],"attachments":[],"parameters":[],"stepsCount":0,"shouldDisplayMessage":false,"attachmentsCount":0,"hasContent":false,"attachmentStep":false},{"name":"pytestconfig","time":{"start":1762939434325,"stop":1762939434325,"duration":0},"status":"passed","steps":[],"attachments":[],"parameters":[],"stepsCount":0,"shouldDisplayMessage":false,"attachmentsCount":0,"hasContent":false,"attachmentStep":false},{"name":"delete_output_dir","time":{"start":1762939434325,"stop":1762939434325,"duration":0},"status":"passed","steps":[],"attachments":[],"parameters":[],"stepsCount":0,"shouldDisplayMessage":false,"attachmentsCount":0,"hasContent":false,"attachmentStep":false},{"name":"owner_client","time":{"start":1762939434325,"stop":1762939434769,"duration":444},"status":"passed","steps":[],"attachments":[],"parameters":[],"stepsCount":0,"shouldDisplayMessage":false,"attachmentsCount":0,"hasContent":false,"attachmentStep":false},{"name":"temp_space","time":{"start":1762939448220,"stop":1762939449028,"duration":808},"status":"passed","steps":[],"attachments":[],"parameters":[],"stepsCount":0,"shouldDisplayMessage":false,"attachmentsCount":0,"hasContent":false,"attachmentStep":false},{"name":"temp_project","time":{"start":1762939449029,"stop":1762939449541,"duration":512},"status":"passed","steps":[],"attachments":[],"parameters":[],"stepsCount":0,"shouldDisplayMessage":false,"attachmentsCount":0,"hasContent":false,"attachmentStep":false}],"testStage":{"status":"failed","statusMessage":"AssertionError: assert 503 == 200\n +  where 503 = <Response [503]>.status_code","statusTrace":"owner_client = <tests.core.client.APIClient object at 0x7f0314f7fb90>\ntemp_space = '69145238d909970ad65d537f'\nrequest = <FixtureRequest for <Function test_document_kind_and_id[project]>>\nkind = 'Project', get_fixture = 'temp_project', expected_status = 200\n\n    @pytest.mark.parametrize(\n        'kind, get_fixture, expected_status',\n        [\n            ('Project', 'temp_project', 200),\n            ('Space', 'temp_space', 200),\n            ('Member', 'temp_member', 200),\n            ('WrongKind', 'temp_project', 400),\n            ('Project', 'nonexistent_id', 400),\n        ],\n        ids=['project', 'space', 'member', 'wrong kind', 'wrong id'],\n    )\n    def test_document_kind_and_id(owner_client, temp_space, request, kind, get_fixture, expected_status):\n        allure.dynamic.title(\n            f'Создание документа в роли owner - с передачей kind={kind} и kindId (ожидается {expected_status})'\n        )\n    \n        kind_id = request.getfixturevalue(get_fixture) if get_fixture != 'nonexistent_id' else 'invalid_id'\n    \n        with allure.step(\n            f'Создание документа Оунером с передачей kind={kind} и kindId={kind_id}  (ожидается {expected_status})'\n        ):\n            response = owner_client.post(\n                **create_document_endpoint(kind=kind, kind_id=kind_id, space_id=temp_space, title='Kind Test')\n            )\n    \n        with allure.step('Проверка статус-кода ответа'):\n>           assert response.status_code == expected_status\nE           assert 503 == 200\nE            +  where 503 = <Response [503]>.status_code\n\ntests/test_backend/document/test_create_document.py:188: AssertionError","steps":[{"name":"Создание документа Оунером с передачей kind=Project и kindId=69145239d909970ad65d540a  (ожидается 200)","time":{"start":1762939574552,"stop":1762939574665,"duration":113},"status":"passed","steps":[],"attachments":[],"parameters":[],"stepsCount":0,"shouldDisplayMessage":false,"attachmentsCount":0,"hasContent":false,"attachmentStep":false},{"name":"Проверка статус-кода ответа","time":{"start":1762939574665,"stop":1762939574665,"duration":0},"status":"failed","statusMessage":"AssertionError: assert 503 == 200\n +  where 503 = <Response [503]>.status_code\n","statusTrace":"  File \"/home/runner/work/autotests/autotests/tests/test_backend/document/test_create_document.py\", line 188, in test_document_kind_and_id\n    assert response.status_code == expected_status\n","steps":[],"attachments":[],"parameters":[],"stepsCount":0,"shouldDisplayMessage":true,"attachmentsCount":0,"hasContent":true,"attachmentStep":false}],"attachments":[],"parameters":[],"stepsCount":2,"shouldDisplayMessage":true,"attachmentsCount":0,"hasContent":true,"attachmentStep":false},"afterStages":[{"name":"temp_project::0","time":{"start":1762939593950,"stop":1762939593950,"duration":0},"status":"passed","steps":[],"attachments":[],"parameters":[],"stepsCount":0,"shouldDisplayMessage":false,"attachmentsCount":0,"hasContent":false,"attachmentStep":false},{"name":"temp_space::0","time":{"start":1762939593950,"stop":1762939594059,"duration":109},"status":"passed","steps":[],"attachments":[],"parameters":[],"stepsCount":0,"shouldDisplayMessage":false,"attachmentsCount":0,"hasContent":false,"attachmentStep":false}],"labels":[{"name":"tag","value":"backend"},{"name":"parentSuite","value":"tests.test_backend.document"},{"name":"suite","value":"test_create_document"},{"name":"host","value":"runnervmw9dnm"},{"name":"thread","value":"2580-MainThread"},{"name":"framework","value":"pytest"},{"name":"language","value":"cpython3"},{"name":"package","value":"tests.test_backend.document.test_create_document"},{"name":"resultFormat","value":"allure2"}],"parameters":[{"name":"expected_status","value":"200"},{"name":"get_fixture","value":"'temp_project'"},{"name":"kind","value":"'Project'"}],"links":[],"hidden":false,"retry":false,"extra":{"severity":"normal","retries":[],"categories":[{"name":"Product defects","matchedStatuses":[],"flaky":false}],"history":{"statistic":{"failed":3,"broken":0,"skipped":0,"passed":22,"unknown":0,"total":25},"items":[{"uid":"126022f407f5bb4a","reportUrl":"https://vaizcom.github.io/autotests/431/#testresult/126022f407f5bb4a","status":"passed","time":{"start":1762855646217,"stop":1762855646509,"duration":292}},{"uid":"9f35804fe578cfd6","reportUrl":"https://vaizcom.github.io/autotests/430/#testresult/9f35804fe578cfd6","status":"passed","time":{"start":1762780794667,"stop":1762780794902,"duration":235}},{"uid":"2e166112bb3dad64","reportUrl":"https://vaizcom.github.io/autotests/429/#testresult/2e166112bb3dad64","status":"passed","time":{"start":1762778952350,"stop":1762778952603,"duration":253}},{"uid":"cdf0ef57724348fe","reportUrl":"https://vaizcom.github.io/autotests/427/#testresult/cdf0ef57724348fe","status":"passed","time":{"start":1762773894939,"stop":1762773895214,"duration":275}},{"uid":"988889b1b8a30e8","reportUrl":"https://vaizcom.github.io/autotests/426/#testresult/988889b1b8a30e8","status":"passed","time":{"start":1762765439983,"stop":1762765440366,"duration":383}},{"uid":"389e5c86be3f4485","reportUrl":"https://vaizcom.github.io/autotests/425/#testresult/389e5c86be3f4485","status":"passed","time":{"start":1762523275089,"stop":1762523275333,"duration":244}},{"uid":"de2af4ede82ac0b0","reportUrl":"https://vaizcom.github.io/autotests/424/#testresult/de2af4ede82ac0b0","status":"passed","time":{"start":1762521213810,"stop":1762521214091,"duration":281}},{"uid":"3776904c69bb78ff","reportUrl":"https://vaizcom.github.io/autotests/424/#testresult/3776904c69bb78ff","status":"passed","time":{"start":1762520198241,"stop":1762520198490,"duration":249}},{"uid":"673f16e3e0091f2","reportUrl":"https://vaizcom.github.io/autotests/422/#testresult/673f16e3e0091f2","status":"passed","time":{"start":1762517194162,"stop":1762517194443,"duration":281}},{"uid":"88c3009acf4d12f8","reportUrl":"https://vaizcom.github.io/autotests/421/#testresult/88c3009acf4d12f8","status":"failed","statusDetails":"AssertionError: assert 400 == 200\n +  where 400 = <Response [400]>.status_code","time":{"start":1762514868304,"stop":1762514868304,"duration":0}},{"uid":"6e1411e5356a6468","reportUrl":"https://vaizcom.github.io/autotests/420/#testresult/6e1411e5356a6468","status":"passed","time":{"start":1762507682130,"stop":1762507682407,"duration":277}},{"uid":"9a443671615a78","reportUrl":"https://vaizcom.github.io/autotests/420/#testresult/9a443671615a78","status":"failed","statusDetails":"AssertionError: assert 503 == 200\n +  where 503 = <Response [503]>.status_code","time":{"start":1762506266040,"stop":1762506266149,"duration":109}},{"uid":"30a9aa988fde4ab1","reportUrl":"https://vaizcom.github.io/autotests/419/#testresult/30a9aa988fde4ab1","status":"passed","time":{"start":1762505492376,"stop":1762505492653,"duration":277}},{"uid":"28874d224143b52d","reportUrl":"https://vaizcom.github.io/autotests/418/#testresult/28874d224143b52d","status":"passed","time":{"start":1762354471046,"stop":1762354471315,"duration":269}},{"uid":"5720de5b5edc6a16","reportUrl":"https://vaizcom.github.io/autotests/417/#testresult/5720de5b5edc6a16","status":"passed","time":{"start":1762353411048,"stop":1762353411350,"duration":302}},{"uid":"e0cf54277a0f7898","reportUrl":"https://vaizcom.github.io/autotests/416/#testresult/e0cf54277a0f7898","status":"passed","time":{"start":1762350000603,"stop":1762350001153,"duration":550}},{"uid":"b30245c8617a61b5","reportUrl":"https://vaizcom.github.io/autotests/415/#testresult/b30245c8617a61b5","status":"passed","time":{"start":1762331970223,"stop":1762331970464,"duration":241}},{"uid":"cd59a5c60cdd572b","reportUrl":"https://vaizcom.github.io/autotests/414/#testresult/cd59a5c60cdd572b","status":"passed","time":{"start":1762329024985,"stop":1762329025278,"duration":293}},{"uid":"5d479657af3a33cc","reportUrl":"https://vaizcom.github.io/autotests/413/#testresult/5d479657af3a33cc","status":"passed","time":{"start":1762270634284,"stop":1762270634563,"duration":279}},{"uid":"47e4b006cea10850","reportUrl":"https://vaizcom.github.io/autotests/412/#testresult/47e4b006cea10850","status":"passed","time":{"start":1762269850739,"stop":1762269851273,"duration":534}}]},"tags":["backend"]},"source":"919be56f5fc6684d.json","parameterValues":["200","'temp_project'","'Project'"]}