{"uid":"a6722ac027c99a8e","name":"test_get_tasks_access_by_role[owner]","fullName":"tests.test_backend.task_service.get_tasks.access_get_tasks.test_get_tasks_access_by_role#test_get_tasks_access_by_role","historyId":"a20c520a0080eb516d136e85f81f1984","time":{"start":1762939593586,"stop":1762939593586,"duration":0},"description":"\n    Тестирование получения задач(get_tasks) под разными ролями с валидацией набора полей и типов.\n\n    Проверяет:\n    1. HTTP статус код ответа\n    2. Структуру payload ответа\n    3. Валидацию полей и типов данных для выборки задач\n    4. Принадлежность задач правильной доске\n    ","descriptionHtml":"<pre><code>Тестирование получения задач(get_tasks) под разными ролями с валидацией набора полей и типов.\n\nПроверяет:\n1. HTTP статус код ответа\n2. Структуру payload ответа\n3. Валидацию полей и типов данных для выборки задач\n4. Принадлежность задач правильной доске\n</code></pre>\n","status":"failed","statusMessage":"AssertionError: Board 6909d4141a593d8d7c3b9f91 not found: <html>\r\n  <head><title>503 Service Temporarily Unavailable</title></head>\r\n  <body>\r\n  <center><h1>503 Service Temporarily Unavailable</h1></center>\r\n  <hr><center>nginx</center>\r\n  </body>\r\n  </html>\r\n  \nassert 503 == 200\n +  where 503 = <Response [503]>.status_code","statusTrace":"main_client = <tests.core.client.APIClient object at 0x7f0314e676d0>\nmain_space = '6866309d85fb8d104544a61e'\n\n    @pytest.fixture(scope='session')\n    def board_with_tasks(main_client, main_space):\n        assert BOARD_WITH_TASKS, 'Не задана переменная окружения MAIN_BOARD_ID'\n        resp = main_client.post(**get_board_endpoint(board_id=BOARD_WITH_TASKS, space_id=main_space))\n>       assert resp.status_code == 200, f'Board {BOARD_WITH_TASKS} not found: {resp.text}'\nE       AssertionError: Board 6909d4141a593d8d7c3b9f91 not found: <html>\r\nE         <head><title>503 Service Temporarily Unavailable</title></head>\r\nE         <body>\r\nE         <center><h1>503 Service Temporarily Unavailable</h1></center>\r\nE         <hr><center>nginx</center>\r\nE         </body>\r\nE         </html>\r\nE         \nE       assert 503 == 200\nE        +  where 503 = <Response [503]>.status_code\n\ntests/conftest.py:109: AssertionError","flaky":false,"newFailed":true,"newBroken":false,"newPassed":false,"retriesCount":0,"retriesStatusChange":false,"beforeStages":[{"name":"_verify_url","time":{"start":1762939434325,"stop":1762939434325,"duration":0},"status":"passed","steps":[],"attachments":[],"parameters":[],"stepsCount":0,"shouldDisplayMessage":false,"attachmentsCount":0,"hasContent":false,"attachmentStep":false},{"name":"base_url","time":{"start":1762939434325,"stop":1762939434325,"duration":0},"status":"passed","steps":[],"attachments":[],"parameters":[],"stepsCount":0,"shouldDisplayMessage":false,"attachmentsCount":0,"hasContent":false,"attachmentStep":false},{"name":"pytestconfig","time":{"start":1762939434325,"stop":1762939434325,"duration":0},"status":"passed","steps":[],"attachments":[],"parameters":[],"stepsCount":0,"shouldDisplayMessage":false,"attachmentsCount":0,"hasContent":false,"attachmentStep":false},{"name":"delete_output_dir","time":{"start":1762939434325,"stop":1762939434325,"duration":0},"status":"passed","steps":[],"attachments":[],"parameters":[],"stepsCount":0,"shouldDisplayMessage":false,"attachmentsCount":0,"hasContent":false,"attachmentStep":false},{"name":"main_client","time":{"start":1762939436802,"stop":1762939437041,"duration":239},"status":"passed","steps":[],"attachments":[],"parameters":[],"stepsCount":0,"shouldDisplayMessage":false,"attachmentsCount":0,"hasContent":false,"attachmentStep":false},{"name":"main_space","time":{"start":1762939437042,"stop":1762939437447,"duration":405},"status":"passed","steps":[],"attachments":[],"parameters":[],"stepsCount":0,"shouldDisplayMessage":false,"attachmentsCount":0,"hasContent":false,"attachmentStep":false},{"name":"board_with_tasks","time":{"start":1762939592550,"stop":1762939592843,"duration":293},"status":"failed","statusMessage":"AssertionError: Board 6909d4141a593d8d7c3b9f91 not found: <html>\r\n  <head><title>503 Service Temporarily Unavailable</title></head>\r\n  <body>\r\n  <center><h1>503 Service Temporarily Unavailable</h1></center>\r\n  <hr><center>nginx</center>\r\n  </body>\r\n  </html>\r\n  \nassert 503 == 200\n +  where 503 = <Response [503]>.status_code\n","statusTrace":"  File \"/opt/hostedtoolcache/Python/3.11.14/x64/lib/python3.11/site-packages/pluggy/_callers.py\", line 167, in _multicall\n    teardown.throw(outcome._exception)\n  File \"/opt/hostedtoolcache/Python/3.11.14/x64/lib/python3.11/site-packages/_pytest/setuponly.py\", line 36, in pytest_fixture_setup\n    return (yield)\n            ^^^^^\n  File \"/opt/hostedtoolcache/Python/3.11.14/x64/lib/python3.11/site-packages/pluggy/_callers.py\", line 103, in _multicall\n    res = hook_impl.function(*args)\n          ^^^^^^^^^^^^^^^^^^^^^^^^^\n  File \"/opt/hostedtoolcache/Python/3.11.14/x64/lib/python3.11/site-packages/_pytest/fixtures.py\", line 1140, in pytest_fixture_setup\n    result = call_fixture_func(fixturefunc, request, kwargs)\n             ^^^^^^^^^^^^^^^^^^^^^^^^^^^^^^^^^^^^^^^^^^^^^^^\n  File \"/opt/hostedtoolcache/Python/3.11.14/x64/lib/python3.11/site-packages/_pytest/fixtures.py\", line 898, in call_fixture_func\n    fixture_result = fixturefunc(**kwargs)\n                     ^^^^^^^^^^^^^^^^^^^^^\n  File \"/home/runner/work/autotests/autotests/tests/conftest.py\", line 109, in board_with_tasks\n    assert resp.status_code == 200, f'Board {BOARD_WITH_TASKS} not found: {resp.text}'\n","steps":[],"attachments":[],"parameters":[],"stepsCount":0,"shouldDisplayMessage":true,"attachmentsCount":0,"hasContent":true,"attachmentStep":false}],"afterStages":[],"labels":[{"name":"tag","value":"backend"},{"name":"parentSuite","value":"tests.test_backend.task_service.get_tasks.access_get_tasks"},{"name":"suite","value":"test_get_tasks_access_by_role"},{"name":"host","value":"runnervmw9dnm"},{"name":"thread","value":"2580-MainThread"},{"name":"framework","value":"pytest"},{"name":"language","value":"cpython3"},{"name":"package","value":"tests.test_backend.task_service.get_tasks.access_get_tasks.test_get_tasks_access_by_role"},{"name":"resultFormat","value":"allure2"}],"parameters":[{"name":"client_fixture","value":"'owner_client'"},{"name":"expected_status","value":"200"}],"links":[],"hidden":false,"retry":false,"extra":{"severity":"normal","retries":[],"categories":[{"name":"Product defects","matchedStatuses":[],"flaky":false}],"history":{"statistic":{"failed":1,"broken":0,"skipped":0,"passed":5,"unknown":0,"total":6},"items":[{"uid":"b47deec70bb741cf","reportUrl":"https://vaizcom.github.io/autotests/431/#testresult/b47deec70bb741cf","status":"passed","time":{"start":1762856065322,"stop":1762856069965,"duration":4643}},{"uid":"8c345a8fcdbe23f3","reportUrl":"https://vaizcom.github.io/autotests/430/#testresult/8c345a8fcdbe23f3","status":"passed","time":{"start":1762781127790,"stop":1762781134322,"duration":6532}},{"uid":"c633d3a898a8d364","reportUrl":"https://vaizcom.github.io/autotests/429/#testresult/c633d3a898a8d364","status":"passed","time":{"start":1762779301123,"stop":1762779311119,"duration":9996}},{"uid":"da8314daf6a2168d","reportUrl":"https://vaizcom.github.io/autotests/427/#testresult/da8314daf6a2168d","status":"passed","time":{"start":1762774293401,"stop":1762774298748,"duration":5347}},{"uid":"bb8de081a0dba88c","reportUrl":"https://vaizcom.github.io/autotests/426/#testresult/bb8de081a0dba88c","status":"passed","time":{"start":1762765843292,"stop":1762765849462,"duration":6170}}]},"tags":["backend"]},"source":"a6722ac027c99a8e.json","parameterValues":["'owner_client'","200"]}