{"uid":"a70e86b9858eb12f","name":"Негативный кейс: missing kind","fullName":"tests.test_backend.document.test_get_documents#test_get_documents_invalid_inputs","historyId":"976477323cdb505a52b454f67ca61aec","time":{"start":1762939581143,"stop":1762939581255,"duration":112},"status":"failed","statusMessage":"AssertionError: Ожидался статус 400, но получен 503\nassert 503 == 400\n +  where 503 = <Response [503]>.status_code","statusTrace":"owner_client = <tests.core.client.APIClient object at 0x7f0314f7fb90>\ntemp_space = '69145238d909970ad65d537f'\ntemp_project = '69145239d909970ad65d540a', kind = None\nkind_id = '69145239d909970ad65d540a', space_id = 'valid_space_id'\nexpected_status = 400, case_id = 'missing kind'\n\n    @pytest.mark.parametrize(\n        'kind, kind_id, space_id, expected_status, case_id',\n        [\n            ('Project', 'nonexistent-id', 'valid_space_id', 400, 'invalid kindId'),\n            ('WrongKind', 'valid_project_id', 'valid_space_id', 400, 'invalid kind'),\n            (None, 'valid_project_id', 'valid_space_id', 400, 'missing kind'),\n            ('Project', None, 'valid_space_id', 400, 'missing kindId'),\n        ],\n        ids=['invalid kindId', 'invalid kind', 'missing kind', 'missing kindId'],\n    )\n    def test_get_documents_invalid_inputs(\n        owner_client, temp_space, temp_project, kind, kind_id, space_id, expected_status, case_id\n    ):\n        allure.dynamic.title(f'Негативный кейс: {case_id}')\n    \n        if kind_id == 'valid_project_id':\n            kind_id = temp_project\n    \n        with allure.step(f'Отправка запроса и проверка статуса {expected_status}, проверка ошибки \"InvalidForm\"'):\n            response = owner_client.post(**get_documents_endpoint(kind=kind, kind_id=kind_id, space_id=temp_space))\n>           assert (\n                response.status_code == expected_status\n            ), f'Ожидался статус {expected_status}, но получен {response.status_code}'\nE           AssertionError: Ожидался статус 400, но получен 503\nE           assert 503 == 400\nE            +  where 503 = <Response [503]>.status_code\n\ntests/test_backend/document/test_get_documents.py:76: AssertionError","flaky":false,"newFailed":true,"newBroken":false,"newPassed":false,"retriesCount":0,"retriesStatusChange":false,"beforeStages":[{"name":"_verify_url","time":{"start":1762939434325,"stop":1762939434325,"duration":0},"status":"passed","steps":[],"attachments":[],"parameters":[],"stepsCount":0,"shouldDisplayMessage":false,"attachmentsCount":0,"hasContent":false,"attachmentStep":false},{"name":"base_url","time":{"start":1762939434325,"stop":1762939434325,"duration":0},"status":"passed","steps":[],"attachments":[],"parameters":[],"stepsCount":0,"shouldDisplayMessage":false,"attachmentsCount":0,"hasContent":false,"attachmentStep":false},{"name":"pytestconfig","time":{"start":1762939434325,"stop":1762939434325,"duration":0},"status":"passed","steps":[],"attachments":[],"parameters":[],"stepsCount":0,"shouldDisplayMessage":false,"attachmentsCount":0,"hasContent":false,"attachmentStep":false},{"name":"delete_output_dir","time":{"start":1762939434325,"stop":1762939434325,"duration":0},"status":"passed","steps":[],"attachments":[],"parameters":[],"stepsCount":0,"shouldDisplayMessage":false,"attachmentsCount":0,"hasContent":false,"attachmentStep":false},{"name":"owner_client","time":{"start":1762939434325,"stop":1762939434769,"duration":444},"status":"passed","steps":[],"attachments":[],"parameters":[],"stepsCount":0,"shouldDisplayMessage":false,"attachmentsCount":0,"hasContent":false,"attachmentStep":false},{"name":"temp_space","time":{"start":1762939448220,"stop":1762939449028,"duration":808},"status":"passed","steps":[],"attachments":[],"parameters":[],"stepsCount":0,"shouldDisplayMessage":false,"attachmentsCount":0,"hasContent":false,"attachmentStep":false},{"name":"temp_project","time":{"start":1762939449029,"stop":1762939449541,"duration":512},"status":"passed","steps":[],"attachments":[],"parameters":[],"stepsCount":0,"shouldDisplayMessage":false,"attachmentsCount":0,"hasContent":false,"attachmentStep":false}],"testStage":{"status":"failed","statusMessage":"AssertionError: Ожидался статус 400, но получен 503\nassert 503 == 400\n +  where 503 = <Response [503]>.status_code","statusTrace":"owner_client = <tests.core.client.APIClient object at 0x7f0314f7fb90>\ntemp_space = '69145238d909970ad65d537f'\ntemp_project = '69145239d909970ad65d540a', kind = None\nkind_id = '69145239d909970ad65d540a', space_id = 'valid_space_id'\nexpected_status = 400, case_id = 'missing kind'\n\n    @pytest.mark.parametrize(\n        'kind, kind_id, space_id, expected_status, case_id',\n        [\n            ('Project', 'nonexistent-id', 'valid_space_id', 400, 'invalid kindId'),\n            ('WrongKind', 'valid_project_id', 'valid_space_id', 400, 'invalid kind'),\n            (None, 'valid_project_id', 'valid_space_id', 400, 'missing kind'),\n            ('Project', None, 'valid_space_id', 400, 'missing kindId'),\n        ],\n        ids=['invalid kindId', 'invalid kind', 'missing kind', 'missing kindId'],\n    )\n    def test_get_documents_invalid_inputs(\n        owner_client, temp_space, temp_project, kind, kind_id, space_id, expected_status, case_id\n    ):\n        allure.dynamic.title(f'Негативный кейс: {case_id}')\n    \n        if kind_id == 'valid_project_id':\n            kind_id = temp_project\n    \n        with allure.step(f'Отправка запроса и проверка статуса {expected_status}, проверка ошибки \"InvalidForm\"'):\n            response = owner_client.post(**get_documents_endpoint(kind=kind, kind_id=kind_id, space_id=temp_space))\n>           assert (\n                response.status_code == expected_status\n            ), f'Ожидался статус {expected_status}, но получен {response.status_code}'\nE           AssertionError: Ожидался статус 400, но получен 503\nE           assert 503 == 400\nE            +  where 503 = <Response [503]>.status_code\n\ntests/test_backend/document/test_get_documents.py:76: AssertionError","steps":[{"name":"Отправка запроса и проверка статуса 400, проверка ошибки \"InvalidForm\"","time":{"start":1762939581143,"stop":1762939581255,"duration":112},"status":"failed","statusMessage":"AssertionError: Ожидался статус 400, но получен 503\nassert 503 == 400\n +  where 503 = <Response [503]>.status_code\n","statusTrace":"  File \"/home/runner/work/autotests/autotests/tests/test_backend/document/test_get_documents.py\", line 76, in test_get_documents_invalid_inputs\n    assert (\n","steps":[],"attachments":[],"parameters":[],"stepsCount":0,"shouldDisplayMessage":true,"attachmentsCount":0,"hasContent":true,"attachmentStep":false}],"attachments":[],"parameters":[],"stepsCount":1,"shouldDisplayMessage":true,"attachmentsCount":0,"hasContent":true,"attachmentStep":false},"afterStages":[{"name":"temp_project::0","time":{"start":1762939593950,"stop":1762939593950,"duration":0},"status":"passed","steps":[],"attachments":[],"parameters":[],"stepsCount":0,"shouldDisplayMessage":false,"attachmentsCount":0,"hasContent":false,"attachmentStep":false},{"name":"temp_space::0","time":{"start":1762939593950,"stop":1762939594059,"duration":109},"status":"passed","steps":[],"attachments":[],"parameters":[],"stepsCount":0,"shouldDisplayMessage":false,"attachmentsCount":0,"hasContent":false,"attachmentStep":false}],"labels":[{"name":"tag","value":"backend"},{"name":"parentSuite","value":"tests.test_backend.document"},{"name":"suite","value":"test_get_documents"},{"name":"host","value":"runnervmw9dnm"},{"name":"thread","value":"2580-MainThread"},{"name":"framework","value":"pytest"},{"name":"language","value":"cpython3"},{"name":"package","value":"tests.test_backend.document.test_get_documents"},{"name":"resultFormat","value":"allure2"}],"parameters":[{"name":"case_id","value":"'missing kind'"},{"name":"expected_status","value":"400"},{"name":"kind","value":"None"},{"name":"kind_id","value":"'valid_project_id'"},{"name":"space_id","value":"'valid_space_id'"}],"links":[],"hidden":false,"retry":false,"extra":{"severity":"normal","retries":[],"categories":[{"name":"Product defects","matchedStatuses":[],"flaky":false}],"history":{"statistic":{"failed":3,"broken":0,"skipped":0,"passed":22,"unknown":0,"total":25},"items":[{"uid":"65378e8c6bcb4fa1","reportUrl":"https://vaizcom.github.io/autotests/431/#testresult/65378e8c6bcb4fa1","status":"passed","time":{"start":1762855692072,"stop":1762855692338,"duration":266}},{"uid":"7d46bf65ba61775c","reportUrl":"https://vaizcom.github.io/autotests/430/#testresult/7d46bf65ba61775c","status":"passed","time":{"start":1762780838305,"stop":1762780838499,"duration":194}},{"uid":"1020f3b6933d8cb9","reportUrl":"https://vaizcom.github.io/autotests/429/#testresult/1020f3b6933d8cb9","status":"passed","time":{"start":1762778990005,"stop":1762778990192,"duration":187}},{"uid":"bfa23c0fe5c16fee","reportUrl":"https://vaizcom.github.io/autotests/427/#testresult/bfa23c0fe5c16fee","status":"passed","time":{"start":1762773944269,"stop":1762773944500,"duration":231}},{"uid":"a9f8b27f6b441d8b","reportUrl":"https://vaizcom.github.io/autotests/426/#testresult/a9f8b27f6b441d8b","status":"passed","time":{"start":1762765486747,"stop":1762765486987,"duration":240}},{"uid":"c5522ece424714f","reportUrl":"https://vaizcom.github.io/autotests/425/#testresult/c5522ece424714f","status":"passed","time":{"start":1762523318534,"stop":1762523318831,"duration":297}},{"uid":"2c17d6bf403d5110","reportUrl":"https://vaizcom.github.io/autotests/424/#testresult/2c17d6bf403d5110","status":"passed","time":{"start":1762521259602,"stop":1762521259827,"duration":225}},{"uid":"cd6191b8a784c6c1","reportUrl":"https://vaizcom.github.io/autotests/424/#testresult/cd6191b8a784c6c1","status":"passed","time":{"start":1762520236221,"stop":1762520236415,"duration":194}},{"uid":"7b2c99502df13841","reportUrl":"https://vaizcom.github.io/autotests/422/#testresult/7b2c99502df13841","status":"passed","time":{"start":1762517239657,"stop":1762517239903,"duration":246}},{"uid":"3657c40e51d72b40","reportUrl":"https://vaizcom.github.io/autotests/421/#testresult/3657c40e51d72b40","status":"failed","statusDetails":"AssertionError: assert 400 == 200\n +  where 400 = <Response [400]>.status_code","time":{"start":1762514870027,"stop":1762514870027,"duration":0}},{"uid":"6b953883a274ab45","reportUrl":"https://vaizcom.github.io/autotests/420/#testresult/6b953883a274ab45","status":"passed","time":{"start":1762507726379,"stop":1762507726610,"duration":231}},{"uid":"c84bf8fb7a729b0e","reportUrl":"https://vaizcom.github.io/autotests/420/#testresult/c84bf8fb7a729b0e","status":"failed","statusDetails":"AssertionError: Ожидался статус 400, но получен 503\nassert 503 == 400\n +  where 503 = <Response [503]>.status_code","time":{"start":1762506272374,"stop":1762506272485,"duration":111}},{"uid":"d9bd38a1bc6f764f","reportUrl":"https://vaizcom.github.io/autotests/419/#testresult/d9bd38a1bc6f764f","status":"passed","time":{"start":1762505535208,"stop":1762505535385,"duration":177}},{"uid":"c8d967d2ea62d575","reportUrl":"https://vaizcom.github.io/autotests/418/#testresult/c8d967d2ea62d575","status":"passed","time":{"start":1762354514510,"stop":1762354514732,"duration":222}},{"uid":"5c213707f29ecb30","reportUrl":"https://vaizcom.github.io/autotests/417/#testresult/5c213707f29ecb30","status":"passed","time":{"start":1762353457570,"stop":1762353457816,"duration":246}},{"uid":"fd11e7e57eb0cb27","reportUrl":"https://vaizcom.github.io/autotests/416/#testresult/fd11e7e57eb0cb27","status":"passed","time":{"start":1762350045278,"stop":1762350045552,"duration":274}},{"uid":"83e1eb92f31124fa","reportUrl":"https://vaizcom.github.io/autotests/415/#testresult/83e1eb92f31124fa","status":"passed","time":{"start":1762332009304,"stop":1762332009507,"duration":203}},{"uid":"be9d52de29fc0ed9","reportUrl":"https://vaizcom.github.io/autotests/414/#testresult/be9d52de29fc0ed9","status":"passed","time":{"start":1762329072653,"stop":1762329072902,"duration":249}},{"uid":"bdb4e0d51ecad9bc","reportUrl":"https://vaizcom.github.io/autotests/413/#testresult/bdb4e0d51ecad9bc","status":"passed","time":{"start":1762270678198,"stop":1762270678440,"duration":242}},{"uid":"d7a000242ad37280","reportUrl":"https://vaizcom.github.io/autotests/412/#testresult/d7a000242ad37280","status":"passed","time":{"start":1762269905338,"stop":1762269905701,"duration":363}}]},"tags":["backend"]},"source":"a70e86b9858eb12f.json","parameterValues":["'missing kind'","400","None","'valid_project_id'","'valid_space_id'"]}