{"uid":"b68fdeeca97b7797","name":"Негативный кейс: invalid kindId","fullName":"tests.test_backend.document.test_get_documents#test_get_documents_invalid_inputs","historyId":"c5caae06a7e1393a96c99ab00f8e2a04","time":{"start":1762939580903,"stop":1762939581013,"duration":110},"status":"failed","statusMessage":"AssertionError: Ожидался статус 400, но получен 503\nassert 503 == 400\n +  where 503 = <Response [503]>.status_code","statusTrace":"owner_client = <tests.core.client.APIClient object at 0x7f0314f7fb90>\ntemp_space = '69145238d909970ad65d537f'\ntemp_project = '69145239d909970ad65d540a', kind = 'Project'\nkind_id = 'nonexistent-id', space_id = 'valid_space_id', expected_status = 400\ncase_id = 'invalid kindId'\n\n    @pytest.mark.parametrize(\n        'kind, kind_id, space_id, expected_status, case_id',\n        [\n            ('Project', 'nonexistent-id', 'valid_space_id', 400, 'invalid kindId'),\n            ('WrongKind', 'valid_project_id', 'valid_space_id', 400, 'invalid kind'),\n            (None, 'valid_project_id', 'valid_space_id', 400, 'missing kind'),\n            ('Project', None, 'valid_space_id', 400, 'missing kindId'),\n        ],\n        ids=['invalid kindId', 'invalid kind', 'missing kind', 'missing kindId'],\n    )\n    def test_get_documents_invalid_inputs(\n        owner_client, temp_space, temp_project, kind, kind_id, space_id, expected_status, case_id\n    ):\n        allure.dynamic.title(f'Негативный кейс: {case_id}')\n    \n        if kind_id == 'valid_project_id':\n            kind_id = temp_project\n    \n        with allure.step(f'Отправка запроса и проверка статуса {expected_status}, проверка ошибки \"InvalidForm\"'):\n            response = owner_client.post(**get_documents_endpoint(kind=kind, kind_id=kind_id, space_id=temp_space))\n>           assert (\n                response.status_code == expected_status\n            ), f'Ожидался статус {expected_status}, но получен {response.status_code}'\nE           AssertionError: Ожидался статус 400, но получен 503\nE           assert 503 == 400\nE            +  where 503 = <Response [503]>.status_code\n\ntests/test_backend/document/test_get_documents.py:76: AssertionError","flaky":false,"newFailed":true,"newBroken":false,"newPassed":false,"retriesCount":0,"retriesStatusChange":false,"beforeStages":[{"name":"_verify_url","time":{"start":1762939434325,"stop":1762939434325,"duration":0},"status":"passed","steps":[],"attachments":[],"parameters":[],"stepsCount":0,"shouldDisplayMessage":false,"attachmentsCount":0,"hasContent":false,"attachmentStep":false},{"name":"base_url","time":{"start":1762939434325,"stop":1762939434325,"duration":0},"status":"passed","steps":[],"attachments":[],"parameters":[],"stepsCount":0,"shouldDisplayMessage":false,"attachmentsCount":0,"hasContent":false,"attachmentStep":false},{"name":"pytestconfig","time":{"start":1762939434325,"stop":1762939434325,"duration":0},"status":"passed","steps":[],"attachments":[],"parameters":[],"stepsCount":0,"shouldDisplayMessage":false,"attachmentsCount":0,"hasContent":false,"attachmentStep":false},{"name":"delete_output_dir","time":{"start":1762939434325,"stop":1762939434325,"duration":0},"status":"passed","steps":[],"attachments":[],"parameters":[],"stepsCount":0,"shouldDisplayMessage":false,"attachmentsCount":0,"hasContent":false,"attachmentStep":false},{"name":"owner_client","time":{"start":1762939434325,"stop":1762939434769,"duration":444},"status":"passed","steps":[],"attachments":[],"parameters":[],"stepsCount":0,"shouldDisplayMessage":false,"attachmentsCount":0,"hasContent":false,"attachmentStep":false},{"name":"temp_space","time":{"start":1762939448220,"stop":1762939449028,"duration":808},"status":"passed","steps":[],"attachments":[],"parameters":[],"stepsCount":0,"shouldDisplayMessage":false,"attachmentsCount":0,"hasContent":false,"attachmentStep":false},{"name":"temp_project","time":{"start":1762939449029,"stop":1762939449541,"duration":512},"status":"passed","steps":[],"attachments":[],"parameters":[],"stepsCount":0,"shouldDisplayMessage":false,"attachmentsCount":0,"hasContent":false,"attachmentStep":false}],"testStage":{"status":"failed","statusMessage":"AssertionError: Ожидался статус 400, но получен 503\nassert 503 == 400\n +  where 503 = <Response [503]>.status_code","statusTrace":"owner_client = <tests.core.client.APIClient object at 0x7f0314f7fb90>\ntemp_space = '69145238d909970ad65d537f'\ntemp_project = '69145239d909970ad65d540a', kind = 'Project'\nkind_id = 'nonexistent-id', space_id = 'valid_space_id', expected_status = 400\ncase_id = 'invalid kindId'\n\n    @pytest.mark.parametrize(\n        'kind, kind_id, space_id, expected_status, case_id',\n        [\n            ('Project', 'nonexistent-id', 'valid_space_id', 400, 'invalid kindId'),\n            ('WrongKind', 'valid_project_id', 'valid_space_id', 400, 'invalid kind'),\n            (None, 'valid_project_id', 'valid_space_id', 400, 'missing kind'),\n            ('Project', None, 'valid_space_id', 400, 'missing kindId'),\n        ],\n        ids=['invalid kindId', 'invalid kind', 'missing kind', 'missing kindId'],\n    )\n    def test_get_documents_invalid_inputs(\n        owner_client, temp_space, temp_project, kind, kind_id, space_id, expected_status, case_id\n    ):\n        allure.dynamic.title(f'Негативный кейс: {case_id}')\n    \n        if kind_id == 'valid_project_id':\n            kind_id = temp_project\n    \n        with allure.step(f'Отправка запроса и проверка статуса {expected_status}, проверка ошибки \"InvalidForm\"'):\n            response = owner_client.post(**get_documents_endpoint(kind=kind, kind_id=kind_id, space_id=temp_space))\n>           assert (\n                response.status_code == expected_status\n            ), f'Ожидался статус {expected_status}, но получен {response.status_code}'\nE           AssertionError: Ожидался статус 400, но получен 503\nE           assert 503 == 400\nE            +  where 503 = <Response [503]>.status_code\n\ntests/test_backend/document/test_get_documents.py:76: AssertionError","steps":[{"name":"Отправка запроса и проверка статуса 400, проверка ошибки \"InvalidForm\"","time":{"start":1762939580903,"stop":1762939581012,"duration":109},"status":"failed","statusMessage":"AssertionError: Ожидался статус 400, но получен 503\nassert 503 == 400\n +  where 503 = <Response [503]>.status_code\n","statusTrace":"  File \"/home/runner/work/autotests/autotests/tests/test_backend/document/test_get_documents.py\", line 76, in test_get_documents_invalid_inputs\n    assert (\n","steps":[],"attachments":[],"parameters":[],"stepsCount":0,"shouldDisplayMessage":true,"attachmentsCount":0,"hasContent":true,"attachmentStep":false}],"attachments":[],"parameters":[],"stepsCount":1,"shouldDisplayMessage":true,"attachmentsCount":0,"hasContent":true,"attachmentStep":false},"afterStages":[{"name":"temp_project::0","time":{"start":1762939593950,"stop":1762939593950,"duration":0},"status":"passed","steps":[],"attachments":[],"parameters":[],"stepsCount":0,"shouldDisplayMessage":false,"attachmentsCount":0,"hasContent":false,"attachmentStep":false},{"name":"temp_space::0","time":{"start":1762939593950,"stop":1762939594059,"duration":109},"status":"passed","steps":[],"attachments":[],"parameters":[],"stepsCount":0,"shouldDisplayMessage":false,"attachmentsCount":0,"hasContent":false,"attachmentStep":false}],"labels":[{"name":"tag","value":"backend"},{"name":"parentSuite","value":"tests.test_backend.document"},{"name":"suite","value":"test_get_documents"},{"name":"host","value":"runnervmw9dnm"},{"name":"thread","value":"2580-MainThread"},{"name":"framework","value":"pytest"},{"name":"language","value":"cpython3"},{"name":"package","value":"tests.test_backend.document.test_get_documents"},{"name":"resultFormat","value":"allure2"}],"parameters":[{"name":"case_id","value":"'invalid kindId'"},{"name":"expected_status","value":"400"},{"name":"kind","value":"'Project'"},{"name":"kind_id","value":"'nonexistent-id'"},{"name":"space_id","value":"'valid_space_id'"}],"links":[],"hidden":false,"retry":false,"extra":{"severity":"normal","retries":[],"categories":[{"name":"Product defects","matchedStatuses":[],"flaky":false}],"history":{"statistic":{"failed":3,"broken":0,"skipped":0,"passed":22,"unknown":0,"total":25},"items":[{"uid":"7b6358d7ac990ba8","reportUrl":"https://vaizcom.github.io/autotests/431/#testresult/7b6358d7ac990ba8","status":"passed","time":{"start":1762855691539,"stop":1762855691804,"duration":265}},{"uid":"691a40c31c7d8b1d","reportUrl":"https://vaizcom.github.io/autotests/430/#testresult/691a40c31c7d8b1d","status":"passed","time":{"start":1762780837910,"stop":1762780838103,"duration":193}},{"uid":"c04f86dd5a407b4e","reportUrl":"https://vaizcom.github.io/autotests/429/#testresult/c04f86dd5a407b4e","status":"passed","time":{"start":1762778989629,"stop":1762778989814,"duration":185}},{"uid":"cb2b10b9a93f0920","reportUrl":"https://vaizcom.github.io/autotests/427/#testresult/cb2b10b9a93f0920","status":"passed","time":{"start":1762773943795,"stop":1762773944032,"duration":237}},{"uid":"e8942a566dc26310","reportUrl":"https://vaizcom.github.io/autotests/426/#testresult/e8942a566dc26310","status":"passed","time":{"start":1762765486255,"stop":1762765486498,"duration":243}},{"uid":"41274d367dcb9144","reportUrl":"https://vaizcom.github.io/autotests/425/#testresult/41274d367dcb9144","status":"passed","time":{"start":1762523317436,"stop":1762523317929,"duration":493}},{"uid":"12f01883fd0dc4da","reportUrl":"https://vaizcom.github.io/autotests/424/#testresult/12f01883fd0dc4da","status":"passed","time":{"start":1762521259145,"stop":1762521259377,"duration":232}},{"uid":"1a81339e5a3b5e36","reportUrl":"https://vaizcom.github.io/autotests/424/#testresult/1a81339e5a3b5e36","status":"passed","time":{"start":1762520235791,"stop":1762520235987,"duration":196}},{"uid":"19ca62b9cc8b238f","reportUrl":"https://vaizcom.github.io/autotests/422/#testresult/19ca62b9cc8b238f","status":"passed","time":{"start":1762517239137,"stop":1762517239406,"duration":269}},{"uid":"6c4c65e1e84fe010","reportUrl":"https://vaizcom.github.io/autotests/421/#testresult/6c4c65e1e84fe010","status":"failed","statusDetails":"AssertionError: assert 400 == 200\n +  where 400 = <Response [400]>.status_code","time":{"start":1762514870013,"stop":1762514870013,"duration":0}},{"uid":"a23c2d5f88d94add","reportUrl":"https://vaizcom.github.io/autotests/420/#testresult/a23c2d5f88d94add","status":"passed","time":{"start":1762507725822,"stop":1762507726135,"duration":313}},{"uid":"259d3f84aa600453","reportUrl":"https://vaizcom.github.io/autotests/420/#testresult/259d3f84aa600453","status":"failed","statusDetails":"AssertionError: Ожидался статус 400, но получен 503\nassert 503 == 400\n +  where 503 = <Response [503]>.status_code","time":{"start":1762506272140,"stop":1762506272250,"duration":110}},{"uid":"39f25691e441bb76","reportUrl":"https://vaizcom.github.io/autotests/419/#testresult/39f25691e441bb76","status":"passed","time":{"start":1762505534843,"stop":1762505535024,"duration":181}},{"uid":"97d45317365a0a1f","reportUrl":"https://vaizcom.github.io/autotests/418/#testresult/97d45317365a0a1f","status":"passed","time":{"start":1762354514052,"stop":1762354514277,"duration":225}},{"uid":"d88df9a710a2d923","reportUrl":"https://vaizcom.github.io/autotests/417/#testresult/d88df9a710a2d923","status":"passed","time":{"start":1762353457065,"stop":1762353457318,"duration":253}},{"uid":"c9f780b53b945e49","reportUrl":"https://vaizcom.github.io/autotests/416/#testresult/c9f780b53b945e49","status":"passed","time":{"start":1762350044637,"stop":1762350044901,"duration":264}},{"uid":"34ca61ee20627ac7","reportUrl":"https://vaizcom.github.io/autotests/415/#testresult/34ca61ee20627ac7","status":"passed","time":{"start":1762332008800,"stop":1762332009003,"duration":203}},{"uid":"74ecd96878e3177e","reportUrl":"https://vaizcom.github.io/autotests/414/#testresult/74ecd96878e3177e","status":"passed","time":{"start":1762329072142,"stop":1762329072397,"duration":255}},{"uid":"1e5c43fdca7c0dc5","reportUrl":"https://vaizcom.github.io/autotests/413/#testresult/1e5c43fdca7c0dc5","status":"passed","time":{"start":1762270677685,"stop":1762270677931,"duration":246}},{"uid":"5b1031ac2b48850a","reportUrl":"https://vaizcom.github.io/autotests/412/#testresult/5b1031ac2b48850a","status":"passed","time":{"start":1762269904378,"stop":1762269904944,"duration":566}}]},"tags":["backend"]},"source":"b68fdeeca97b7797.json","parameterValues":["'invalid kindId'","400","'Project'","'nonexistent-id'","'valid_space_id'"]}