{"uid":"e368fe3baf041b25","name":"Проверка сортировки задач по completedAt: ненулевые по возрастанию, затем null (в пределах лимита)","fullName":"tests.test_backend.task_service.get_tasks.test_get_tasks_sorting_by_completed_at_asc#test_get_tasks_sorting_by_completed_at_asc","historyId":"92c64b88ede9d2729713070025de4046","time":{"start":1762939593663,"stop":1762939593663,"duration":0},"status":"failed","statusMessage":"AssertionError: Board 6909d4141a593d8d7c3b9f91 not found: <html>\r\n  <head><title>503 Service Temporarily Unavailable</title></head>\r\n  <body>\r\n  <center><h1>503 Service Temporarily Unavailable</h1></center>\r\n  <hr><center>nginx</center>\r\n  </body>\r\n  </html>\r\n  \nassert 503 == 200\n +  where 503 = <Response [503]>.status_code","statusTrace":"main_client = <tests.core.client.APIClient object at 0x7f0314e676d0>\nmain_space = '6866309d85fb8d104544a61e'\n\n    @pytest.fixture(scope='session')\n    def board_with_tasks(main_client, main_space):\n        assert BOARD_WITH_TASKS, 'Не задана переменная окружения MAIN_BOARD_ID'\n        resp = main_client.post(**get_board_endpoint(board_id=BOARD_WITH_TASKS, space_id=main_space))\n>       assert resp.status_code == 200, f'Board {BOARD_WITH_TASKS} not found: {resp.text}'\nE       AssertionError: Board 6909d4141a593d8d7c3b9f91 not found: <html>\r\nE         <head><title>503 Service Temporarily Unavailable</title></head>\r\nE         <body>\r\nE         <center><h1>503 Service Temporarily Unavailable</h1></center>\r\nE         <hr><center>nginx</center>\r\nE         </body>\r\nE         </html>\r\nE         \nE       assert 503 == 200\nE        +  where 503 = <Response [503]>.status_code\n\ntests/conftest.py:109: AssertionError","flaky":false,"newFailed":false,"newBroken":false,"newPassed":false,"retriesCount":0,"retriesStatusChange":false,"beforeStages":[{"name":"_verify_url","time":{"start":1762939434325,"stop":1762939434325,"duration":0},"status":"passed","steps":[],"attachments":[],"parameters":[],"stepsCount":0,"shouldDisplayMessage":false,"attachmentsCount":0,"hasContent":false,"attachmentStep":false},{"name":"base_url","time":{"start":1762939434325,"stop":1762939434325,"duration":0},"status":"passed","steps":[],"attachments":[],"parameters":[],"stepsCount":0,"shouldDisplayMessage":false,"attachmentsCount":0,"hasContent":false,"attachmentStep":false},{"name":"pytestconfig","time":{"start":1762939434325,"stop":1762939434325,"duration":0},"status":"passed","steps":[],"attachments":[],"parameters":[],"stepsCount":0,"shouldDisplayMessage":false,"attachmentsCount":0,"hasContent":false,"attachmentStep":false},{"name":"delete_output_dir","time":{"start":1762939434325,"stop":1762939434325,"duration":0},"status":"passed","steps":[],"attachments":[],"parameters":[],"stepsCount":0,"shouldDisplayMessage":false,"attachmentsCount":0,"hasContent":false,"attachmentStep":false},{"name":"owner_client","time":{"start":1762939434325,"stop":1762939434769,"duration":444},"status":"passed","steps":[],"attachments":[],"parameters":[],"stepsCount":0,"shouldDisplayMessage":false,"attachmentsCount":0,"hasContent":false,"attachmentStep":false},{"name":"main_client","time":{"start":1762939436802,"stop":1762939437041,"duration":239},"status":"passed","steps":[],"attachments":[],"parameters":[],"stepsCount":0,"shouldDisplayMessage":false,"attachmentsCount":0,"hasContent":false,"attachmentStep":false},{"name":"main_space","time":{"start":1762939437042,"stop":1762939437447,"duration":405},"status":"passed","steps":[],"attachments":[],"parameters":[],"stepsCount":0,"shouldDisplayMessage":false,"attachmentsCount":0,"hasContent":false,"attachmentStep":false},{"name":"main_board","time":{"start":1762939446100,"stop":1762939446621,"duration":521},"status":"passed","steps":[],"attachments":[],"parameters":[],"stepsCount":0,"shouldDisplayMessage":false,"attachmentsCount":0,"hasContent":false,"attachmentStep":false},{"name":"board_with_tasks","time":{"start":1762939592550,"stop":1762939592843,"duration":293},"status":"failed","statusMessage":"AssertionError: Board 6909d4141a593d8d7c3b9f91 not found: <html>\r\n  <head><title>503 Service Temporarily Unavailable</title></head>\r\n  <body>\r\n  <center><h1>503 Service Temporarily Unavailable</h1></center>\r\n  <hr><center>nginx</center>\r\n  </body>\r\n  </html>\r\n  \nassert 503 == 200\n +  where 503 = <Response [503]>.status_code\n","statusTrace":"  File \"/opt/hostedtoolcache/Python/3.11.14/x64/lib/python3.11/site-packages/pluggy/_callers.py\", line 167, in _multicall\n    teardown.throw(outcome._exception)\n  File \"/opt/hostedtoolcache/Python/3.11.14/x64/lib/python3.11/site-packages/_pytest/setuponly.py\", line 36, in pytest_fixture_setup\n    return (yield)\n            ^^^^^\n  File \"/opt/hostedtoolcache/Python/3.11.14/x64/lib/python3.11/site-packages/pluggy/_callers.py\", line 103, in _multicall\n    res = hook_impl.function(*args)\n          ^^^^^^^^^^^^^^^^^^^^^^^^^\n  File \"/opt/hostedtoolcache/Python/3.11.14/x64/lib/python3.11/site-packages/_pytest/fixtures.py\", line 1140, in pytest_fixture_setup\n    result = call_fixture_func(fixturefunc, request, kwargs)\n             ^^^^^^^^^^^^^^^^^^^^^^^^^^^^^^^^^^^^^^^^^^^^^^^\n  File \"/opt/hostedtoolcache/Python/3.11.14/x64/lib/python3.11/site-packages/_pytest/fixtures.py\", line 898, in call_fixture_func\n    fixture_result = fixturefunc(**kwargs)\n                     ^^^^^^^^^^^^^^^^^^^^^\n  File \"/home/runner/work/autotests/autotests/tests/conftest.py\", line 109, in board_with_tasks\n    assert resp.status_code == 200, f'Board {BOARD_WITH_TASKS} not found: {resp.text}'\n","steps":[],"attachments":[],"parameters":[],"stepsCount":0,"shouldDisplayMessage":true,"attachmentsCount":0,"hasContent":true,"attachmentStep":false}],"afterStages":[],"labels":[{"name":"tag","value":"backend"},{"name":"parentSuite","value":"tests.test_backend.task_service.get_tasks"},{"name":"suite","value":"test_get_tasks_sorting_by_completed_at_asc"},{"name":"host","value":"runnervmw9dnm"},{"name":"thread","value":"2580-MainThread"},{"name":"framework","value":"pytest"},{"name":"language","value":"cpython3"},{"name":"package","value":"tests.test_backend.task_service.get_tasks.test_get_tasks_sorting_by_completed_at_asc"},{"name":"resultFormat","value":"allure2"}],"parameters":[],"links":[],"hidden":false,"retry":false,"extra":{"severity":"normal","retries":[],"categories":[{"name":"Product defects","matchedStatuses":[],"flaky":false}],"tags":["backend"]},"source":"e368fe3baf041b25.json","parameterValues":[]}