{"uid":"1ff0e59b017efd8c","name":"Создание проекта с пустым описанием","fullName":"tests.test_backend.project.test_project#test_project_description_empty","historyId":"d2d6b127421e881191e1b41c382cd2a9","time":{"start":1762506278303,"stop":1762506278415,"duration":112},"status":"failed","statusMessage":"AssertionError: assert 503 == 200\n +  where 503 = <Response [503]>.status_code","statusTrace":"owner_client = <tests.core.client.APIClient object at 0x7f57a4a99190>\ntemp_space = '690db5809c2d5b18c4042329'\n\n    @allure.title('Создание проекта с пустым описанием')\n    def test_project_description_empty(owner_client, temp_space):\n        description = ''\n        name = generate_project_name()\n        slug = generate_slug()\n        common_kwargs = {'color': 'blue', 'icon': 'Dot', 'space_id': temp_space}\n        with allure.step('Отправка запроса с пустым описанием проекта'):\n            response = owner_client.post(\n                **create_project_endpoint(name=name, slug=slug, description=description, **common_kwargs)\n            )\n        with allure.step('Проверка, что API вернул 200 – описание не является обязательным к заполнению'):\n>           assert response.status_code == 200\nE           assert 503 == 200\nE            +  where 503 = <Response [503]>.status_code\n\ntests/test_backend/project/test_project.py:119: AssertionError","flaky":false,"newFailed":true,"newBroken":false,"newPassed":false,"retriesCount":0,"retriesStatusChange":false,"beforeStages":[{"name":"pytestconfig","time":{"start":1762506104055,"stop":1762506104055,"duration":0},"status":"passed","steps":[],"attachments":[],"parameters":[],"stepsCount":0,"shouldDisplayMessage":false,"attachmentsCount":0,"hasContent":false,"attachmentStep":false},{"name":"delete_output_dir","time":{"start":1762506104055,"stop":1762506104055,"duration":0},"status":"passed","steps":[],"attachments":[],"parameters":[],"stepsCount":0,"shouldDisplayMessage":false,"attachmentsCount":0,"hasContent":false,"attachmentStep":false},{"name":"base_url","time":{"start":1762506104055,"stop":1762506104055,"duration":0},"status":"passed","steps":[],"attachments":[],"parameters":[],"stepsCount":0,"shouldDisplayMessage":false,"attachmentsCount":0,"hasContent":false,"attachmentStep":false},{"name":"_verify_url","time":{"start":1762506104055,"stop":1762506104055,"duration":0},"status":"passed","steps":[],"attachments":[],"parameters":[],"stepsCount":0,"shouldDisplayMessage":false,"attachmentsCount":0,"hasContent":false,"attachmentStep":false},{"name":"owner_client","time":{"start":1762506105061,"stop":1762506105490,"duration":429},"status":"passed","steps":[],"attachments":[],"parameters":[],"stepsCount":0,"shouldDisplayMessage":false,"attachmentsCount":0,"hasContent":false,"attachmentStep":false},{"name":"temp_space","time":{"start":1762506112265,"stop":1762506112751,"duration":486},"status":"passed","steps":[],"attachments":[],"parameters":[],"stepsCount":0,"shouldDisplayMessage":false,"attachmentsCount":0,"hasContent":false,"attachmentStep":false}],"testStage":{"status":"failed","statusMessage":"AssertionError: assert 503 == 200\n +  where 503 = <Response [503]>.status_code","statusTrace":"owner_client = <tests.core.client.APIClient object at 0x7f57a4a99190>\ntemp_space = '690db5809c2d5b18c4042329'\n\n    @allure.title('Создание проекта с пустым описанием')\n    def test_project_description_empty(owner_client, temp_space):\n        description = ''\n        name = generate_project_name()\n        slug = generate_slug()\n        common_kwargs = {'color': 'blue', 'icon': 'Dot', 'space_id': temp_space}\n        with allure.step('Отправка запроса с пустым описанием проекта'):\n            response = owner_client.post(\n                **create_project_endpoint(name=name, slug=slug, description=description, **common_kwargs)\n            )\n        with allure.step('Проверка, что API вернул 200 – описание не является обязательным к заполнению'):\n>           assert response.status_code == 200\nE           assert 503 == 200\nE            +  where 503 = <Response [503]>.status_code\n\ntests/test_backend/project/test_project.py:119: AssertionError","steps":[{"name":"Отправка запроса с пустым описанием проекта","time":{"start":1762506278303,"stop":1762506278415,"duration":112},"status":"passed","steps":[],"attachments":[],"parameters":[],"stepsCount":0,"shouldDisplayMessage":false,"attachmentsCount":0,"hasContent":false,"attachmentStep":false},{"name":"Проверка, что API вернул 200 – описание не является обязательным к заполнению","time":{"start":1762506278415,"stop":1762506278415,"duration":0},"status":"failed","statusMessage":"AssertionError: assert 503 == 200\n +  where 503 = <Response [503]>.status_code\n","statusTrace":"  File \"/home/runner/work/autotests/autotests/tests/test_backend/project/test_project.py\", line 119, in test_project_description_empty\n    assert response.status_code == 200\n","steps":[],"attachments":[],"parameters":[],"stepsCount":0,"shouldDisplayMessage":true,"attachmentsCount":0,"hasContent":true,"attachmentStep":false}],"attachments":[],"parameters":[],"stepsCount":2,"shouldDisplayMessage":true,"attachmentsCount":0,"hasContent":true,"attachmentStep":false},"afterStages":[{"name":"temp_space::0","time":{"start":1762506285532,"stop":1762506285641,"duration":109},"status":"passed","steps":[],"attachments":[],"parameters":[],"stepsCount":0,"shouldDisplayMessage":false,"attachmentsCount":0,"hasContent":false,"attachmentStep":false}],"labels":[{"name":"tag","value":"backend"},{"name":"parentSuite","value":"tests.test_backend.project"},{"name":"suite","value":"test_project"},{"name":"host","value":"runnervmw9dnm"},{"name":"thread","value":"2573-MainThread"},{"name":"framework","value":"pytest"},{"name":"language","value":"cpython3"},{"name":"package","value":"tests.test_backend.project.test_project"},{"name":"resultFormat","value":"allure2"}],"parameters":[],"links":[],"hidden":false,"retry":false,"extra":{"severity":"normal","retries":[],"categories":[{"name":"Product defects","matchedStatuses":[],"flaky":false}],"history":{"statistic":{"failed":1,"broken":0,"skipped":0,"passed":12,"unknown":0,"total":13},"items":[{"uid":"814f02135e28290f","reportUrl":"https://vaizcom.github.io/autotests/419/#testresult/814f02135e28290f","status":"passed","time":{"start":1762505599338,"stop":1762505599580,"duration":242}},{"uid":"6b31433f04810e9e","reportUrl":"https://vaizcom.github.io/autotests/418/#testresult/6b31433f04810e9e","status":"passed","time":{"start":1762354583251,"stop":1762354583517,"duration":266}},{"uid":"30d539caa7ab4d65","reportUrl":"https://vaizcom.github.io/autotests/417/#testresult/30d539caa7ab4d65","status":"passed","time":{"start":1762353531225,"stop":1762353531525,"duration":300}},{"uid":"faabe9abaed56381","reportUrl":"https://vaizcom.github.io/autotests/416/#testresult/faabe9abaed56381","status":"passed","time":{"start":1762350119455,"stop":1762350119780,"duration":325}},{"uid":"9405f0200d75c632","reportUrl":"https://vaizcom.github.io/autotests/415/#testresult/9405f0200d75c632","status":"passed","time":{"start":1762332073170,"stop":1762332073429,"duration":259}},{"uid":"8f6871df9b4ae16","reportUrl":"https://vaizcom.github.io/autotests/414/#testresult/8f6871df9b4ae16","status":"passed","time":{"start":1762329144153,"stop":1762329144440,"duration":287}},{"uid":"a0ad0f7ea9868a21","reportUrl":"https://vaizcom.github.io/autotests/413/#testresult/a0ad0f7ea9868a21","status":"passed","time":{"start":1762270752054,"stop":1762270752341,"duration":287}},{"uid":"31e13f1db7cb70b4","reportUrl":"https://vaizcom.github.io/autotests/412/#testresult/31e13f1db7cb70b4","status":"passed","time":{"start":1762269991636,"stop":1762269991919,"duration":283}},{"uid":"dd7299f89c26cea0","reportUrl":"https://vaizcom.github.io/autotests/411/#testresult/dd7299f89c26cea0","status":"passed","time":{"start":1762269894367,"stop":1762269894668,"duration":301}},{"uid":"f1dd5904876bc35c","reportUrl":"https://vaizcom.github.io/autotests/410/#testresult/f1dd5904876bc35c","status":"passed","time":{"start":1762269636597,"stop":1762269636922,"duration":325}},{"uid":"63c27af4723fdb51","reportUrl":"https://vaizcom.github.io/autotests/409/#testresult/63c27af4723fdb51","status":"passed","time":{"start":1762268963736,"stop":1762268964000,"duration":264}},{"uid":"b8fb8e31040a14ce","reportUrl":"https://vaizcom.github.io/autotests/408/#testresult/b8fb8e31040a14ce","status":"passed","time":{"start":1762245373369,"stop":1762245373681,"duration":312}}]},"tags":["backend"]},"source":"1ff0e59b017efd8c.json","parameterValues":[]}