{"uid":"2c6818b488260ca0","name":"Тестирование получения задач(get_tasks) под разными ролями с валидацией набора полей и типов","fullName":"tests.test_backend.task_service.get_tasks.access_get_tasks.test_get_tasks#test_get_tasks_access_by_role","historyId":"f908077b79addf61dcb49ecfed7d6cc7","time":{"start":1762506285495,"stop":1762506285495,"duration":0},"status":"failed","statusMessage":"AssertionError: Board 6909d4141a593d8d7c3b9f91 not found: <html>\r\n  <head><title>503 Service Temporarily Unavailable</title></head>\r\n  <body>\r\n  <center><h1>503 Service Temporarily Unavailable</h1></center>\r\n  <hr><center>nginx</center>\r\n  </body>\r\n  </html>\r\n  \nassert 503 == 200\n +  where 503 = <Response [503]>.status_code","statusTrace":"main_client = <tests.core.client.APIClient object at 0x7f57a4d06550>\nmain_space = '6866309d85fb8d104544a61e'\n\n    @pytest.fixture(scope='session')\n    def board_with_tasks(main_client, main_space):\n        assert BOARD_WITH_TASKS, 'Не задана переменная окружения MAIN_BOARD_ID'\n        resp = main_client.post(**get_board_endpoint(board_id=BOARD_WITH_TASKS, space_id=main_space))\n>       assert resp.status_code == 200, f'Board {BOARD_WITH_TASKS} not found: {resp.text}'\nE       AssertionError: Board 6909d4141a593d8d7c3b9f91 not found: <html>\r\nE         <head><title>503 Service Temporarily Unavailable</title></head>\r\nE         <body>\r\nE         <center><h1>503 Service Temporarily Unavailable</h1></center>\r\nE         <hr><center>nginx</center>\r\nE         </body>\r\nE         </html>\r\nE         \nE       assert 503 == 200\nE        +  where 503 = <Response [503]>.status_code\n\ntests/conftest.py:109: AssertionError","flaky":false,"newFailed":false,"newBroken":false,"newPassed":false,"retriesCount":0,"retriesStatusChange":false,"beforeStages":[{"name":"pytestconfig","time":{"start":1762506104055,"stop":1762506104055,"duration":0},"status":"passed","steps":[],"attachments":[],"parameters":[],"stepsCount":0,"shouldDisplayMessage":false,"attachmentsCount":0,"hasContent":false,"attachmentStep":false},{"name":"delete_output_dir","time":{"start":1762506104055,"stop":1762506104055,"duration":0},"status":"passed","steps":[],"attachments":[],"parameters":[],"stepsCount":0,"shouldDisplayMessage":false,"attachmentsCount":0,"hasContent":false,"attachmentStep":false},{"name":"base_url","time":{"start":1762506104055,"stop":1762506104055,"duration":0},"status":"passed","steps":[],"attachments":[],"parameters":[],"stepsCount":0,"shouldDisplayMessage":false,"attachmentsCount":0,"hasContent":false,"attachmentStep":false},{"name":"_verify_url","time":{"start":1762506104055,"stop":1762506104055,"duration":0},"status":"passed","steps":[],"attachments":[],"parameters":[],"stepsCount":0,"shouldDisplayMessage":false,"attachmentsCount":0,"hasContent":false,"attachmentStep":false},{"name":"main_client","time":{"start":1762506104056,"stop":1762506104470,"duration":414},"status":"passed","steps":[],"attachments":[],"parameters":[],"stepsCount":0,"shouldDisplayMessage":false,"attachmentsCount":0,"hasContent":false,"attachmentStep":false},{"name":"main_space","time":{"start":1762506104470,"stop":1762506104874,"duration":404},"status":"passed","steps":[],"attachments":[],"parameters":[],"stepsCount":0,"shouldDisplayMessage":false,"attachmentsCount":0,"hasContent":false,"attachmentStep":false},{"name":"board_with_tasks","time":{"start":1762506284412,"stop":1762506284718,"duration":306},"status":"failed","statusMessage":"AssertionError: Board 6909d4141a593d8d7c3b9f91 not found: <html>\r\n  <head><title>503 Service Temporarily Unavailable</title></head>\r\n  <body>\r\n  <center><h1>503 Service Temporarily Unavailable</h1></center>\r\n  <hr><center>nginx</center>\r\n  </body>\r\n  </html>\r\n  \nassert 503 == 200\n +  where 503 = <Response [503]>.status_code\n","statusTrace":"  File \"/opt/hostedtoolcache/Python/3.11.14/x64/lib/python3.11/site-packages/pluggy/_callers.py\", line 167, in _multicall\n    teardown.throw(outcome._exception)\n  File \"/opt/hostedtoolcache/Python/3.11.14/x64/lib/python3.11/site-packages/_pytest/setuponly.py\", line 36, in pytest_fixture_setup\n    return (yield)\n            ^^^^^\n  File \"/opt/hostedtoolcache/Python/3.11.14/x64/lib/python3.11/site-packages/pluggy/_callers.py\", line 103, in _multicall\n    res = hook_impl.function(*args)\n          ^^^^^^^^^^^^^^^^^^^^^^^^^\n  File \"/opt/hostedtoolcache/Python/3.11.14/x64/lib/python3.11/site-packages/_pytest/fixtures.py\", line 1140, in pytest_fixture_setup\n    result = call_fixture_func(fixturefunc, request, kwargs)\n             ^^^^^^^^^^^^^^^^^^^^^^^^^^^^^^^^^^^^^^^^^^^^^^^\n  File \"/opt/hostedtoolcache/Python/3.11.14/x64/lib/python3.11/site-packages/_pytest/fixtures.py\", line 898, in call_fixture_func\n    fixture_result = fixturefunc(**kwargs)\n                     ^^^^^^^^^^^^^^^^^^^^^\n  File \"/home/runner/work/autotests/autotests/tests/conftest.py\", line 109, in board_with_tasks\n    assert resp.status_code == 200, f'Board {BOARD_WITH_TASKS} not found: {resp.text}'\n","steps":[],"attachments":[],"parameters":[],"stepsCount":0,"shouldDisplayMessage":true,"attachmentsCount":0,"hasContent":true,"attachmentStep":false}],"afterStages":[],"labels":[{"name":"tag","value":"backend"},{"name":"parentSuite","value":"tests.test_backend.task_service.get_tasks.access_get_tasks"},{"name":"suite","value":"test_get_tasks"},{"name":"host","value":"runnervmw9dnm"},{"name":"thread","value":"2573-MainThread"},{"name":"framework","value":"pytest"},{"name":"language","value":"cpython3"},{"name":"package","value":"tests.test_backend.task_service.get_tasks.access_get_tasks.test_get_tasks"},{"name":"resultFormat","value":"allure2"}],"parameters":[{"name":"client_fixture","value":"'guest_client'"},{"name":"expected_status","value":"200"}],"links":[],"hidden":false,"retry":false,"extra":{"severity":"normal","retries":[],"categories":[{"name":"Product defects","matchedStatuses":[],"flaky":false}],"tags":["backend"]},"source":"2c6818b488260ca0.json","parameterValues":["'guest_client'","200"]}