{"uid":"4f1a49f6f283262","name":"Создание дочерних документов, Проверка status_code и title","fullName":"tests.test_backend.document.test_create_document#test_create_child_document","historyId":"8dfd68a0d37cac35e98a7cbdff4110df","time":{"start":1762506265929,"stop":1762506266035,"duration":106},"status":"failed","statusMessage":"AssertionError: assert 503 == 200\n +  where 503 = <Response [503]>.status_code","statusTrace":"owner_client = <tests.core.client.APIClient object at 0x7f57a4a99190>\ntemp_space = '690db5809c2d5b18c4042329'\ntemp_project = '690db5819c2d5b18c40423b4'\n\n    @allure.title('Создание дочерних документов, Проверка status_code и title')\n    def test_create_child_document(owner_client, temp_space, temp_project):\n        with allure.step('1. Создание родительского документа'):\n            parent_title = 'Parent Doc'\n            parent_resp = owner_client.post(\n                **create_document_endpoint(kind='Project', kind_id=temp_project, space_id=temp_space, title=parent_title)\n            )\n>           assert parent_resp.status_code == 200\nE           assert 503 == 200\nE            +  where 503 = <Response [503]>.status_code\n\ntests/test_backend/document/test_create_document.py:125: AssertionError","flaky":false,"newFailed":true,"newBroken":false,"newPassed":false,"retriesCount":0,"retriesStatusChange":false,"beforeStages":[{"name":"pytestconfig","time":{"start":1762506104055,"stop":1762506104055,"duration":0},"status":"passed","steps":[],"attachments":[],"parameters":[],"stepsCount":0,"shouldDisplayMessage":false,"attachmentsCount":0,"hasContent":false,"attachmentStep":false},{"name":"delete_output_dir","time":{"start":1762506104055,"stop":1762506104055,"duration":0},"status":"passed","steps":[],"attachments":[],"parameters":[],"stepsCount":0,"shouldDisplayMessage":false,"attachmentsCount":0,"hasContent":false,"attachmentStep":false},{"name":"base_url","time":{"start":1762506104055,"stop":1762506104055,"duration":0},"status":"passed","steps":[],"attachments":[],"parameters":[],"stepsCount":0,"shouldDisplayMessage":false,"attachmentsCount":0,"hasContent":false,"attachmentStep":false},{"name":"_verify_url","time":{"start":1762506104055,"stop":1762506104055,"duration":0},"status":"passed","steps":[],"attachments":[],"parameters":[],"stepsCount":0,"shouldDisplayMessage":false,"attachmentsCount":0,"hasContent":false,"attachmentStep":false},{"name":"owner_client","time":{"start":1762506105061,"stop":1762506105490,"duration":429},"status":"passed","steps":[],"attachments":[],"parameters":[],"stepsCount":0,"shouldDisplayMessage":false,"attachmentsCount":0,"hasContent":false,"attachmentStep":false},{"name":"temp_space","time":{"start":1762506112265,"stop":1762506112751,"duration":486},"status":"passed","steps":[],"attachments":[],"parameters":[],"stepsCount":0,"shouldDisplayMessage":false,"attachmentsCount":0,"hasContent":false,"attachmentStep":false},{"name":"temp_project","time":{"start":1762506112751,"stop":1762506113205,"duration":454},"status":"passed","steps":[],"attachments":[],"parameters":[],"stepsCount":0,"shouldDisplayMessage":false,"attachmentsCount":0,"hasContent":false,"attachmentStep":false}],"testStage":{"status":"failed","statusMessage":"AssertionError: assert 503 == 200\n +  where 503 = <Response [503]>.status_code","statusTrace":"owner_client = <tests.core.client.APIClient object at 0x7f57a4a99190>\ntemp_space = '690db5809c2d5b18c4042329'\ntemp_project = '690db5819c2d5b18c40423b4'\n\n    @allure.title('Создание дочерних документов, Проверка status_code и title')\n    def test_create_child_document(owner_client, temp_space, temp_project):\n        with allure.step('1. Создание родительского документа'):\n            parent_title = 'Parent Doc'\n            parent_resp = owner_client.post(\n                **create_document_endpoint(kind='Project', kind_id=temp_project, space_id=temp_space, title=parent_title)\n            )\n>           assert parent_resp.status_code == 200\nE           assert 503 == 200\nE            +  where 503 = <Response [503]>.status_code\n\ntests/test_backend/document/test_create_document.py:125: AssertionError","steps":[{"name":"1. Создание родительского документа","time":{"start":1762506265929,"stop":1762506266035,"duration":106},"status":"failed","statusMessage":"AssertionError: assert 503 == 200\n +  where 503 = <Response [503]>.status_code\n","statusTrace":"  File \"/home/runner/work/autotests/autotests/tests/test_backend/document/test_create_document.py\", line 125, in test_create_child_document\n    assert parent_resp.status_code == 200\n","steps":[],"attachments":[],"parameters":[],"stepsCount":0,"shouldDisplayMessage":true,"attachmentsCount":0,"hasContent":true,"attachmentStep":false}],"attachments":[],"parameters":[],"stepsCount":1,"shouldDisplayMessage":true,"attachmentsCount":0,"hasContent":true,"attachmentStep":false},"afterStages":[{"name":"temp_project::0","time":{"start":1762506285531,"stop":1762506285531,"duration":0},"status":"passed","steps":[],"attachments":[],"parameters":[],"stepsCount":0,"shouldDisplayMessage":false,"attachmentsCount":0,"hasContent":false,"attachmentStep":false},{"name":"temp_space::0","time":{"start":1762506285532,"stop":1762506285641,"duration":109},"status":"passed","steps":[],"attachments":[],"parameters":[],"stepsCount":0,"shouldDisplayMessage":false,"attachmentsCount":0,"hasContent":false,"attachmentStep":false}],"labels":[{"name":"tag","value":"backend"},{"name":"parentSuite","value":"tests.test_backend.document"},{"name":"suite","value":"test_create_document"},{"name":"host","value":"runnervmw9dnm"},{"name":"thread","value":"2573-MainThread"},{"name":"framework","value":"pytest"},{"name":"language","value":"cpython3"},{"name":"package","value":"tests.test_backend.document.test_create_document"},{"name":"resultFormat","value":"allure2"}],"parameters":[],"links":[],"hidden":false,"retry":false,"extra":{"severity":"normal","retries":[],"categories":[{"name":"Product defects","matchedStatuses":[],"flaky":false}],"history":{"statistic":{"failed":1,"broken":0,"skipped":0,"passed":12,"unknown":0,"total":13},"items":[{"uid":"f565ae1d9083de9f","reportUrl":"https://vaizcom.github.io/autotests/419/#testresult/f565ae1d9083de9f","status":"passed","time":{"start":1762505491577,"stop":1762505492374,"duration":797}},{"uid":"18350c9dead75599","reportUrl":"https://vaizcom.github.io/autotests/418/#testresult/18350c9dead75599","status":"passed","time":{"start":1762354470217,"stop":1762354471044,"duration":827}},{"uid":"58daae7ee0e017a3","reportUrl":"https://vaizcom.github.io/autotests/417/#testresult/58daae7ee0e017a3","status":"passed","time":{"start":1762353410171,"stop":1762353411046,"duration":875}},{"uid":"6db5a09aea9f461f","reportUrl":"https://vaizcom.github.io/autotests/416/#testresult/6db5a09aea9f461f","status":"passed","time":{"start":1762349999631,"stop":1762350000601,"duration":970}},{"uid":"cf2fa68ba0daacea","reportUrl":"https://vaizcom.github.io/autotests/415/#testresult/cf2fa68ba0daacea","status":"passed","time":{"start":1762331969476,"stop":1762331970221,"duration":745}},{"uid":"728243b7c6579f15","reportUrl":"https://vaizcom.github.io/autotests/414/#testresult/728243b7c6579f15","status":"passed","time":{"start":1762329024054,"stop":1762329024984,"duration":930}},{"uid":"59962c7110f475e1","reportUrl":"https://vaizcom.github.io/autotests/413/#testresult/59962c7110f475e1","status":"passed","time":{"start":1762270633394,"stop":1762270634282,"duration":888}},{"uid":"4f2f0d71359fc844","reportUrl":"https://vaizcom.github.io/autotests/412/#testresult/4f2f0d71359fc844","status":"passed","time":{"start":1762269849307,"stop":1762269850737,"duration":1430}},{"uid":"e9f3c3991c65b8ad","reportUrl":"https://vaizcom.github.io/autotests/411/#testresult/e9f3c3991c65b8ad","status":"passed","time":{"start":1762269723234,"stop":1762269725856,"duration":2622}},{"uid":"1dede9f0fc8ff084","reportUrl":"https://vaizcom.github.io/autotests/410/#testresult/1dede9f0fc8ff084","status":"passed","time":{"start":1762269490888,"stop":1762269491994,"duration":1106}},{"uid":"504972afb77161a9","reportUrl":"https://vaizcom.github.io/autotests/409/#testresult/504972afb77161a9","status":"passed","time":{"start":1762268854531,"stop":1762268855302,"duration":771}},{"uid":"384e6b28f284666e","reportUrl":"https://vaizcom.github.io/autotests/408/#testresult/384e6b28f284666e","status":"passed","time":{"start":1762245245547,"stop":1762245246550,"duration":1003}}]},"tags":["backend"]},"source":"4f1a49f6f283262.json","parameterValues":[]}