{"uid":"596c1fc2d512e3d","name":"Archive/Unarchive project: Проверка архивации и разархивации проекта по ролям","fullName":"tests.test_backend.project.access_project.test_archive_unarchive_project#test_archive_unarchive_project","historyId":"d2c6afabda91faffdc0d9ad8e52b321d","time":{"start":1768298701221,"stop":1768298701221,"duration":0},"status":"failed","statusMessage":"AssertionError: Space 693fe53af55da7e1e4ca99f7 not found: <html>\r\n  <head><title>503 Service Temporarily Unavailable</title></head>\r\n  <body>\r\n  <center><h1>503 Service Temporarily Unavailable</h1></center>\r\n  <hr><center>nginx</center>\r\n  </body>\r\n  </html>\r\n  \nassert 503 == 200\n +  where 503 = <Response [503]>.status_code","statusTrace":"main_client = <tests.core.client.APIClient object at 0x7f78edebb4d0>\nmain_space = '6866309d85fb8d104544a61e'\n\n    @pytest.fixture(scope='session')\n    def main_project_2(main_client, main_space):\n        assert MAIN_PROJECT_2_ID, 'Не задана переменная окружения MAIN_PROJECT_2_ID'\n        resp = main_client.post(**get_project_endpoint(project_id=MAIN_PROJECT_2_ID, space_id=main_space))\n>       assert resp.status_code == 200, f'Space {MAIN_PROJECT_2_ID} not found: {resp.text}'\nE       AssertionError: Space 693fe53af55da7e1e4ca99f7 not found: <html>\r\nE         <head><title>503 Service Temporarily Unavailable</title></head>\r\nE         <body>\r\nE         <center><h1>503 Service Temporarily Unavailable</h1></center>\r\nE         <hr><center>nginx</center>\r\nE         </body>\r\nE         </html>\r\nE         \nE       assert 503 == 200\nE        +  where 503 = <Response [503]>.status_code\n\ntests/conftest.py:113: AssertionError","flaky":false,"newFailed":true,"newBroken":false,"newPassed":false,"retriesCount":0,"retriesStatusChange":false,"beforeStages":[{"name":"owner_client","time":{"start":1768298486051,"stop":1768298486554,"duration":503},"status":"passed","steps":[],"attachments":[],"parameters":[],"stepsCount":0,"shouldDisplayMessage":false,"attachmentsCount":0,"hasContent":false,"attachmentStep":false},{"name":"_verify_url","time":{"start":1768298486051,"stop":1768298486051,"duration":0},"status":"passed","steps":[],"attachments":[],"parameters":[],"stepsCount":0,"shouldDisplayMessage":false,"attachmentsCount":0,"hasContent":false,"attachmentStep":false},{"name":"pytestconfig","time":{"start":1768298486051,"stop":1768298486051,"duration":0},"status":"passed","steps":[],"attachments":[],"parameters":[],"stepsCount":0,"shouldDisplayMessage":false,"attachmentsCount":0,"hasContent":false,"attachmentStep":false},{"name":"base_url","time":{"start":1768298486051,"stop":1768298486051,"duration":0},"status":"passed","steps":[],"attachments":[],"parameters":[],"stepsCount":0,"shouldDisplayMessage":false,"attachmentsCount":0,"hasContent":false,"attachmentStep":false},{"name":"delete_output_dir","time":{"start":1768298486051,"stop":1768298486051,"duration":0},"status":"passed","steps":[],"attachments":[],"parameters":[],"stepsCount":0,"shouldDisplayMessage":false,"attachmentsCount":0,"hasContent":false,"attachmentStep":false},{"name":"main_client","time":{"start":1768298488144,"stop":1768298488609,"duration":465},"status":"passed","steps":[],"attachments":[],"parameters":[],"stepsCount":0,"shouldDisplayMessage":false,"attachmentsCount":0,"hasContent":false,"attachmentStep":false},{"name":"main_space","time":{"start":1768298488609,"stop":1768298489052,"duration":443},"status":"passed","steps":[],"attachments":[],"parameters":[],"stepsCount":0,"shouldDisplayMessage":false,"attachmentsCount":0,"hasContent":false,"attachmentStep":false},{"name":"main_project_2","time":{"start":1768298700850,"stop":1768298701204,"duration":354},"status":"failed","statusMessage":"AssertionError: Space 693fe53af55da7e1e4ca99f7 not found: <html>\r\n  <head><title>503 Service Temporarily Unavailable</title></head>\r\n  <body>\r\n  <center><h1>503 Service Temporarily Unavailable</h1></center>\r\n  <hr><center>nginx</center>\r\n  </body>\r\n  </html>\r\n  \nassert 503 == 200\n +  where 503 = <Response [503]>.status_code\n","statusTrace":"  File \"/opt/hostedtoolcache/Python/3.11.14/x64/lib/python3.11/site-packages/pluggy/_callers.py\", line 167, in _multicall\n    teardown.throw(outcome._exception)\n  File \"/opt/hostedtoolcache/Python/3.11.14/x64/lib/python3.11/site-packages/_pytest/setuponly.py\", line 36, in pytest_fixture_setup\n    return (yield)\n            ^^^^^\n  File \"/opt/hostedtoolcache/Python/3.11.14/x64/lib/python3.11/site-packages/pluggy/_callers.py\", line 103, in _multicall\n    res = hook_impl.function(*args)\n          ^^^^^^^^^^^^^^^^^^^^^^^^^\n  File \"/opt/hostedtoolcache/Python/3.11.14/x64/lib/python3.11/site-packages/_pytest/fixtures.py\", line 1140, in pytest_fixture_setup\n    result = call_fixture_func(fixturefunc, request, kwargs)\n             ^^^^^^^^^^^^^^^^^^^^^^^^^^^^^^^^^^^^^^^^^^^^^^^\n  File \"/opt/hostedtoolcache/Python/3.11.14/x64/lib/python3.11/site-packages/_pytest/fixtures.py\", line 898, in call_fixture_func\n    fixture_result = fixturefunc(**kwargs)\n                     ^^^^^^^^^^^^^^^^^^^^^\n  File \"/home/runner/work/autotests/autotests/tests/conftest.py\", line 113, in main_project_2\n    assert resp.status_code == 200, f'Space {MAIN_PROJECT_2_ID} not found: {resp.text}'\n","steps":[],"attachments":[],"parameters":[],"stepsCount":0,"shouldDisplayMessage":true,"attachmentsCount":0,"hasContent":true,"attachmentStep":false}],"afterStages":[],"labels":[{"name":"suite","value":"Access project"},{"name":"parentSuite","value":"Project Service"},{"name":"tag","value":"backend"},{"name":"host","value":"runnervmi13qx"},{"name":"thread","value":"2651-MainThread"},{"name":"framework","value":"pytest"},{"name":"language","value":"cpython3"},{"name":"package","value":"tests.test_backend.project.access_project.test_archive_unarchive_project"},{"name":"resultFormat","value":"allure2"}],"parameters":[{"name":"client_fixture","value":"'member_client'"},{"name":"expected_status","value":"403"}],"links":[],"hidden":false,"retry":false,"extra":{"severity":"normal","retries":[],"categories":[{"name":"Product defects","matchedStatuses":[],"flaky":false}],"history":{"statistic":{"failed":1,"broken":0,"skipped":0,"passed":23,"unknown":0,"total":24},"items":[{"uid":"a703d8f2e101fc13","reportUrl":"https://vaizcom.github.io/autotests/529/#testresult/a703d8f2e101fc13","status":"passed","time":{"start":1767850001113,"stop":1767850003247,"duration":2134}},{"uid":"4a1efee981ad22f8","reportUrl":"https://vaizcom.github.io/autotests/528/#testresult/4a1efee981ad22f8","status":"passed","time":{"start":1766507897157,"stop":1766507899069,"duration":1912}},{"uid":"40a4287b23dbc4d2","reportUrl":"https://vaizcom.github.io/autotests/527/#testresult/40a4287b23dbc4d2","status":"passed","time":{"start":1766506549230,"stop":1766506551626,"duration":2396}},{"uid":"37d5ca406a3c98ca","reportUrl":"https://vaizcom.github.io/autotests/526/#testresult/37d5ca406a3c98ca","status":"passed","time":{"start":1766505401546,"stop":1766505403604,"duration":2058}},{"uid":"885332a69deb69fc","reportUrl":"https://vaizcom.github.io/autotests/525/#testresult/885332a69deb69fc","status":"passed","time":{"start":1766504320958,"stop":1766504322836,"duration":1878}},{"uid":"d5521af5c73a5388","reportUrl":"https://vaizcom.github.io/autotests/524/#testresult/d5521af5c73a5388","status":"passed","time":{"start":1766503082187,"stop":1766503083954,"duration":1767}},{"uid":"bca9736465677dad","reportUrl":"https://vaizcom.github.io/autotests/523/#testresult/bca9736465677dad","status":"passed","time":{"start":1766497225648,"stop":1766497227343,"duration":1695}},{"uid":"aa5dd81cdedaefa2","reportUrl":"https://vaizcom.github.io/autotests/522/#testresult/aa5dd81cdedaefa2","status":"passed","time":{"start":1766488872071,"stop":1766488873816,"duration":1745}},{"uid":"5d03c5e6667af734","reportUrl":"https://vaizcom.github.io/autotests/521/#testresult/5d03c5e6667af734","status":"passed","time":{"start":1766487469984,"stop":1766487472520,"duration":2536}},{"uid":"ef55eb0f51870e4c","reportUrl":"https://vaizcom.github.io/autotests/520/#testresult/ef55eb0f51870e4c","status":"passed","time":{"start":1766412356265,"stop":1766412357893,"duration":1628}},{"uid":"4011f3ea5e45f645","reportUrl":"https://vaizcom.github.io/autotests/519/#testresult/4011f3ea5e45f645","status":"passed","time":{"start":1766406309996,"stop":1766406311680,"duration":1684}},{"uid":"8351e9ebcd41d5f4","reportUrl":"https://vaizcom.github.io/autotests/518/#testresult/8351e9ebcd41d5f4","status":"passed","time":{"start":1766403978270,"stop":1766403980257,"duration":1987}},{"uid":"5ac0c4c4f94966ca","reportUrl":"https://vaizcom.github.io/autotests/517/#testresult/5ac0c4c4f94966ca","status":"passed","time":{"start":1766402571008,"stop":1766402572898,"duration":1890}},{"uid":"7385a9fd647830e8","reportUrl":"https://vaizcom.github.io/autotests/516/#testresult/7385a9fd647830e8","status":"passed","time":{"start":1766067488084,"stop":1766067490055,"duration":1971}},{"uid":"a8a7a37cfc55a8ab","reportUrl":"https://vaizcom.github.io/autotests/515/#testresult/a8a7a37cfc55a8ab","status":"passed","time":{"start":1766042901966,"stop":1766042903440,"duration":1474}},{"uid":"146b707cc563e50c","reportUrl":"https://vaizcom.github.io/autotests/514/#testresult/146b707cc563e50c","status":"passed","time":{"start":1765984295411,"stop":1765984297790,"duration":2379}},{"uid":"b45937ddd25be247","reportUrl":"https://vaizcom.github.io/autotests/513/#testresult/b45937ddd25be247","status":"passed","time":{"start":1765975626025,"stop":1765975627694,"duration":1669}},{"uid":"eb4a365ae92881f5","reportUrl":"https://vaizcom.github.io/autotests/512/#testresult/eb4a365ae92881f5","status":"passed","time":{"start":1765891835592,"stop":1765891838186,"duration":2594}},{"uid":"62567d9bf78e5196","reportUrl":"https://vaizcom.github.io/autotests/511/#testresult/62567d9bf78e5196","status":"passed","time":{"start":1765890027848,"stop":1765890029725,"duration":1877}},{"uid":"429d836182ed5e52","reportUrl":"https://vaizcom.github.io/autotests/510/#testresult/429d836182ed5e52","status":"passed","time":{"start":1765881188963,"stop":1765881191054,"duration":2091}}]},"tags":["backend"]},"source":"596c1fc2d512e3d.json","parameterValues":["'member_client'","403"]}