{"uid":"677ff14c956e3ad1","name":"Validation project: Создание проекта с пустым описанием","fullName":"tests.test_backend.project.Validation.test_project_description#test_project_description_empty","historyId":"a68079141975de6a9a5b8bd55df9d862","time":{"start":1768298699957,"stop":1768298700083,"duration":126},"status":"failed","statusMessage":"AssertionError: assert 503 == 200\n +  where 503 = <Response [503]>.status_code","statusTrace":"owner_client = <tests.core.client.APIClient object at 0x7f78edeb3e50>\ntemp_space = '696617fe3f4e1998752138fd'\n\n    @allure.parent_suite(\"Project Service\")\n    @allure.suite(\"Validation project\")\n    @allure.title('Validation project: Создание проекта с пустым описанием')\n    def test_project_description_empty(owner_client, temp_space):\n        description = ''\n        name = generate_project_name()\n        slug = generate_slug()\n        common_kwargs = {'color': 'blue', 'icon': 'Dot', 'space_id': temp_space}\n        with allure.step('Отправка запроса с пустым описанием проекта'):\n            response = owner_client.post(\n                **create_project_endpoint(name=name, slug=slug, description=description, **common_kwargs)\n            )\n        with allure.step('Проверка, что API вернул 200 – описание не является обязательным к заполнению'):\n>           assert response.status_code == 200\nE           assert 503 == 200\nE            +  where 503 = <Response [503]>.status_code\n\ntests/test_backend/project/Validation/test_project_description.py:37: AssertionError","flaky":false,"newFailed":true,"newBroken":false,"newPassed":false,"retriesCount":0,"retriesStatusChange":false,"beforeStages":[{"name":"owner_client","time":{"start":1768298486051,"stop":1768298486554,"duration":503},"status":"passed","steps":[],"attachments":[],"parameters":[],"stepsCount":0,"shouldDisplayMessage":false,"attachmentsCount":0,"hasContent":false,"attachmentStep":false},{"name":"_verify_url","time":{"start":1768298486051,"stop":1768298486051,"duration":0},"status":"passed","steps":[],"attachments":[],"parameters":[],"stepsCount":0,"shouldDisplayMessage":false,"attachmentsCount":0,"hasContent":false,"attachmentStep":false},{"name":"pytestconfig","time":{"start":1768298486051,"stop":1768298486051,"duration":0},"status":"passed","steps":[],"attachments":[],"parameters":[],"stepsCount":0,"shouldDisplayMessage":false,"attachmentsCount":0,"hasContent":false,"attachmentStep":false},{"name":"base_url","time":{"start":1768298486051,"stop":1768298486051,"duration":0},"status":"passed","steps":[],"attachments":[],"parameters":[],"stepsCount":0,"shouldDisplayMessage":false,"attachmentsCount":0,"hasContent":false,"attachmentStep":false},{"name":"delete_output_dir","time":{"start":1768298486051,"stop":1768298486051,"duration":0},"status":"passed","steps":[],"attachments":[],"parameters":[],"stepsCount":0,"shouldDisplayMessage":false,"attachmentsCount":0,"hasContent":false,"attachmentStep":false},{"name":"temp_space","time":{"start":1768298494378,"stop":1768298494959,"duration":581},"status":"passed","steps":[],"attachments":[],"parameters":[],"stepsCount":0,"shouldDisplayMessage":false,"attachmentsCount":0,"hasContent":false,"attachmentStep":false}],"testStage":{"status":"failed","statusMessage":"AssertionError: assert 503 == 200\n +  where 503 = <Response [503]>.status_code","statusTrace":"owner_client = <tests.core.client.APIClient object at 0x7f78edeb3e50>\ntemp_space = '696617fe3f4e1998752138fd'\n\n    @allure.parent_suite(\"Project Service\")\n    @allure.suite(\"Validation project\")\n    @allure.title('Validation project: Создание проекта с пустым описанием')\n    def test_project_description_empty(owner_client, temp_space):\n        description = ''\n        name = generate_project_name()\n        slug = generate_slug()\n        common_kwargs = {'color': 'blue', 'icon': 'Dot', 'space_id': temp_space}\n        with allure.step('Отправка запроса с пустым описанием проекта'):\n            response = owner_client.post(\n                **create_project_endpoint(name=name, slug=slug, description=description, **common_kwargs)\n            )\n        with allure.step('Проверка, что API вернул 200 – описание не является обязательным к заполнению'):\n>           assert response.status_code == 200\nE           assert 503 == 200\nE            +  where 503 = <Response [503]>.status_code\n\ntests/test_backend/project/Validation/test_project_description.py:37: AssertionError","steps":[{"name":"Отправка запроса с пустым описанием проекта","time":{"start":1768298699957,"stop":1768298700082,"duration":125},"status":"passed","steps":[],"attachments":[],"parameters":[],"stepsCount":0,"shouldDisplayMessage":false,"attachmentsCount":0,"hasContent":false,"attachmentStep":false},{"name":"Проверка, что API вернул 200 – описание не является обязательным к заполнению","time":{"start":1768298700082,"stop":1768298700083,"duration":1},"status":"failed","statusMessage":"AssertionError: assert 503 == 200\n +  where 503 = <Response [503]>.status_code\n","statusTrace":"  File \"/home/runner/work/autotests/autotests/tests/test_backend/project/Validation/test_project_description.py\", line 37, in test_project_description_empty\n    assert response.status_code == 200\n","steps":[],"attachments":[],"parameters":[],"stepsCount":0,"shouldDisplayMessage":true,"attachmentsCount":0,"hasContent":true,"attachmentStep":false}],"attachments":[],"parameters":[],"stepsCount":2,"shouldDisplayMessage":true,"attachmentsCount":0,"hasContent":true,"attachmentStep":false},"afterStages":[{"name":"temp_space::0","time":{"start":1768298720251,"stop":1768298720369,"duration":118},"status":"passed","steps":[],"attachments":[],"parameters":[],"stepsCount":0,"shouldDisplayMessage":false,"attachmentsCount":0,"hasContent":false,"attachmentStep":false}],"labels":[{"name":"suite","value":"Validation project"},{"name":"parentSuite","value":"Project Service"},{"name":"tag","value":"backend"},{"name":"host","value":"runnervmi13qx"},{"name":"thread","value":"2651-MainThread"},{"name":"framework","value":"pytest"},{"name":"language","value":"cpython3"},{"name":"package","value":"tests.test_backend.project.Validation.test_project_description"},{"name":"resultFormat","value":"allure2"}],"parameters":[],"links":[],"hidden":false,"retry":false,"extra":{"severity":"normal","retries":[],"categories":[{"name":"Product defects","matchedStatuses":[],"flaky":false}],"history":{"statistic":{"failed":1,"broken":0,"skipped":0,"passed":28,"unknown":0,"total":29},"items":[{"uid":"93e19abdd63acbf9","reportUrl":"https://vaizcom.github.io/autotests/529/#testresult/93e19abdd63acbf9","status":"passed","time":{"start":1767849994541,"stop":1767849994802,"duration":261}},{"uid":"877709d03cf2f0a9","reportUrl":"https://vaizcom.github.io/autotests/528/#testresult/877709d03cf2f0a9","status":"passed","time":{"start":1766507889160,"stop":1766507889804,"duration":644}},{"uid":"6d614cf31104bf67","reportUrl":"https://vaizcom.github.io/autotests/527/#testresult/6d614cf31104bf67","status":"passed","time":{"start":1766506540644,"stop":1766506540951,"duration":307}},{"uid":"78d8283d4be81b99","reportUrl":"https://vaizcom.github.io/autotests/526/#testresult/78d8283d4be81b99","status":"passed","time":{"start":1766505394964,"stop":1766505395276,"duration":312}},{"uid":"91fb19900a204b87","reportUrl":"https://vaizcom.github.io/autotests/525/#testresult/91fb19900a204b87","status":"passed","time":{"start":1766504315467,"stop":1766504315755,"duration":288}},{"uid":"59bd64b3eda372c","reportUrl":"https://vaizcom.github.io/autotests/524/#testresult/59bd64b3eda372c","status":"passed","time":{"start":1766503077023,"stop":1766503077271,"duration":248}},{"uid":"73304a2c46e7cb09","reportUrl":"https://vaizcom.github.io/autotests/523/#testresult/73304a2c46e7cb09","status":"passed","time":{"start":1766497218817,"stop":1766497219051,"duration":234}},{"uid":"6a05b985a7b71f40","reportUrl":"https://vaizcom.github.io/autotests/522/#testresult/6a05b985a7b71f40","status":"passed","time":{"start":1766488866826,"stop":1766488867070,"duration":244}},{"uid":"8e25f27787aa35f2","reportUrl":"https://vaizcom.github.io/autotests/521/#testresult/8e25f27787aa35f2","status":"passed","time":{"start":1766487462720,"stop":1766487463043,"duration":323}},{"uid":"14795150ec69d6f9","reportUrl":"https://vaizcom.github.io/autotests/520/#testresult/14795150ec69d6f9","status":"passed","time":{"start":1766412350611,"stop":1766412350867,"duration":256}},{"uid":"7444691ebf6df385","reportUrl":"https://vaizcom.github.io/autotests/519/#testresult/7444691ebf6df385","status":"passed","time":{"start":1766406304040,"stop":1766406304324,"duration":284}},{"uid":"c8fec5fbbf5a75ea","reportUrl":"https://vaizcom.github.io/autotests/518/#testresult/c8fec5fbbf5a75ea","status":"passed","time":{"start":1766403971793,"stop":1766403972061,"duration":268}},{"uid":"4657fc53a29d8982","reportUrl":"https://vaizcom.github.io/autotests/517/#testresult/4657fc53a29d8982","status":"passed","time":{"start":1766402565429,"stop":1766402565692,"duration":263}},{"uid":"2312e5b256dc8481","reportUrl":"https://vaizcom.github.io/autotests/516/#testresult/2312e5b256dc8481","status":"passed","time":{"start":1766067480948,"stop":1766067481244,"duration":296}},{"uid":"cff15c6f60826ca9","reportUrl":"https://vaizcom.github.io/autotests/515/#testresult/cff15c6f60826ca9","status":"passed","time":{"start":1766042897080,"stop":1766042897308,"duration":228}},{"uid":"6857bbe1e2a2285d","reportUrl":"https://vaizcom.github.io/autotests/514/#testresult/6857bbe1e2a2285d","status":"passed","time":{"start":1765984288677,"stop":1765984288977,"duration":300}},{"uid":"7442bff6d1490537","reportUrl":"https://vaizcom.github.io/autotests/513/#testresult/7442bff6d1490537","status":"passed","time":{"start":1765975620245,"stop":1765975620511,"duration":266}},{"uid":"efbd1cae49175eac","reportUrl":"https://vaizcom.github.io/autotests/512/#testresult/efbd1cae49175eac","status":"passed","time":{"start":1765891828961,"stop":1765891829263,"duration":302}},{"uid":"ac13b18f7686c174","reportUrl":"https://vaizcom.github.io/autotests/511/#testresult/ac13b18f7686c174","status":"passed","time":{"start":1765890021565,"stop":1765890021937,"duration":372}},{"uid":"a9aa5137a9ca64","reportUrl":"https://vaizcom.github.io/autotests/510/#testresult/a9aa5137a9ca64","status":"passed","time":{"start":1765881179814,"stop":1765881180112,"duration":298}}]},"tags":["backend"]},"source":"677ff14c956e3ad1.json","parameterValues":[]}