{"uid":"24e91c037e490c00","name":"Тест: Проверка получения проекта по ID, payload ответа соответствует ожидаемой структуре","fullName":"tests.test_backend.project.test_get_project#test_get_project_output_payload","historyId":"b1c1843ded88add18055090be83a9a5e","time":{"start":1765786122197,"stop":1765786122434,"duration":237},"status":"failed","statusMessage":"AssertionError: Ожидался статус 200, получен 400\nassert 400 == 200\n +  where 400 = <Response [400]>.status_code","statusTrace":"owner_client = <tests.core.client.APIClient object at 0x7f0a4649e450>\ntemp_project = '693fc0a4f55da7e1e4c79a04'\ntemp_space = '693fc0a3f55da7e1e4c79975'\n\n    @allure.title('Тест: Проверка получения проекта по ID, payload ответа соответствует ожидаемой структуре')\n    def test_get_project_output_payload(owner_client, temp_project, temp_space):\n        with allure.step(f\"Отправка запроса на получение проекта с ID: {temp_project} и Space ID: {temp_space}\"):\n            response = owner_client.post(**get_project_endpoint(project_id=temp_project, space_id=temp_space))\n    \n        with allure.step(\"Проверка статуса ответа\"):\n>           assert response.status_code == 200, f\"Ожидался статус 200, получен {response.status_code}\"\nE           AssertionError: Ожидался статус 200, получен 400\nE           assert 400 == 200\nE            +  where 400 = <Response [400]>.status_code\n\ntests/test_backend/project/test_get_project.py:18: AssertionError","flaky":false,"newFailed":false,"newBroken":false,"newPassed":false,"retriesCount":0,"retriesStatusChange":false,"beforeStages":[{"name":"delete_output_dir","time":{"start":1765785753392,"stop":1765785753392,"duration":0},"status":"passed","steps":[],"attachments":[],"parameters":[],"stepsCount":0,"shouldDisplayMessage":false,"attachmentsCount":0,"hasContent":false,"attachmentStep":false},{"name":"pytestconfig","time":{"start":1765785753392,"stop":1765785753392,"duration":0},"status":"passed","steps":[],"attachments":[],"parameters":[],"stepsCount":0,"shouldDisplayMessage":false,"attachmentsCount":0,"hasContent":false,"attachmentStep":false},{"name":"_verify_url","time":{"start":1765785753392,"stop":1765785753392,"duration":0},"status":"passed","steps":[],"attachments":[],"parameters":[],"stepsCount":0,"shouldDisplayMessage":false,"attachmentsCount":0,"hasContent":false,"attachmentStep":false},{"name":"base_url","time":{"start":1765785753392,"stop":1765785753392,"duration":0},"status":"passed","steps":[],"attachments":[],"parameters":[],"stepsCount":0,"shouldDisplayMessage":false,"attachmentsCount":0,"hasContent":false,"attachmentStep":false},{"name":"owner_client","time":{"start":1765785753392,"stop":1765785753868,"duration":476},"status":"passed","steps":[],"attachments":[],"parameters":[],"stepsCount":0,"shouldDisplayMessage":false,"attachmentsCount":0,"hasContent":false,"attachmentStep":false},{"name":"temp_space","time":{"start":1765785763291,"stop":1765785763740,"duration":449},"status":"passed","steps":[],"attachments":[],"parameters":[],"stepsCount":0,"shouldDisplayMessage":false,"attachmentsCount":0,"hasContent":false,"attachmentStep":false},{"name":"temp_project","time":{"start":1765785763740,"stop":1765785764177,"duration":437},"status":"passed","steps":[],"attachments":[],"parameters":[],"stepsCount":0,"shouldDisplayMessage":false,"attachmentsCount":0,"hasContent":false,"attachmentStep":false}],"testStage":{"status":"failed","statusMessage":"AssertionError: Ожидался статус 200, получен 400\nassert 400 == 200\n +  where 400 = <Response [400]>.status_code","statusTrace":"owner_client = <tests.core.client.APIClient object at 0x7f0a4649e450>\ntemp_project = '693fc0a4f55da7e1e4c79a04'\ntemp_space = '693fc0a3f55da7e1e4c79975'\n\n    @allure.title('Тест: Проверка получения проекта по ID, payload ответа соответствует ожидаемой структуре')\n    def test_get_project_output_payload(owner_client, temp_project, temp_space):\n        with allure.step(f\"Отправка запроса на получение проекта с ID: {temp_project} и Space ID: {temp_space}\"):\n            response = owner_client.post(**get_project_endpoint(project_id=temp_project, space_id=temp_space))\n    \n        with allure.step(\"Проверка статуса ответа\"):\n>           assert response.status_code == 200, f\"Ожидался статус 200, получен {response.status_code}\"\nE           AssertionError: Ожидался статус 200, получен 400\nE           assert 400 == 200\nE            +  where 400 = <Response [400]>.status_code\n\ntests/test_backend/project/test_get_project.py:18: AssertionError","steps":[{"name":"Отправка запроса на получение проекта с ID: 693fc0a4f55da7e1e4c79a04 и Space ID: 693fc0a3f55da7e1e4c79975","time":{"start":1765786122197,"stop":1765786122433,"duration":236},"status":"passed","steps":[],"attachments":[],"parameters":[],"stepsCount":0,"shouldDisplayMessage":false,"attachmentsCount":0,"hasContent":false,"attachmentStep":false},{"name":"Проверка статуса ответа","time":{"start":1765786122433,"stop":1765786122434,"duration":1},"status":"failed","statusMessage":"AssertionError: Ожидался статус 200, получен 400\nassert 400 == 200\n +  where 400 = <Response [400]>.status_code\n","statusTrace":"  File \"/home/runner/work/autotests/autotests/tests/test_backend/project/test_get_project.py\", line 18, in test_get_project_output_payload\n    assert response.status_code == 200, f\"Ожидался статус 200, получен {response.status_code}\"\n","steps":[],"attachments":[],"parameters":[],"stepsCount":0,"shouldDisplayMessage":true,"attachmentsCount":0,"hasContent":true,"attachmentStep":false}],"attachments":[],"parameters":[],"stepsCount":2,"shouldDisplayMessage":true,"attachmentsCount":0,"hasContent":true,"attachmentStep":false},"afterStages":[{"name":"temp_project::0","time":{"start":1765786616142,"stop":1765786616142,"duration":0},"status":"passed","steps":[],"attachments":[],"parameters":[],"stepsCount":0,"shouldDisplayMessage":false,"attachmentsCount":0,"hasContent":false,"attachmentStep":false},{"name":"temp_space::0","time":{"start":1765786616142,"stop":1765786616822,"duration":680},"status":"passed","steps":[],"attachments":[],"parameters":[],"stepsCount":0,"shouldDisplayMessage":false,"attachmentsCount":0,"hasContent":false,"attachmentStep":false}],"labels":[{"name":"tag","value":"backend"},{"name":"parentSuite","value":"tests.test_backend.project"},{"name":"suite","value":"test_get_project"},{"name":"host","value":"runnervm6qbrg"},{"name":"thread","value":"2648-MainThread"},{"name":"framework","value":"pytest"},{"name":"language","value":"cpython3"},{"name":"package","value":"tests.test_backend.project.test_get_project"},{"name":"resultFormat","value":"allure2"}],"parameters":[],"links":[],"hidden":false,"retry":false,"extra":{"severity":"normal","retries":[],"categories":[{"name":"Product defects","matchedStatuses":[],"flaky":false}],"history":{"statistic":{"failed":3,"broken":0,"skipped":0,"passed":0,"unknown":0,"total":3},"items":[{"uid":"38f9c919319adec2","reportUrl":"https://vaizcom.github.io/autotests/504/#testresult/38f9c919319adec2","status":"failed","statusDetails":"AssertionError: Ожидался статус 200, получен 400\nassert 400 == 200\n +  where 400 = <Response [400]>.status_code","time":{"start":1765552688541,"stop":1765552688770,"duration":229}},{"uid":"c3cc7f3d0bfe2987","reportUrl":"https://vaizcom.github.io/autotests/503/#testresult/c3cc7f3d0bfe2987","status":"failed","statusDetails":"AssertionError: Ожидался статус 200, получен 400\nassert 400 == 200\n +  where 400 = <Response [400]>.status_code","time":{"start":1765551374071,"stop":1765551374305,"duration":234}}]},"tags":["backend"]},"source":"24e91c037e490c00.json","parameterValues":[]}