{"uid":"14e8d37349c424ce","name":"Ошибка при создании борды с заголовком custom field длиннее 25 символов (Баг: до 50 символов - APP-2763 )","fullName":"backend_tests.tests.test_board.test_board#test_create_board_with_long_custom_field_title","historyId":"9adef37204ef55483a5c5c7d048edc41","time":{"start":1749631143072,"stop":1749631143072,"duration":0},"status":"skipped","statusMessage":"XFAIL Известный баг: длинный заголовок custom field без пробелов не влезает в тултип (APP-2763)\n\nAssertionError: assert 400 == 200\n +  where 400 = <Response [400]>.status_code","statusTrace":"owner_client = <backend_tests.core.client.APIClient object at 0x7f7095112f90>\n\n    @pytest.fixture(scope=\"session\")\n    def temp_space(owner_client):\n        client = owner_client\n        name = generate_space_name()\n        response = client.post(**create_space_endpoint(name=name))\n>       assert response.status_code == 200\nE       assert 400 == 200\nE        +  where 400 = <Response [400]>.status_code\n\nbackend_tests/conftest.py:42: AssertionError","flaky":false,"newFailed":false,"newBroken":false,"newPassed":false,"retriesCount":0,"retriesStatusChange":false,"beforeStages":[{"name":"delete_output_dir","time":{"start":1749631142262,"stop":1749631142262,"duration":0},"status":"passed","steps":[],"attachments":[],"parameters":[],"shouldDisplayMessage":false,"stepsCount":0,"attachmentsCount":0,"hasContent":false},{"name":"base_url","time":{"start":1749631142262,"stop":1749631142262,"duration":0},"status":"passed","steps":[],"attachments":[],"parameters":[],"shouldDisplayMessage":false,"stepsCount":0,"attachmentsCount":0,"hasContent":false},{"name":"pytestconfig","time":{"start":1749631142262,"stop":1749631142262,"duration":0},"status":"passed","steps":[],"attachments":[],"parameters":[],"shouldDisplayMessage":false,"stepsCount":0,"attachmentsCount":0,"hasContent":false},{"name":"_verify_url","time":{"start":1749631142262,"stop":1749631142262,"duration":0},"status":"passed","steps":[],"attachments":[],"parameters":[],"shouldDisplayMessage":false,"stepsCount":0,"attachmentsCount":0,"hasContent":false},{"name":"temp_space","time":{"start":1749631142262,"stop":1749631142896,"duration":634},"status":"failed","statusMessage":"AssertionError: assert 400 == 200\n +  where 400 = <Response [400]>.status_code\n","statusTrace":"  File \"/opt/hostedtoolcache/Python/3.11.12/x64/lib/python3.11/site-packages/pluggy/_callers.py\", line 167, in _multicall\n    teardown.throw(outcome._exception)\n  File \"/opt/hostedtoolcache/Python/3.11.12/x64/lib/python3.11/site-packages/_pytest/setuponly.py\", line 36, in pytest_fixture_setup\n    return (yield)\n            ^^^^^\n  File \"/opt/hostedtoolcache/Python/3.11.12/x64/lib/python3.11/site-packages/pluggy/_callers.py\", line 103, in _multicall\n    res = hook_impl.function(*args)\n          ^^^^^^^^^^^^^^^^^^^^^^^^^\n  File \"/opt/hostedtoolcache/Python/3.11.12/x64/lib/python3.11/site-packages/_pytest/fixtures.py\", line 1140, in pytest_fixture_setup\n    result = call_fixture_func(fixturefunc, request, kwargs)\n             ^^^^^^^^^^^^^^^^^^^^^^^^^^^^^^^^^^^^^^^^^^^^^^^\n  File \"/opt/hostedtoolcache/Python/3.11.12/x64/lib/python3.11/site-packages/_pytest/fixtures.py\", line 891, in call_fixture_func\n    fixture_result = next(generator)\n                     ^^^^^^^^^^^^^^^\n  File \"/home/runner/work/autotests/autotests/backend_tests/conftest.py\", line 42, in temp_space\n    assert response.status_code == 200\n","steps":[],"attachments":[],"parameters":[],"shouldDisplayMessage":true,"stepsCount":0,"attachmentsCount":0,"hasContent":true},{"name":"owner_client","time":{"start":1749631142262,"stop":1749631142262,"duration":0},"status":"passed","steps":[],"attachments":[],"parameters":[],"shouldDisplayMessage":false,"stepsCount":0,"attachmentsCount":0,"hasContent":false}],"afterStages":[],"labels":[{"name":"bug","value":"APP-2763"},{"name":"tag","value":"@pytest.mark.xfail(reason='Известный баг: длинный заголовок custom field без пробелов не влезает в тултип (APP-2763)')"},{"name":"parentSuite","value":"backend_tests.tests.test_board"},{"name":"suite","value":"test_board"},{"name":"host","value":"pkrvmxyh4eaekms"},{"name":"thread","value":"2564-MainThread"},{"name":"framework","value":"pytest"},{"name":"language","value":"cpython3"},{"name":"package","value":"backend_tests.tests.test_board.test_board"},{"name":"resultFormat","value":"allure2"}],"parameters":[{"name":"field_type","value":"'TaskRelations'"}],"links":[],"hidden":false,"retry":false,"extra":{"severity":"normal","retries":[],"categories":[],"history":{"statistic":{"failed":0,"broken":0,"skipped":1,"passed":2,"unknown":0,"total":3},"items":[{"uid":"95e9b5939a910cae","reportUrl":"https://vaizcom.github.io/autotests/92//#testresult/95e9b5939a910cae","status":"passed","statusDetails":"XPASS Известный баг: длинный заголовок custom field без пробелов не влезает в тултип (APP-2763)","time":{"start":1749627274953,"stop":1749627275209,"duration":256}},{"uid":"864e035b73e0e8f5","reportUrl":"https://vaizcom.github.io/autotests/90//#testresult/864e035b73e0e8f5","status":"passed","statusDetails":"XPASS Известный баг: длинный заголовок custom field без пробелов не влезает в тултип (APP-2763)","time":{"start":1749626748781,"stop":1749626748990,"duration":209}}]},"tags":["@pytest.mark.xfail(reason='Известный баг: длинный заголовок custom field без пробелов не влезает в тултип (APP-2763)')"]},"source":"14e8d37349c424ce.json","parameterValues":["'TaskRelations'"]}