{"uid":"f8905a4650ac4b0c","name":"Создание кастомного поля типа: Text","fullName":"tests.test_backend.board.test_board#test_create_custom_field_of_each_type","historyId":"9492acc96be930b3b32aac9faec248ad","time":{"start":1749810572952,"stop":1749810572952,"duration":0},"status":"failed","statusMessage":"AssertionError: assert 400 == 200\n +  where 400 = <Response [400]>.status_code","statusTrace":"owner_client = <tests.core.client.APIClient object at 0x7f0ba6306390>\ntemp_space = '684bfd8aa31b2ee3fefd2396'\n\n    @pytest.fixture(scope='session')\n    def temp_project(owner_client, temp_space):\n        \"\"\"Создаёт проект, который используется во всех тестах модуля.\"\"\"\n        name = generate_project_name()\n        slug = generate_slug()\n        common_kwargs = {'color': 'blue', 'icon': 'Dot', 'description': 'temporary project', 'space_id': temp_space}\n        response = owner_client.post(**create_project_endpoint(name=name, slug=slug, **common_kwargs))\n>       assert response.status_code == 200\nE       assert 400 == 200\nE        +  where 400 = <Response [400]>.status_code\n\ntests/conftest.py:62: AssertionError","flaky":false,"newFailed":true,"newBroken":false,"newPassed":false,"retriesCount":0,"retriesStatusChange":false,"beforeStages":[{"name":"base_url","time":{"start":1749810569984,"stop":1749810569984,"duration":0},"status":"passed","steps":[],"attachments":[],"parameters":[],"shouldDisplayMessage":false,"stepsCount":0,"attachmentsCount":0,"hasContent":false},{"name":"_verify_url","time":{"start":1749810569984,"stop":1749810569984,"duration":0},"status":"passed","steps":[],"attachments":[],"parameters":[],"shouldDisplayMessage":false,"stepsCount":0,"attachmentsCount":0,"hasContent":false},{"name":"delete_output_dir","time":{"start":1749810569984,"stop":1749810569984,"duration":0},"status":"passed","steps":[],"attachments":[],"parameters":[],"shouldDisplayMessage":false,"stepsCount":0,"attachmentsCount":0,"hasContent":false},{"name":"owner_client","time":{"start":1749810569984,"stop":1749810570532,"duration":548},"status":"passed","steps":[],"attachments":[],"parameters":[],"shouldDisplayMessage":false,"stepsCount":0,"attachmentsCount":0,"hasContent":false},{"name":"pytestconfig","time":{"start":1749810569984,"stop":1749810569984,"duration":0},"status":"passed","steps":[],"attachments":[],"parameters":[],"shouldDisplayMessage":false,"stepsCount":0,"attachmentsCount":0,"hasContent":false},{"name":"temp_space","time":{"start":1749810570532,"stop":1749810571308,"duration":776},"status":"passed","steps":[],"attachments":[],"parameters":[],"shouldDisplayMessage":false,"stepsCount":0,"attachmentsCount":0,"hasContent":false},{"name":"temp_project","time":{"start":1749810571308,"stop":1749810572040,"duration":732},"status":"failed","statusMessage":"AssertionError: assert 400 == 200\n +  where 400 = <Response [400]>.status_code\n","statusTrace":"  File \"/opt/hostedtoolcache/Python/3.11.12/x64/lib/python3.11/site-packages/pluggy/_callers.py\", line 167, in _multicall\n    teardown.throw(outcome._exception)\n  File \"/opt/hostedtoolcache/Python/3.11.12/x64/lib/python3.11/site-packages/_pytest/setuponly.py\", line 36, in pytest_fixture_setup\n    return (yield)\n            ^^^^^\n  File \"/opt/hostedtoolcache/Python/3.11.12/x64/lib/python3.11/site-packages/pluggy/_callers.py\", line 103, in _multicall\n    res = hook_impl.function(*args)\n          ^^^^^^^^^^^^^^^^^^^^^^^^^\n  File \"/opt/hostedtoolcache/Python/3.11.12/x64/lib/python3.11/site-packages/_pytest/fixtures.py\", line 1140, in pytest_fixture_setup\n    result = call_fixture_func(fixturefunc, request, kwargs)\n             ^^^^^^^^^^^^^^^^^^^^^^^^^^^^^^^^^^^^^^^^^^^^^^^\n  File \"/opt/hostedtoolcache/Python/3.11.12/x64/lib/python3.11/site-packages/_pytest/fixtures.py\", line 898, in call_fixture_func\n    fixture_result = fixturefunc(**kwargs)\n                     ^^^^^^^^^^^^^^^^^^^^^\n  File \"/home/runner/work/autotests/autotests/tests/conftest.py\", line 62, in temp_project\n    assert response.status_code == 200\n","steps":[],"attachments":[],"parameters":[],"shouldDisplayMessage":true,"stepsCount":0,"attachmentsCount":0,"hasContent":true}],"afterStages":[{"name":"temp_space::0","time":{"start":1749810581637,"stop":1749810582263,"duration":626},"status":"passed","steps":[],"attachments":[],"parameters":[],"shouldDisplayMessage":false,"stepsCount":0,"attachmentsCount":0,"hasContent":false}],"labels":[{"name":"tag","value":"backend"},{"name":"parentSuite","value":"tests.test_backend.board"},{"name":"suite","value":"test_board"},{"name":"host","value":"pkrvmxyh4eaekms"},{"name":"thread","value":"2550-MainThread"},{"name":"framework","value":"pytest"},{"name":"language","value":"cpython3"},{"name":"package","value":"tests.test_backend.board.test_board"},{"name":"resultFormat","value":"allure2"}],"parameters":[{"name":"field_type","value":"'Text'"}],"links":[],"hidden":false,"retry":false,"extra":{"severity":"normal","retries":[],"categories":[{"name":"Product defects","matchedStatuses":[],"flaky":false}],"history":{"statistic":{"failed":1,"broken":1,"skipped":0,"passed":2,"unknown":0,"total":4},"items":[{"uid":"252dda0fa29266dc","reportUrl":"https://vaizcom.github.io/autotests/136//#testresult/252dda0fa29266dc","status":"broken","statusDetails":"requests.exceptions.ConnectTimeout: HTTPSConnectionPool(host='api.vaiz.dev', port=443): Max retries exceeded with url: /v4/Login (Caused by ConnectTimeoutError(<urllib3.connection.HTTPSConnection object at 0x7f90b36e1e90>, 'Connection to api.vaiz.dev timed out. (connect timeout=None)'))","time":{"start":1749807828104,"stop":1749807828104,"duration":0}},{"uid":"17bd954670793687","reportUrl":"https://vaizcom.github.io/autotests/135//#testresult/17bd954670793687","status":"passed","time":{"start":1749807570558,"stop":1749807570857,"duration":299}},{"uid":"9b45c29458f9e3d9","reportUrl":"https://vaizcom.github.io/autotests/134//#testresult/9b45c29458f9e3d9","status":"passed","time":{"start":1749807390438,"stop":1749807390795,"duration":357}}]},"tags":["backend"]},"source":"f8905a4650ac4b0c.json","parameterValues":["'Text'"]}