{"name": "Создание проекта с пустым описанием", "status": "failed", "statusDetails": {"message": "AssertionError: assert 404 == 400\n +  where 404 = <Response [404]>.status_code", "trace": "owner_client = <backend_tests.core.client.APIClient object at 0x102ee6660>\n\n    @allure.title(\"Создание проекта с пустым описанием\")\n    def test_create_project_with_empty_description(owner_client):\n        with allure.step(\"Отправка запроса с пустым описанием проекта\"):\n            response = owner_client.post(\"/projects\", json={\"name\": \"Test\", \"description\": \"\"})\n        with allure.step(\"Проверка, что API вернул 400 – ошибка валидации\"):\n>           assert response.status_code == 400\nE           assert 404 == 400\nE            +  where 404 = <Response [404]>.status_code\n\ntest_project.py:89: AssertionError"}, "steps": [{"name": "Отправка запроса с пустым описанием проекта", "status": "passed", "start": 1748436942926, "stop": 1748436943002}, {"name": "Проверка, что API вернул 400 – ошибка валидации", "status": "failed", "statusDetails": {"message": "AssertionError: assert 404 == 400\n +  where 404 = <Response [404]>.status_code\n", "trace": "  File \"/Users/marina/PycharmProjects/tests/backend_tests/tests/test_project/test_project.py\", line 89, in test_create_project_with_empty_description\n    assert response.status_code == 400\n"}, "start": 1748436943002, "stop": 1748436943002}], "start": 1748436942926, "stop": 1748436943002, "uuid": "e39563e1-acb7-42bb-a721-ac121e54215c", "historyId": "8d61439e31bd65801564aafc0173f2bc", "testCaseId": "8d61439e31bd65801564aafc0173f2bc", "fullName": "tests.test_project.test_project#test_create_project_with_empty_description", "labels": [{"name": "parentSuite", "value": "tests.test_project"}, {"name": "suite", "value": "test_project"}, {"name": "host", "value": "servicess-MacBook-Air-2.local"}, {"name": "thread", "value": "83359-MainThread"}, {"name": "framework", "value": "pytest"}, {"name": "language", "value": "cpython3"}, {"name": "package", "value": "tests.test_project.test_project"}]}