{"name": "Создание проекта с пустым описанием", "status": "failed", "statusDetails": {"message": "AssertionError: assert 200 == 400\n +  where 200 = <Response [200]>.status_code", "trace": "owner_client = <backend_tests.core.client.APIClient object at 0x10294d340>\ntemp_space = '68370bfde8b5d1de40515d2d'\n\n    @allure.title(\"Создание проекта с пустым описанием\")\n    def test_project_description_empty(owner_client, temp_space):\n        description = \"\"\n        name = generate_project_name()\n        slug = generate_slug()\n        common_kwargs = {'color': 'blue', 'icon': 'Dot', 'space_id': temp_space}\n        response = owner_client.post(\n            **create_project_endpoint(name=name, slug=slug, description=description, **common_kwargs))\n>       assert response.status_code == 400\nE       assert 200 == 400\nE        +  where 200 = <Response [200]>.status_code\n\ntest_project.py:92: AssertionError"}, "start": 1748438013800, "stop": 1748438015095, "uuid": "5abbe1ad-4ba1-4961-a393-fcb750587ae6", "historyId": "20c0e90b8884b4d820ea9e8150ab5f79", "testCaseId": "20c0e90b8884b4d820ea9e8150ab5f79", "fullName": "tests.test_project.test_project#test_project_description_empty", "labels": [{"name": "parentSuite", "value": "tests.test_project"}, {"name": "suite", "value": "test_project"}, {"name": "host", "value": "servicess-MacBook-Air-2.local"}, {"name": "thread", "value": "83834-MainThread"}, {"name": "framework", "value": "pytest"}, {"name": "language", "value": "cpython3"}, {"name": "package", "value": "tests.test_project.test_project"}]}