{"uid":"1182271e1c9767eb","name":"Создание проекта с пустым описанием","fullName":"tests.test_backend.project.test_project#test_project_description_empty","historyId":"d2d6b127421e881191e1b41c382cd2a9","time":{"start":1762155147947,"stop":1762155147947,"duration":0},"status":"failed","statusMessage":"AssertionError: assert 400 == 200\n +  where 400 = <Response [400]>.status_code","statusTrace":"owner_client = <tests.core.client.APIClient object at 0x7fb4e4ec1550>\n\n    @pytest.fixture(scope='session')\n    def temp_space(owner_client):\n        client = owner_client\n        name = generate_space_name()\n        response = client.post(**create_space_endpoint(name=name))\n>       assert response.status_code == 200\nE       assert 400 == 200\nE        +  where 400 = <Response [400]>.status_code\n\ntests/conftest.py:135: AssertionError","flaky":false,"newFailed":false,"newBroken":false,"newPassed":false,"retriesCount":0,"retriesStatusChange":false,"beforeStages":[{"name":"base_url","time":{"start":1762155001105,"stop":1762155001105,"duration":0},"status":"passed","steps":[],"attachments":[],"parameters":[],"shouldDisplayMessage":false,"stepsCount":0,"attachmentsCount":0,"hasContent":false},{"name":"pytestconfig","time":{"start":1762155001105,"stop":1762155001106,"duration":1},"status":"passed","steps":[],"attachments":[],"parameters":[],"shouldDisplayMessage":false,"stepsCount":0,"attachmentsCount":0,"hasContent":false},{"name":"_verify_url","time":{"start":1762155001105,"stop":1762155001105,"duration":0},"status":"passed","steps":[],"attachments":[],"parameters":[],"shouldDisplayMessage":false,"stepsCount":0,"attachmentsCount":0,"hasContent":false},{"name":"owner_client","time":{"start":1762155001106,"stop":1762155001799,"duration":693},"status":"passed","steps":[],"attachments":[],"parameters":[],"shouldDisplayMessage":false,"stepsCount":0,"attachmentsCount":0,"hasContent":false},{"name":"delete_output_dir","time":{"start":1762155001106,"stop":1762155001106,"duration":0},"status":"passed","steps":[],"attachments":[],"parameters":[],"shouldDisplayMessage":false,"stepsCount":0,"attachmentsCount":0,"hasContent":false},{"name":"temp_space","time":{"start":1762155015683,"stop":1762155015846,"duration":163},"status":"failed","statusMessage":"AssertionError: assert 400 == 200\n +  where 400 = <Response [400]>.status_code\n","statusTrace":"  File \"/opt/hostedtoolcache/Python/3.11.14/x64/lib/python3.11/site-packages/pluggy/_callers.py\", line 167, in _multicall\n    teardown.throw(outcome._exception)\n  File \"/opt/hostedtoolcache/Python/3.11.14/x64/lib/python3.11/site-packages/_pytest/setuponly.py\", line 36, in pytest_fixture_setup\n    return (yield)\n            ^^^^^\n  File \"/opt/hostedtoolcache/Python/3.11.14/x64/lib/python3.11/site-packages/pluggy/_callers.py\", line 103, in _multicall\n    res = hook_impl.function(*args)\n          ^^^^^^^^^^^^^^^^^^^^^^^^^\n  File \"/opt/hostedtoolcache/Python/3.11.14/x64/lib/python3.11/site-packages/_pytest/fixtures.py\", line 1140, in pytest_fixture_setup\n    result = call_fixture_func(fixturefunc, request, kwargs)\n             ^^^^^^^^^^^^^^^^^^^^^^^^^^^^^^^^^^^^^^^^^^^^^^^\n  File \"/opt/hostedtoolcache/Python/3.11.14/x64/lib/python3.11/site-packages/_pytest/fixtures.py\", line 891, in call_fixture_func\n    fixture_result = next(generator)\n                     ^^^^^^^^^^^^^^^\n  File \"/home/runner/work/autotests/autotests/tests/conftest.py\", line 135, in temp_space\n    assert response.status_code == 200\n","steps":[],"attachments":[],"parameters":[],"shouldDisplayMessage":true,"stepsCount":0,"attachmentsCount":0,"hasContent":true}],"afterStages":[],"labels":[{"name":"tag","value":"backend"},{"name":"parentSuite","value":"tests.test_backend.project"},{"name":"suite","value":"test_project"},{"name":"host","value":"runnervmf2e7y"},{"name":"thread","value":"2549-MainThread"},{"name":"framework","value":"pytest"},{"name":"language","value":"cpython3"},{"name":"package","value":"tests.test_backend.project.test_project"},{"name":"resultFormat","value":"allure2"}],"parameters":[],"links":[],"hidden":false,"retry":false,"extra":{"severity":"normal","retries":[],"categories":[{"name":"Product defects","matchedStatuses":[],"flaky":false}],"history":{"statistic":{"failed":16,"broken":0,"skipped":0,"passed":40,"unknown":0,"total":56},"items":[{"uid":"a290badf3a5de4df","reportUrl":"https://vaizcom.github.io/autotests/404//#testresult/a290badf3a5de4df","status":"failed","statusDetails":"AssertionError: assert 400 == 200\n +  where 400 = <Response [400]>.status_code","time":{"start":1761921882925,"stop":1761921882925,"duration":0}},{"uid":"96dbc90c235e10d5","reportUrl":"https://vaizcom.github.io/autotests/404//#testresult/96dbc90c235e10d5","status":"failed","statusDetails":"AssertionError: assert 400 == 200\n +  where 400 = <Response [400]>.status_code","time":{"start":1761912194110,"stop":1761912194110,"duration":0}},{"uid":"fef489aae37178a9","reportUrl":"https://vaizcom.github.io/autotests/403//#testresult/fef489aae37178a9","status":"failed","statusDetails":"AssertionError: assert 400 == 200\n +  where 400 = <Response [400]>.status_code","time":{"start":1761911307956,"stop":1761911307956,"duration":0}},{"uid":"bde88d49b6ba0ba5","reportUrl":"https://vaizcom.github.io/autotests/402//#testresult/bde88d49b6ba0ba5","status":"failed","statusDetails":"AssertionError: assert 400 == 200\n +  where 400 = <Response [400]>.status_code","time":{"start":1761910917808,"stop":1761910917808,"duration":0}},{"uid":"1ca4b4160ae62123","reportUrl":"https://vaizcom.github.io/autotests/401//#testresult/1ca4b4160ae62123","status":"failed","statusDetails":"AssertionError: assert 400 == 200\n +  where 400 = <Response [400]>.status_code","time":{"start":1761910619449,"stop":1761910619449,"duration":0}},{"uid":"d9022ba68853fe65","reportUrl":"https://vaizcom.github.io/autotests/400//#testresult/d9022ba68853fe65","status":"failed","statusDetails":"AssertionError: assert 400 == 200\n +  where 400 = <Response [400]>.status_code","time":{"start":1761910012935,"stop":1761910012935,"duration":0}},{"uid":"7d576b8a08033966","reportUrl":"https://vaizcom.github.io/autotests/399//#testresult/7d576b8a08033966","status":"failed","statusDetails":"AssertionError: assert 400 == 200\n +  where 400 = <Response [400]>.status_code","time":{"start":1761900044024,"stop":1761900044024,"duration":0}},{"uid":"cd443c7ae47cb147","reportUrl":"https://vaizcom.github.io/autotests/398//#testresult/cd443c7ae47cb147","status":"failed","statusDetails":"AssertionError: assert 400 == 200\n +  where 400 = <Response [400]>.status_code","time":{"start":1761835063162,"stop":1761835063162,"duration":0}},{"uid":"734d78954b6b4f62","reportUrl":"https://vaizcom.github.io/autotests/397//#testresult/734d78954b6b4f62","status":"failed","statusDetails":"AssertionError: assert 400 == 200\n +  where 400 = <Response [400]>.status_code","time":{"start":1761834649995,"stop":1761834649995,"duration":0}},{"uid":"2774715604d5cdf7","reportUrl":"https://vaizcom.github.io/autotests/396//#testresult/2774715604d5cdf7","status":"failed","statusDetails":"AssertionError: assert 400 == 200\n +  where 400 = <Response [400]>.status_code","time":{"start":1761833485891,"stop":1761833485891,"duration":0}},{"uid":"f57c7cae84de8167","reportUrl":"https://vaizcom.github.io/autotests/395//#testresult/f57c7cae84de8167","status":"passed","time":{"start":1761821826021,"stop":1761821826245,"duration":224}},{"uid":"fbe657da09773430","reportUrl":"https://vaizcom.github.io/autotests/394//#testresult/fbe657da09773430","status":"failed","statusDetails":"AssertionError: assert 400 == 200\n +  where 400 = <Response [400]>.status_code","time":{"start":1761818773784,"stop":1761818773784,"duration":0}},{"uid":"3b95a5e183ea8a7f","reportUrl":"https://vaizcom.github.io/autotests/393//#testresult/3b95a5e183ea8a7f","status":"failed","statusDetails":"AssertionError: assert 400 == 200\n +  where 400 = <Response [400]>.status_code","time":{"start":1761748636905,"stop":1761748636905,"duration":0}},{"uid":"9c099ce5a5110b4d","reportUrl":"https://vaizcom.github.io/autotests/393//#testresult/9c099ce5a5110b4d","status":"failed","statusDetails":"AssertionError: assert 400 == 200\n +  where 400 = <Response [400]>.status_code","time":{"start":1761747914014,"stop":1761747914014,"duration":0}},{"uid":"f108d91e4a044ccf","reportUrl":"https://vaizcom.github.io/autotests/391//#testresult/f108d91e4a044ccf","status":"passed","time":{"start":1761747036799,"stop":1761747037183,"duration":384}},{"uid":"bd53082ace864395","reportUrl":"https://vaizcom.github.io/autotests/392//#testresult/bd53082ace864395","status":"failed","statusDetails":"AssertionError: assert 400 == 200\n +  where 400 = <Response [400]>.status_code","time":{"start":1761745744324,"stop":1761745744324,"duration":0}},{"uid":"65f01a39b215ae27","reportUrl":"https://vaizcom.github.io/autotests/391//#testresult/65f01a39b215ae27","status":"passed","time":{"start":1761576857823,"stop":1761576858117,"duration":294}},{"uid":"c52793fa8901e644","reportUrl":"https://vaizcom.github.io/autotests/390//#testresult/c52793fa8901e644","status":"passed","time":{"start":1761557477630,"stop":1761557477881,"duration":251}},{"uid":"5880fc2dfa2194f0","reportUrl":"https://vaizcom.github.io/autotests/389//#testresult/5880fc2dfa2194f0","status":"passed","time":{"start":1761308694773,"stop":1761308695017,"duration":244}},{"uid":"8eb629a84926f060","reportUrl":"https://vaizcom.github.io/autotests/388//#testresult/8eb629a84926f060","status":"passed","time":{"start":1761306862305,"stop":1761306862550,"duration":245}}]},"tags":["backend"]},"source":"1182271e1c9767eb.json","parameterValues":[]}