{"uid":"3e43475f5f2aff1d","name":"test_single_child_siblings[member]","fullName":"tests.test_backend.document.test_get_siblings#test_single_child_siblings","historyId":"6a89233cab0a1b088d154d6f88145cc9","time":{"start":1762155146255,"stop":1762155146255,"duration":0},"description":"\n    Единственный ребёнок: нет prevSibling/nextSibling, parents содержит родителя.\n    ","descriptionHtml":"<pre><code>Единственный ребёнок: нет prevSibling/nextSibling, parents содержит родителя.\n</code></pre>\n","status":"failed","statusMessage":"AssertionError: assert 400 == 200\n +  where 400 = <Response [400]>.status_code","statusTrace":"owner_client = <tests.core.client.APIClient object at 0x7fb4e4ec1550>\n\n    @pytest.fixture(scope='function')\n    def space_id_function(owner_client):\n        client = owner_client\n        name = generate_space_name()\n        response = client.post(**create_space_endpoint(name=name))\n>       assert response.status_code == 200\nE       assert 400 == 200\nE        +  where 400 = <Response [400]>.status_code\n\ntests/conftest.py:228: AssertionError","flaky":false,"newFailed":false,"newBroken":false,"newPassed":false,"retriesCount":0,"retriesStatusChange":false,"beforeStages":[{"name":"base_url","time":{"start":1762155001105,"stop":1762155001105,"duration":0},"status":"passed","steps":[],"attachments":[],"parameters":[],"shouldDisplayMessage":false,"stepsCount":0,"attachmentsCount":0,"hasContent":false},{"name":"pytestconfig","time":{"start":1762155001105,"stop":1762155001106,"duration":1},"status":"passed","steps":[],"attachments":[],"parameters":[],"shouldDisplayMessage":false,"stepsCount":0,"attachmentsCount":0,"hasContent":false},{"name":"_verify_url","time":{"start":1762155001105,"stop":1762155001105,"duration":0},"status":"passed","steps":[],"attachments":[],"parameters":[],"shouldDisplayMessage":false,"stepsCount":0,"attachmentsCount":0,"hasContent":false},{"name":"owner_client","time":{"start":1762155001106,"stop":1762155001799,"duration":693},"status":"passed","steps":[],"attachments":[],"parameters":[],"shouldDisplayMessage":false,"stepsCount":0,"attachmentsCount":0,"hasContent":false},{"name":"delete_output_dir","time":{"start":1762155001106,"stop":1762155001106,"duration":0},"status":"passed","steps":[],"attachments":[],"parameters":[],"shouldDisplayMessage":false,"stepsCount":0,"attachmentsCount":0,"hasContent":false},{"name":"space_id_function","time":{"start":1762155146256,"stop":1762155146418,"duration":162},"status":"failed","statusMessage":"AssertionError: assert 400 == 200\n +  where 400 = <Response [400]>.status_code\n","statusTrace":"  File \"/opt/hostedtoolcache/Python/3.11.14/x64/lib/python3.11/site-packages/pluggy/_callers.py\", line 167, in _multicall\n    teardown.throw(outcome._exception)\n  File \"/opt/hostedtoolcache/Python/3.11.14/x64/lib/python3.11/site-packages/_pytest/setuponly.py\", line 36, in pytest_fixture_setup\n    return (yield)\n            ^^^^^\n  File \"/opt/hostedtoolcache/Python/3.11.14/x64/lib/python3.11/site-packages/pluggy/_callers.py\", line 103, in _multicall\n    res = hook_impl.function(*args)\n          ^^^^^^^^^^^^^^^^^^^^^^^^^\n  File \"/opt/hostedtoolcache/Python/3.11.14/x64/lib/python3.11/site-packages/_pytest/fixtures.py\", line 1140, in pytest_fixture_setup\n    result = call_fixture_func(fixturefunc, request, kwargs)\n             ^^^^^^^^^^^^^^^^^^^^^^^^^^^^^^^^^^^^^^^^^^^^^^^\n  File \"/opt/hostedtoolcache/Python/3.11.14/x64/lib/python3.11/site-packages/_pytest/fixtures.py\", line 891, in call_fixture_func\n    fixture_result = next(generator)\n                     ^^^^^^^^^^^^^^^\n  File \"/home/runner/work/autotests/autotests/tests/conftest.py\", line 228, in space_id_function\n    assert response.status_code == 200\n","steps":[],"attachments":[],"parameters":[],"shouldDisplayMessage":true,"stepsCount":0,"attachmentsCount":0,"hasContent":true}],"afterStages":[],"labels":[{"name":"feature","value":"Document Siblings"},{"name":"tag","value":"backend"},{"name":"parentSuite","value":"tests.test_backend.document"},{"name":"suite","value":"test_get_siblings"},{"name":"host","value":"runnervmf2e7y"},{"name":"thread","value":"2549-MainThread"},{"name":"framework","value":"pytest"},{"name":"language","value":"cpython3"},{"name":"package","value":"tests.test_backend.document.test_get_siblings"},{"name":"resultFormat","value":"allure2"}],"parameters":[{"name":"kind","value":"'Member'"},{"name":"kind_id_fixture","value":"'member_id_function'"}],"links":[],"hidden":false,"retry":false,"extra":{"severity":"normal","retries":[],"categories":[{"name":"Product defects","matchedStatuses":[],"flaky":false}],"history":{"statistic":{"failed":16,"broken":0,"skipped":0,"passed":40,"unknown":0,"total":56},"items":[{"uid":"af775a07dba874eb","reportUrl":"https://vaizcom.github.io/autotests/404//#testresult/af775a07dba874eb","status":"failed","statusDetails":"AssertionError: assert 400 == 200\n +  where 400 = <Response [400]>.status_code","time":{"start":1761921881633,"stop":1761921881633,"duration":0}},{"uid":"776dd5038b8a2704","reportUrl":"https://vaizcom.github.io/autotests/404//#testresult/776dd5038b8a2704","status":"failed","statusDetails":"AssertionError: assert 400 == 200\n +  where 400 = <Response [400]>.status_code","time":{"start":1761912192735,"stop":1761912192735,"duration":0}},{"uid":"54d57d089cd7fe57","reportUrl":"https://vaizcom.github.io/autotests/403//#testresult/54d57d089cd7fe57","status":"failed","statusDetails":"AssertionError: assert 400 == 200\n +  where 400 = <Response [400]>.status_code","time":{"start":1761911306139,"stop":1761911306139,"duration":0}},{"uid":"c1844ec0c0b9b94e","reportUrl":"https://vaizcom.github.io/autotests/402//#testresult/c1844ec0c0b9b94e","status":"failed","statusDetails":"AssertionError: assert 400 == 200\n +  where 400 = <Response [400]>.status_code","time":{"start":1761910916569,"stop":1761910916569,"duration":0}},{"uid":"a66fccc583df2a27","reportUrl":"https://vaizcom.github.io/autotests/401//#testresult/a66fccc583df2a27","status":"failed","statusDetails":"AssertionError: assert 400 == 200\n +  where 400 = <Response [400]>.status_code","time":{"start":1761910617451,"stop":1761910617451,"duration":0}},{"uid":"bd57d8b7796ad465","reportUrl":"https://vaizcom.github.io/autotests/400//#testresult/bd57d8b7796ad465","status":"failed","statusDetails":"AssertionError: assert 400 == 200\n +  where 400 = <Response [400]>.status_code","time":{"start":1761910011125,"stop":1761910011125,"duration":0}},{"uid":"b32c9f4e4ce6a87","reportUrl":"https://vaizcom.github.io/autotests/399//#testresult/b32c9f4e4ce6a87","status":"failed","statusDetails":"AssertionError: assert 400 == 200\n +  where 400 = <Response [400]>.status_code","time":{"start":1761900042198,"stop":1761900042198,"duration":0}},{"uid":"bf787f5e9e6a9365","reportUrl":"https://vaizcom.github.io/autotests/398//#testresult/bf787f5e9e6a9365","status":"failed","statusDetails":"AssertionError: assert 400 == 200\n +  where 400 = <Response [400]>.status_code","time":{"start":1761835061850,"stop":1761835061850,"duration":0}},{"uid":"9b9d2fa8f98c2302","reportUrl":"https://vaizcom.github.io/autotests/397//#testresult/9b9d2fa8f98c2302","status":"failed","statusDetails":"AssertionError: assert 400 == 200\n +  where 400 = <Response [400]>.status_code","time":{"start":1761834648058,"stop":1761834648058,"duration":0}},{"uid":"88fcfcae790174d9","reportUrl":"https://vaizcom.github.io/autotests/396//#testresult/88fcfcae790174d9","status":"failed","statusDetails":"AssertionError: assert 400 == 200\n +  where 400 = <Response [400]>.status_code","time":{"start":1761833483974,"stop":1761833483974,"duration":0}},{"uid":"22686233a8320d85","reportUrl":"https://vaizcom.github.io/autotests/395//#testresult/22686233a8320d85","status":"passed","time":{"start":1761821800361,"stop":1761821801451,"duration":1090}},{"uid":"690e51fbf65039b4","reportUrl":"https://vaizcom.github.io/autotests/394//#testresult/690e51fbf65039b4","status":"failed","statusDetails":"AssertionError: assert 400 == 200\n +  where 400 = <Response [400]>.status_code","time":{"start":1761818771998,"stop":1761818771998,"duration":0}},{"uid":"6bf2969117a99dc7","reportUrl":"https://vaizcom.github.io/autotests/393//#testresult/6bf2969117a99dc7","status":"failed","statusDetails":"AssertionError: assert 400 == 200\n +  where 400 = <Response [400]>.status_code","time":{"start":1761748634850,"stop":1761748634850,"duration":0}},{"uid":"3472f504ec818218","reportUrl":"https://vaizcom.github.io/autotests/393//#testresult/3472f504ec818218","status":"failed","statusDetails":"AssertionError: assert 400 == 200\n +  where 400 = <Response [400]>.status_code","time":{"start":1761747912142,"stop":1761747912142,"duration":0}},{"uid":"a6d6a9ce61790563","reportUrl":"https://vaizcom.github.io/autotests/391//#testresult/a6d6a9ce61790563","status":"passed","time":{"start":1761747000394,"stop":1761747001968,"duration":1574}},{"uid":"890553406683c2f4","reportUrl":"https://vaizcom.github.io/autotests/392//#testresult/890553406683c2f4","status":"failed","statusDetails":"AssertionError: assert 400 == 200\n +  where 400 = <Response [400]>.status_code","time":{"start":1761745743011,"stop":1761745743011,"duration":0}},{"uid":"fbba90da61625247","reportUrl":"https://vaizcom.github.io/autotests/391//#testresult/fbba90da61625247","status":"passed","time":{"start":1761576825804,"stop":1761576827304,"duration":1500}},{"uid":"616e7ee6420a7a4c","reportUrl":"https://vaizcom.github.io/autotests/390//#testresult/616e7ee6420a7a4c","status":"passed","time":{"start":1761557452954,"stop":1761557453935,"duration":981}},{"uid":"a55a7540b33c5b30","reportUrl":"https://vaizcom.github.io/autotests/389//#testresult/a55a7540b33c5b30","status":"passed","time":{"start":1761308671034,"stop":1761308672046,"duration":1012}},{"uid":"e9e5e257e9110716","reportUrl":"https://vaizcom.github.io/autotests/388//#testresult/e9e5e257e9110716","status":"passed","time":{"start":1761306837196,"stop":1761306838278,"duration":1082}}]},"tags":["backend"]},"source":"3e43475f5f2aff1d.json","parameterValues":["'Member'","'member_id_function'"]}