{"uid":"e977bd9fb06335f6","name":"test_create_and_duplicate_document[project]","fullName":"tests.test_backend.document.test_duplicate_document#test_create_and_duplicate_document","historyId":"b349312f7c033be6d81a13a7639cdd2f","time":{"start":1762155141999,"stop":1762155141999,"duration":0},"status":"failed","statusMessage":"AssertionError: assert 400 == 200\n +  where 400 = <Response [400]>.status_code","statusTrace":"owner_client = <tests.core.client.APIClient object at 0x7fb4e4ec1550>\nrequest = <SubRequest 'temp_document' for <Function test_create_and_duplicate_document[project]>>\nkind = 'Project', kind_id_fixture = 'temp_project'\n\n    @pytest.fixture\n    def temp_document(owner_client, request, kind, kind_id_fixture):\n>       kind_id = request.getfixturevalue(kind_id_fixture)\n\ntests/conftest.py:261: \n_ _ _ _ _ _ _ _ _ _ _ _ _ _ _ _ _ _ _ _ _ _ _ _ _ _ _ _ _ _ _ _ _ _ _ _ _ _ _ _ \n\nowner_client = <tests.core.client.APIClient object at 0x7fb4e4ec1550>\n\n    @pytest.fixture(scope='session')\n    def temp_space(owner_client):\n        client = owner_client\n        name = generate_space_name()\n        response = client.post(**create_space_endpoint(name=name))\n>       assert response.status_code == 200\nE       assert 400 == 200\nE        +  where 400 = <Response [400]>.status_code\n\ntests/conftest.py:135: AssertionError","flaky":false,"newFailed":false,"newBroken":false,"newPassed":false,"retriesCount":0,"retriesStatusChange":false,"beforeStages":[{"name":"base_url","time":{"start":1762155001105,"stop":1762155001105,"duration":0},"status":"passed","steps":[],"attachments":[],"parameters":[],"shouldDisplayMessage":false,"stepsCount":0,"attachmentsCount":0,"hasContent":false},{"name":"pytestconfig","time":{"start":1762155001105,"stop":1762155001106,"duration":1},"status":"passed","steps":[],"attachments":[],"parameters":[],"shouldDisplayMessage":false,"stepsCount":0,"attachmentsCount":0,"hasContent":false},{"name":"_verify_url","time":{"start":1762155001105,"stop":1762155001105,"duration":0},"status":"passed","steps":[],"attachments":[],"parameters":[],"shouldDisplayMessage":false,"stepsCount":0,"attachmentsCount":0,"hasContent":false},{"name":"owner_client","time":{"start":1762155001106,"stop":1762155001799,"duration":693},"status":"passed","steps":[],"attachments":[],"parameters":[],"shouldDisplayMessage":false,"stepsCount":0,"attachmentsCount":0,"hasContent":false},{"name":"delete_output_dir","time":{"start":1762155001106,"stop":1762155001106,"duration":0},"status":"passed","steps":[],"attachments":[],"parameters":[],"shouldDisplayMessage":false,"stepsCount":0,"attachmentsCount":0,"hasContent":false},{"name":"temp_document","time":{"start":1762155142000,"stop":1762155142000,"duration":0},"status":"failed","statusMessage":"AssertionError: assert 400 == 200\n +  where 400 = <Response [400]>.status_code\n","statusTrace":"  File \"/opt/hostedtoolcache/Python/3.11.14/x64/lib/python3.11/site-packages/pluggy/_callers.py\", line 167, in _multicall\n    teardown.throw(outcome._exception)\n  File \"/opt/hostedtoolcache/Python/3.11.14/x64/lib/python3.11/site-packages/_pytest/setuponly.py\", line 36, in pytest_fixture_setup\n    return (yield)\n            ^^^^^\n  File \"/opt/hostedtoolcache/Python/3.11.14/x64/lib/python3.11/site-packages/pluggy/_callers.py\", line 103, in _multicall\n    res = hook_impl.function(*args)\n          ^^^^^^^^^^^^^^^^^^^^^^^^^\n  File \"/opt/hostedtoolcache/Python/3.11.14/x64/lib/python3.11/site-packages/_pytest/fixtures.py\", line 1140, in pytest_fixture_setup\n    result = call_fixture_func(fixturefunc, request, kwargs)\n             ^^^^^^^^^^^^^^^^^^^^^^^^^^^^^^^^^^^^^^^^^^^^^^^\n  File \"/opt/hostedtoolcache/Python/3.11.14/x64/lib/python3.11/site-packages/_pytest/fixtures.py\", line 891, in call_fixture_func\n    fixture_result = next(generator)\n                     ^^^^^^^^^^^^^^^\n  File \"/home/runner/work/autotests/autotests/tests/conftest.py\", line 261, in temp_document\n    kind_id = request.getfixturevalue(kind_id_fixture)\n              ^^^^^^^^^^^^^^^^^^^^^^^^^^^^^^^^^^^^^^^^\n  File \"/opt/hostedtoolcache/Python/3.11.14/x64/lib/python3.11/site-packages/_pytest/fixtures.py\", line 532, in getfixturevalue\n    fixturedef = self._get_active_fixturedef(argname)\n                 ^^^^^^^^^^^^^^^^^^^^^^^^^^^^^^^^^^^^\n  File \"/opt/hostedtoolcache/Python/3.11.14/x64/lib/python3.11/site-packages/_pytest/fixtures.py\", line 617, in _get_active_fixturedef\n    fixturedef.execute(request=subrequest)\n  File \"/opt/hostedtoolcache/Python/3.11.14/x64/lib/python3.11/site-packages/_pytest/fixtures.py\", line 1047, in execute\n    fixturedef = request._get_active_fixturedef(argname)\n                 ^^^^^^^^^^^^^^^^^^^^^^^^^^^^^^^^^^^^^^^\n  File \"/opt/hostedtoolcache/Python/3.11.14/x64/lib/python3.11/site-packages/_pytest/fixtures.py\", line 617, in _get_active_fixturedef\n    fixturedef.execute(request=subrequest)\n  File \"/opt/hostedtoolcache/Python/3.11.14/x64/lib/python3.11/site-packages/_pytest/fixtures.py\", line 1071, in execute\n    raise exc.with_traceback(exc_tb)\n  File \"/opt/hostedtoolcache/Python/3.11.14/x64/lib/python3.11/site-packages/_pytest/fixtures.py\", line 1140, in pytest_fixture_setup\n    result = call_fixture_func(fixturefunc, request, kwargs)\n             ^^^^^^^^^^^^^^^^^^^^^^^^^^^^^^^^^^^^^^^^^^^^^^^\n  File \"/opt/hostedtoolcache/Python/3.11.14/x64/lib/python3.11/site-packages/_pytest/fixtures.py\", line 891, in call_fixture_func\n    fixture_result = next(generator)\n                     ^^^^^^^^^^^^^^^\n  File \"/home/runner/work/autotests/autotests/tests/conftest.py\", line 135, in temp_space\n    assert response.status_code == 200\n","steps":[],"attachments":[],"parameters":[],"shouldDisplayMessage":true,"stepsCount":0,"attachmentsCount":0,"hasContent":true}],"afterStages":[],"labels":[{"name":"tag","value":"backend"},{"name":"parentSuite","value":"tests.test_backend.document"},{"name":"suite","value":"test_duplicate_document"},{"name":"host","value":"runnervmf2e7y"},{"name":"thread","value":"2549-MainThread"},{"name":"framework","value":"pytest"},{"name":"language","value":"cpython3"},{"name":"package","value":"tests.test_backend.document.test_duplicate_document"},{"name":"resultFormat","value":"allure2"}],"parameters":[{"name":"kind","value":"'Project'"},{"name":"kind_id_fixture","value":"'temp_project'"}],"links":[],"hidden":false,"retry":false,"extra":{"severity":"normal","retries":[],"categories":[{"name":"Product defects","matchedStatuses":[],"flaky":false}],"history":{"statistic":{"failed":16,"broken":0,"skipped":0,"passed":40,"unknown":0,"total":56},"items":[{"uid":"2feab8b88ec0163","reportUrl":"https://vaizcom.github.io/autotests/404//#testresult/2feab8b88ec0163","status":"failed","statusDetails":"AssertionError: assert 400 == 200\n +  where 400 = <Response [400]>.status_code","time":{"start":1761921878303,"stop":1761921878303,"duration":0}},{"uid":"e8fc3ea32bf04221","reportUrl":"https://vaizcom.github.io/autotests/404//#testresult/e8fc3ea32bf04221","status":"failed","statusDetails":"AssertionError: assert 400 == 200\n +  where 400 = <Response [400]>.status_code","time":{"start":1761912189227,"stop":1761912189227,"duration":0}},{"uid":"6eab11b1180c4c8","reportUrl":"https://vaizcom.github.io/autotests/403//#testresult/6eab11b1180c4c8","status":"failed","statusDetails":"AssertionError: assert 400 == 200\n +  where 400 = <Response [400]>.status_code","time":{"start":1761911301158,"stop":1761911301158,"duration":0}},{"uid":"69a366dd9ee287e0","reportUrl":"https://vaizcom.github.io/autotests/402//#testresult/69a366dd9ee287e0","status":"failed","statusDetails":"AssertionError: assert 400 == 200\n +  where 400 = <Response [400]>.status_code","time":{"start":1761910912413,"stop":1761910912413,"duration":0}},{"uid":"1ae42d84d92179d7","reportUrl":"https://vaizcom.github.io/autotests/401//#testresult/1ae42d84d92179d7","status":"failed","statusDetails":"AssertionError: assert 400 == 200\n +  where 400 = <Response [400]>.status_code","time":{"start":1761910614216,"stop":1761910614216,"duration":0}},{"uid":"6a617fc6c62539be","reportUrl":"https://vaizcom.github.io/autotests/400//#testresult/6a617fc6c62539be","status":"failed","statusDetails":"AssertionError: assert 400 == 200\n +  where 400 = <Response [400]>.status_code","time":{"start":1761910006674,"stop":1761910006674,"duration":0}},{"uid":"7ddd65c0ffb33f31","reportUrl":"https://vaizcom.github.io/autotests/399//#testresult/7ddd65c0ffb33f31","status":"failed","statusDetails":"AssertionError: assert 400 == 200\n +  where 400 = <Response [400]>.status_code","time":{"start":1761900037719,"stop":1761900037719,"duration":0}},{"uid":"e0fceabd70e8fa48","reportUrl":"https://vaizcom.github.io/autotests/398//#testresult/e0fceabd70e8fa48","status":"failed","statusDetails":"AssertionError: assert 400 == 200\n +  where 400 = <Response [400]>.status_code","time":{"start":1761835058544,"stop":1761835058544,"duration":0}},{"uid":"63ae4e60b1438b8f","reportUrl":"https://vaizcom.github.io/autotests/397//#testresult/63ae4e60b1438b8f","status":"failed","statusDetails":"AssertionError: assert 400 == 200\n +  where 400 = <Response [400]>.status_code","time":{"start":1761834642806,"stop":1761834642806,"duration":0}},{"uid":"155bb14b6e93e02f","reportUrl":"https://vaizcom.github.io/autotests/396//#testresult/155bb14b6e93e02f","status":"failed","statusDetails":"AssertionError: assert 400 == 200\n +  where 400 = <Response [400]>.status_code","time":{"start":1761833478877,"stop":1761833478877,"duration":0}},{"uid":"ca8a8561f184c4d0","reportUrl":"https://vaizcom.github.io/autotests/395//#testresult/ca8a8561f184c4d0","status":"passed","time":{"start":1761821722332,"stop":1761821722904,"duration":572}},{"uid":"ac33a0eea90435d8","reportUrl":"https://vaizcom.github.io/autotests/394//#testresult/ac33a0eea90435d8","status":"failed","statusDetails":"AssertionError: assert 400 == 200\n +  where 400 = <Response [400]>.status_code","time":{"start":1761818767150,"stop":1761818767150,"duration":0}},{"uid":"b6bbc2ab73d14a83","reportUrl":"https://vaizcom.github.io/autotests/393//#testresult/b6bbc2ab73d14a83","status":"failed","statusDetails":"AssertionError: assert 400 == 200\n +  where 400 = <Response [400]>.status_code","time":{"start":1761748631448,"stop":1761748631448,"duration":0}},{"uid":"6e531b93b4c51c25","reportUrl":"https://vaizcom.github.io/autotests/393//#testresult/6e531b93b4c51c25","status":"failed","statusDetails":"AssertionError: assert 400 == 200\n +  where 400 = <Response [400]>.status_code","time":{"start":1761747907025,"stop":1761747907025,"duration":0}},{"uid":"deb2da7ff0a3a53f","reportUrl":"https://vaizcom.github.io/autotests/391//#testresult/deb2da7ff0a3a53f","status":"passed","time":{"start":1761746888120,"stop":1761746888884,"duration":764}},{"uid":"3df59c8cb67023af","reportUrl":"https://vaizcom.github.io/autotests/392//#testresult/3df59c8cb67023af","status":"failed","statusDetails":"AssertionError: assert 400 == 200\n +  where 400 = <Response [400]>.status_code","time":{"start":1761745739542,"stop":1761745739542,"duration":0}},{"uid":"b9714d4eb2c2cc12","reportUrl":"https://vaizcom.github.io/autotests/391//#testresult/b9714d4eb2c2cc12","status":"passed","time":{"start":1761576723445,"stop":1761576724216,"duration":771}},{"uid":"6385294bba1243a1","reportUrl":"https://vaizcom.github.io/autotests/390//#testresult/6385294bba1243a1","status":"passed","time":{"start":1761557371156,"stop":1761557371799,"duration":643}},{"uid":"f0862bc8e8088f46","reportUrl":"https://vaizcom.github.io/autotests/389//#testresult/f0862bc8e8088f46","status":"passed","time":{"start":1761308595555,"stop":1761308596085,"duration":530}},{"uid":"2a83825c8f4a1e9b","reportUrl":"https://vaizcom.github.io/autotests/388//#testresult/2a83825c8f4a1e9b","status":"passed","time":{"start":1761306756731,"stop":1761306757355,"duration":624}}]},"tags":["backend"]},"source":"e977bd9fb06335f6.json","parameterValues":["'Project'","'temp_project'"]}