{"uid":"fa720ceeaf6c506","name":"Создание документа в чужом space","fullName":"tests.test_backend.document.test_create_document#test_create_document_in_foreign_space","historyId":"9805cec5aa1fc391a042f4bd699e2761","time":{"start":1762155141398,"stop":1762155141398,"duration":0},"status":"failed","statusMessage":"AssertionError: assert 400 == 200\n +  where 400 = <Response [400]>.status_code","statusTrace":"owner_client = <tests.core.client.APIClient object at 0x7fb4e4ec1550>\n\n    @pytest.fixture(scope='session')\n    def temp_space(owner_client):\n        client = owner_client\n        name = generate_space_name()\n        response = client.post(**create_space_endpoint(name=name))\n>       assert response.status_code == 200\nE       assert 400 == 200\nE        +  where 400 = <Response [400]>.status_code\n\ntests/conftest.py:135: AssertionError","flaky":false,"newFailed":false,"newBroken":false,"newPassed":false,"retriesCount":0,"retriesStatusChange":false,"beforeStages":[{"name":"base_url","time":{"start":1762155001105,"stop":1762155001105,"duration":0},"status":"passed","steps":[],"attachments":[],"parameters":[],"shouldDisplayMessage":false,"stepsCount":0,"attachmentsCount":0,"hasContent":false},{"name":"pytestconfig","time":{"start":1762155001105,"stop":1762155001106,"duration":1},"status":"passed","steps":[],"attachments":[],"parameters":[],"shouldDisplayMessage":false,"stepsCount":0,"attachmentsCount":0,"hasContent":false},{"name":"_verify_url","time":{"start":1762155001105,"stop":1762155001105,"duration":0},"status":"passed","steps":[],"attachments":[],"parameters":[],"shouldDisplayMessage":false,"stepsCount":0,"attachmentsCount":0,"hasContent":false},{"name":"owner_client","time":{"start":1762155001106,"stop":1762155001799,"duration":693},"status":"passed","steps":[],"attachments":[],"parameters":[],"shouldDisplayMessage":false,"stepsCount":0,"attachmentsCount":0,"hasContent":false},{"name":"delete_output_dir","time":{"start":1762155001106,"stop":1762155001106,"duration":0},"status":"passed","steps":[],"attachments":[],"parameters":[],"shouldDisplayMessage":false,"stepsCount":0,"attachmentsCount":0,"hasContent":false},{"name":"guest_client","time":{"start":1762155012830,"stop":1762155013446,"duration":616},"status":"passed","steps":[],"attachments":[],"parameters":[],"shouldDisplayMessage":false,"stepsCount":0,"attachmentsCount":0,"hasContent":false},{"name":"temp_space","time":{"start":1762155015683,"stop":1762155015846,"duration":163},"status":"failed","statusMessage":"AssertionError: assert 400 == 200\n +  where 400 = <Response [400]>.status_code\n","statusTrace":"  File \"/opt/hostedtoolcache/Python/3.11.14/x64/lib/python3.11/site-packages/pluggy/_callers.py\", line 167, in _multicall\n    teardown.throw(outcome._exception)\n  File \"/opt/hostedtoolcache/Python/3.11.14/x64/lib/python3.11/site-packages/_pytest/setuponly.py\", line 36, in pytest_fixture_setup\n    return (yield)\n            ^^^^^\n  File \"/opt/hostedtoolcache/Python/3.11.14/x64/lib/python3.11/site-packages/pluggy/_callers.py\", line 103, in _multicall\n    res = hook_impl.function(*args)\n          ^^^^^^^^^^^^^^^^^^^^^^^^^\n  File \"/opt/hostedtoolcache/Python/3.11.14/x64/lib/python3.11/site-packages/_pytest/fixtures.py\", line 1140, in pytest_fixture_setup\n    result = call_fixture_func(fixturefunc, request, kwargs)\n             ^^^^^^^^^^^^^^^^^^^^^^^^^^^^^^^^^^^^^^^^^^^^^^^\n  File \"/opt/hostedtoolcache/Python/3.11.14/x64/lib/python3.11/site-packages/_pytest/fixtures.py\", line 891, in call_fixture_func\n    fixture_result = next(generator)\n                     ^^^^^^^^^^^^^^^\n  File \"/home/runner/work/autotests/autotests/tests/conftest.py\", line 135, in temp_space\n    assert response.status_code == 200\n","steps":[],"attachments":[],"parameters":[],"shouldDisplayMessage":true,"stepsCount":0,"attachmentsCount":0,"hasContent":true},{"name":"foreign_space","time":{"start":1762155141398,"stop":1762155141992,"duration":594},"status":"passed","steps":[],"attachments":[],"parameters":[],"shouldDisplayMessage":false,"stepsCount":0,"attachmentsCount":0,"hasContent":false}],"afterStages":[{"name":"foreign_space::0","time":{"start":1762155164248,"stop":1762155164480,"duration":232},"status":"passed","steps":[],"attachments":[],"parameters":[],"shouldDisplayMessage":false,"stepsCount":0,"attachmentsCount":0,"hasContent":false}],"labels":[{"name":"tag","value":"backend"},{"name":"parentSuite","value":"tests.test_backend.document"},{"name":"suite","value":"test_create_document"},{"name":"host","value":"runnervmf2e7y"},{"name":"thread","value":"2549-MainThread"},{"name":"framework","value":"pytest"},{"name":"language","value":"cpython3"},{"name":"package","value":"tests.test_backend.document.test_create_document"},{"name":"resultFormat","value":"allure2"}],"parameters":[],"links":[],"hidden":false,"retry":false,"extra":{"severity":"normal","retries":[],"categories":[{"name":"Product defects","matchedStatuses":[],"flaky":false}],"history":{"statistic":{"failed":16,"broken":0,"skipped":0,"passed":40,"unknown":0,"total":56},"items":[{"uid":"4c9fea4b357504e4","reportUrl":"https://vaizcom.github.io/autotests/404//#testresult/4c9fea4b357504e4","status":"failed","statusDetails":"AssertionError: assert 400 == 200\n +  where 400 = <Response [400]>.status_code","time":{"start":1761921877397,"stop":1761921877397,"duration":0}},{"uid":"4a11726c3e6d1389","reportUrl":"https://vaizcom.github.io/autotests/404//#testresult/4a11726c3e6d1389","status":"failed","statusDetails":"AssertionError: assert 400 == 200\n +  where 400 = <Response [400]>.status_code","time":{"start":1761912188297,"stop":1761912188297,"duration":0}},{"uid":"a5c82e1fa6c09b53","reportUrl":"https://vaizcom.github.io/autotests/403//#testresult/a5c82e1fa6c09b53","status":"failed","statusDetails":"AssertionError: assert 400 == 200\n +  where 400 = <Response [400]>.status_code","time":{"start":1761911300239,"stop":1761911300239,"duration":0}},{"uid":"3e2f5c6f035daa2c","reportUrl":"https://vaizcom.github.io/autotests/402//#testresult/3e2f5c6f035daa2c","status":"failed","statusDetails":"AssertionError: assert 400 == 200\n +  where 400 = <Response [400]>.status_code","time":{"start":1761910911920,"stop":1761910911920,"duration":0}},{"uid":"2d3fd6ef2dd8c0c5","reportUrl":"https://vaizcom.github.io/autotests/401//#testresult/2d3fd6ef2dd8c0c5","status":"failed","statusDetails":"AssertionError: assert 400 == 200\n +  where 400 = <Response [400]>.status_code","time":{"start":1761910613779,"stop":1761910613779,"duration":0}},{"uid":"98ed6dca30acdceb","reportUrl":"https://vaizcom.github.io/autotests/400//#testresult/98ed6dca30acdceb","status":"failed","statusDetails":"AssertionError: assert 400 == 200\n +  where 400 = <Response [400]>.status_code","time":{"start":1761910005656,"stop":1761910005656,"duration":0}},{"uid":"7a321ecf7088a37f","reportUrl":"https://vaizcom.github.io/autotests/399//#testresult/7a321ecf7088a37f","status":"failed","statusDetails":"AssertionError: assert 400 == 200\n +  where 400 = <Response [400]>.status_code","time":{"start":1761900037146,"stop":1761900037146,"duration":0}},{"uid":"6727187beaf3b542","reportUrl":"https://vaizcom.github.io/autotests/398//#testresult/6727187beaf3b542","status":"failed","statusDetails":"AssertionError: assert 400 == 200\n +  where 400 = <Response [400]>.status_code","time":{"start":1761835057758,"stop":1761835057758,"duration":0}},{"uid":"14292bbe58503e99","reportUrl":"https://vaizcom.github.io/autotests/397//#testresult/14292bbe58503e99","status":"failed","statusDetails":"AssertionError: assert 400 == 200\n +  where 400 = <Response [400]>.status_code","time":{"start":1761834642239,"stop":1761834642239,"duration":0}},{"uid":"c54088d0a0387c99","reportUrl":"https://vaizcom.github.io/autotests/396//#testresult/c54088d0a0387c99","status":"failed","statusDetails":"AssertionError: assert 400 == 200\n +  where 400 = <Response [400]>.status_code","time":{"start":1761833478355,"stop":1761833478355,"duration":0}},{"uid":"f7a10c3d2cfe4a4e","reportUrl":"https://vaizcom.github.io/autotests/395//#testresult/f7a10c3d2cfe4a4e","status":"passed","time":{"start":1761821721799,"stop":1761821722044,"duration":245}},{"uid":"10d8ada822fc5b2a","reportUrl":"https://vaizcom.github.io/autotests/394//#testresult/10d8ada822fc5b2a","status":"failed","statusDetails":"AssertionError: assert 400 == 200\n +  where 400 = <Response [400]>.status_code","time":{"start":1761818766612,"stop":1761818766612,"duration":0}},{"uid":"3b0139de64f8788f","reportUrl":"https://vaizcom.github.io/autotests/393//#testresult/3b0139de64f8788f","status":"failed","statusDetails":"AssertionError: assert 400 == 200\n +  where 400 = <Response [400]>.status_code","time":{"start":1761748630411,"stop":1761748630411,"duration":0}},{"uid":"5af1fc9c4ab5a374","reportUrl":"https://vaizcom.github.io/autotests/393//#testresult/5af1fc9c4ab5a374","status":"failed","statusDetails":"AssertionError: assert 400 == 200\n +  where 400 = <Response [400]>.status_code","time":{"start":1761747905942,"stop":1761747905942,"duration":0}},{"uid":"533f677d30f1dced","reportUrl":"https://vaizcom.github.io/autotests/391//#testresult/533f677d30f1dced","status":"passed","time":{"start":1761746887276,"stop":1761746887779,"duration":503}},{"uid":"7bfc6c704ae5cb75","reportUrl":"https://vaizcom.github.io/autotests/392//#testresult/7bfc6c704ae5cb75","status":"failed","statusDetails":"AssertionError: assert 400 == 200\n +  where 400 = <Response [400]>.status_code","time":{"start":1761745738418,"stop":1761745738418,"duration":0}},{"uid":"5d919df2041ab341","reportUrl":"https://vaizcom.github.io/autotests/391//#testresult/5d919df2041ab341","status":"passed","time":{"start":1761576721370,"stop":1761576722268,"duration":898}},{"uid":"6c408d11cb524e22","reportUrl":"https://vaizcom.github.io/autotests/390//#testresult/6c408d11cb524e22","status":"passed","time":{"start":1761557370445,"stop":1761557370884,"duration":439}},{"uid":"85b341cf40b5c97b","reportUrl":"https://vaizcom.github.io/autotests/389//#testresult/85b341cf40b5c97b","status":"passed","time":{"start":1761308594941,"stop":1761308595318,"duration":377}},{"uid":"5424bdc2fdc115bb","reportUrl":"https://vaizcom.github.io/autotests/388//#testresult/5424bdc2fdc115bb","status":"passed","time":{"start":1761306756079,"stop":1761306756438,"duration":359}}]},"tags":["backend"]},"source":"fa720ceeaf6c506.json","parameterValues":[]}