{"uid":"83733c5055353962","name":"test_create_and_duplicate_document[member]","fullName":"tests.test_backend.document.test_duplicate_document#test_create_and_duplicate_document","historyId":"2d60736ce96f8be1d36c89dc77d89143","time":{"start":1762514868378,"stop":1762514868378,"duration":0},"status":"failed","statusMessage":"AssertionError: assert 400 == 200\n +  where 400 = <Response [400]>.status_code","statusTrace":"owner_client = <tests.core.client.APIClient object at 0x7fdb69ea7250>\nrequest = <SubRequest 'temp_document' for <Function test_create_and_duplicate_document[member]>>\nkind = 'Member', kind_id_fixture = 'temp_member'\n\n    @pytest.fixture\n    def temp_document(owner_client, request, kind, kind_id_fixture):\n>       kind_id = request.getfixturevalue(kind_id_fixture)\n\ntests/conftest.py:270: \n_ _ _ _ _ _ _ _ _ _ _ _ _ _ _ _ _ _ _ _ _ _ _ _ _ _ _ _ _ _ _ _ _ _ _ _ _ _ _ _ \n\nowner_client = <tests.core.client.APIClient object at 0x7fdb69ea7250>\n\n    @pytest.fixture(scope='session')\n    def temp_space(owner_client):\n        client = owner_client\n        name = generate_space_name()\n        response = client.post(**create_space_endpoint(name=name))\n>       assert response.status_code == 200\nE       assert 400 == 200\nE        +  where 400 = <Response [400]>.status_code\n\ntests/conftest.py:144: AssertionError","flaky":true,"newFailed":true,"newBroken":false,"newPassed":false,"retriesCount":0,"retriesStatusChange":false,"beforeStages":[{"name":"_verify_url","time":{"start":1762514744675,"stop":1762514744675,"duration":0},"status":"passed","steps":[],"attachments":[],"parameters":[],"stepsCount":0,"shouldDisplayMessage":false,"attachmentsCount":0,"hasContent":false,"attachmentStep":false},{"name":"owner_client","time":{"start":1762514744675,"stop":1762514745163,"duration":488},"status":"passed","steps":[],"attachments":[],"parameters":[],"stepsCount":0,"shouldDisplayMessage":false,"attachmentsCount":0,"hasContent":false,"attachmentStep":false},{"name":"delete_output_dir","time":{"start":1762514744675,"stop":1762514744675,"duration":0},"status":"passed","steps":[],"attachments":[],"parameters":[],"stepsCount":0,"shouldDisplayMessage":false,"attachmentsCount":0,"hasContent":false,"attachmentStep":false},{"name":"base_url","time":{"start":1762514744675,"stop":1762514744675,"duration":0},"status":"passed","steps":[],"attachments":[],"parameters":[],"stepsCount":0,"shouldDisplayMessage":false,"attachmentsCount":0,"hasContent":false,"attachmentStep":false},{"name":"pytestconfig","time":{"start":1762514744675,"stop":1762514744675,"duration":0},"status":"passed","steps":[],"attachments":[],"parameters":[],"stepsCount":0,"shouldDisplayMessage":false,"attachmentsCount":0,"hasContent":false,"attachmentStep":false},{"name":"temp_document","time":{"start":1762514868379,"stop":1762514868379,"duration":0},"status":"failed","statusMessage":"AssertionError: assert 400 == 200\n +  where 400 = <Response [400]>.status_code\n","statusTrace":"  File \"/opt/hostedtoolcache/Python/3.11.14/x64/lib/python3.11/site-packages/pluggy/_callers.py\", line 167, in _multicall\n    teardown.throw(outcome._exception)\n  File \"/opt/hostedtoolcache/Python/3.11.14/x64/lib/python3.11/site-packages/_pytest/setuponly.py\", line 36, in pytest_fixture_setup\n    return (yield)\n            ^^^^^\n  File \"/opt/hostedtoolcache/Python/3.11.14/x64/lib/python3.11/site-packages/pluggy/_callers.py\", line 103, in _multicall\n    res = hook_impl.function(*args)\n          ^^^^^^^^^^^^^^^^^^^^^^^^^\n  File \"/opt/hostedtoolcache/Python/3.11.14/x64/lib/python3.11/site-packages/_pytest/fixtures.py\", line 1140, in pytest_fixture_setup\n    result = call_fixture_func(fixturefunc, request, kwargs)\n             ^^^^^^^^^^^^^^^^^^^^^^^^^^^^^^^^^^^^^^^^^^^^^^^\n  File \"/opt/hostedtoolcache/Python/3.11.14/x64/lib/python3.11/site-packages/_pytest/fixtures.py\", line 891, in call_fixture_func\n    fixture_result = next(generator)\n                     ^^^^^^^^^^^^^^^\n  File \"/home/runner/work/autotests/autotests/tests/conftest.py\", line 270, in temp_document\n    kind_id = request.getfixturevalue(kind_id_fixture)\n              ^^^^^^^^^^^^^^^^^^^^^^^^^^^^^^^^^^^^^^^^\n  File \"/opt/hostedtoolcache/Python/3.11.14/x64/lib/python3.11/site-packages/_pytest/fixtures.py\", line 532, in getfixturevalue\n    fixturedef = self._get_active_fixturedef(argname)\n                 ^^^^^^^^^^^^^^^^^^^^^^^^^^^^^^^^^^^^\n  File \"/opt/hostedtoolcache/Python/3.11.14/x64/lib/python3.11/site-packages/_pytest/fixtures.py\", line 617, in _get_active_fixturedef\n    fixturedef.execute(request=subrequest)\n  File \"/opt/hostedtoolcache/Python/3.11.14/x64/lib/python3.11/site-packages/_pytest/fixtures.py\", line 1047, in execute\n    fixturedef = request._get_active_fixturedef(argname)\n                 ^^^^^^^^^^^^^^^^^^^^^^^^^^^^^^^^^^^^^^^\n  File \"/opt/hostedtoolcache/Python/3.11.14/x64/lib/python3.11/site-packages/_pytest/fixtures.py\", line 617, in _get_active_fixturedef\n    fixturedef.execute(request=subrequest)\n  File \"/opt/hostedtoolcache/Python/3.11.14/x64/lib/python3.11/site-packages/_pytest/fixtures.py\", line 1071, in execute\n    raise exc.with_traceback(exc_tb)\n  File \"/opt/hostedtoolcache/Python/3.11.14/x64/lib/python3.11/site-packages/_pytest/fixtures.py\", line 1140, in pytest_fixture_setup\n    result = call_fixture_func(fixturefunc, request, kwargs)\n             ^^^^^^^^^^^^^^^^^^^^^^^^^^^^^^^^^^^^^^^^^^^^^^^\n  File \"/opt/hostedtoolcache/Python/3.11.14/x64/lib/python3.11/site-packages/_pytest/fixtures.py\", line 891, in call_fixture_func\n    fixture_result = next(generator)\n                     ^^^^^^^^^^^^^^^\n  File \"/home/runner/work/autotests/autotests/tests/conftest.py\", line 144, in temp_space\n    assert response.status_code == 200\n","steps":[],"attachments":[],"parameters":[],"stepsCount":0,"shouldDisplayMessage":true,"attachmentsCount":0,"hasContent":true,"attachmentStep":false}],"afterStages":[],"labels":[{"name":"tag","value":"backend"},{"name":"parentSuite","value":"tests.test_backend.document"},{"name":"suite","value":"test_duplicate_document"},{"name":"host","value":"runnervmf2e7y"},{"name":"thread","value":"2586-MainThread"},{"name":"framework","value":"pytest"},{"name":"language","value":"cpython3"},{"name":"package","value":"tests.test_backend.document.test_duplicate_document"},{"name":"resultFormat","value":"allure2"}],"parameters":[{"name":"kind","value":"'Member'"},{"name":"kind_id_fixture","value":"'temp_member'"}],"links":[],"hidden":false,"retry":false,"extra":{"severity":"normal","retries":[],"categories":[{"name":"Product defects","matchedStatuses":[],"flaky":false}],"history":{"statistic":{"failed":2,"broken":0,"skipped":0,"passed":13,"unknown":0,"total":15},"items":[{"uid":"4055f67f6df601ea","reportUrl":"https://vaizcom.github.io/autotests/420/#testresult/4055f67f6df601ea","status":"passed","time":{"start":1762507688399,"stop":1762507688991,"duration":592}},{"uid":"3c78ad6e3737ad5d","reportUrl":"https://vaizcom.github.io/autotests/420/#testresult/3c78ad6e3737ad5d","status":"failed","statusDetails":"AssertionError: assert 503 == 200\n +  where 503 = <Response [503]>.status_code","time":{"start":1762506267117,"stop":1762506267117,"duration":0}},{"uid":"5f01c791fd112b8c","reportUrl":"https://vaizcom.github.io/autotests/419/#testresult/5f01c791fd112b8c","status":"passed","time":{"start":1762505496447,"stop":1762505496985,"duration":538}},{"uid":"6dbebe7a2cf51d92","reportUrl":"https://vaizcom.github.io/autotests/418/#testresult/6dbebe7a2cf51d92","status":"passed","time":{"start":1762354475628,"stop":1762354476229,"duration":601}},{"uid":"a6fa9a677aa1daa5","reportUrl":"https://vaizcom.github.io/autotests/417/#testresult/a6fa9a677aa1daa5","status":"passed","time":{"start":1762353416272,"stop":1762353416873,"duration":601}},{"uid":"930d41702aba2904","reportUrl":"https://vaizcom.github.io/autotests/416/#testresult/930d41702aba2904","status":"passed","time":{"start":1762350006485,"stop":1762350007102,"duration":617}},{"uid":"51dff7e5ccacc9e8","reportUrl":"https://vaizcom.github.io/autotests/415/#testresult/51dff7e5ccacc9e8","status":"passed","time":{"start":1762331975284,"stop":1762331975778,"duration":494}},{"uid":"b47a82106766d9cc","reportUrl":"https://vaizcom.github.io/autotests/414/#testresult/b47a82106766d9cc","status":"passed","time":{"start":1762329029784,"stop":1762329030414,"duration":630}},{"uid":"f6fa8be52ec29fb8","reportUrl":"https://vaizcom.github.io/autotests/413/#testresult/f6fa8be52ec29fb8","status":"passed","time":{"start":1762270639034,"stop":1762270639632,"duration":598}},{"uid":"9e1a4a5321911e48","reportUrl":"https://vaizcom.github.io/autotests/412/#testresult/9e1a4a5321911e48","status":"passed","time":{"start":1762269857770,"stop":1762269858461,"duration":691}},{"uid":"85591393c3a4810a","reportUrl":"https://vaizcom.github.io/autotests/411/#testresult/85591393c3a4810a","status":"passed","time":{"start":1762269734820,"stop":1762269735875,"duration":1055}},{"uid":"ac64cd13e0e2ca8b","reportUrl":"https://vaizcom.github.io/autotests/410/#testresult/ac64cd13e0e2ca8b","status":"passed","time":{"start":1762269497697,"stop":1762269498336,"duration":639}},{"uid":"95e896f3a68a1ffe","reportUrl":"https://vaizcom.github.io/autotests/409/#testresult/95e896f3a68a1ffe","status":"passed","time":{"start":1762268859846,"stop":1762268860382,"duration":536}},{"uid":"eca7c041b14011f9","reportUrl":"https://vaizcom.github.io/autotests/408/#testresult/eca7c041b14011f9","status":"passed","time":{"start":1762245251996,"stop":1762245252665,"duration":669}}]},"tags":["backend"]},"source":"83733c5055353962.json","parameterValues":["'Member'","'temp_member'"]}