{"uid":"a1290f39995d2a3b","name":"test_get_ydocument_success[project]","fullName":"tests.test_backend.document.test_get_y_document#test_get_ydocument_success","historyId":"5d7031d36b8441516acd708ebd855001","time":{"start":1762514874450,"stop":1762514874450,"duration":0},"status":"failed","statusMessage":"AssertionError: assert 400 == 200\n +  where 400 = <Response [400]>.status_code","statusTrace":"owner_client = <tests.core.client.APIClient object at 0x7fdb69ea7250>\n\n    @pytest.fixture(scope='session')\n    def temp_space(owner_client):\n        client = owner_client\n        name = generate_space_name()\n        response = client.post(**create_space_endpoint(name=name))\n>       assert response.status_code == 200\nE       assert 400 == 200\nE        +  where 400 = <Response [400]>.status_code\n\ntests/conftest.py:144: AssertionError","flaky":true,"newFailed":true,"newBroken":false,"newPassed":false,"retriesCount":0,"retriesStatusChange":false,"beforeStages":[{"name":"_verify_url","time":{"start":1762514744675,"stop":1762514744675,"duration":0},"status":"passed","steps":[],"attachments":[],"parameters":[],"stepsCount":0,"shouldDisplayMessage":false,"attachmentsCount":0,"hasContent":false,"attachmentStep":false},{"name":"owner_client","time":{"start":1762514744675,"stop":1762514745163,"duration":488},"status":"passed","steps":[],"attachments":[],"parameters":[],"stepsCount":0,"shouldDisplayMessage":false,"attachmentsCount":0,"hasContent":false,"attachmentStep":false},{"name":"delete_output_dir","time":{"start":1762514744675,"stop":1762514744675,"duration":0},"status":"passed","steps":[],"attachments":[],"parameters":[],"stepsCount":0,"shouldDisplayMessage":false,"attachmentsCount":0,"hasContent":false,"attachmentStep":false},{"name":"base_url","time":{"start":1762514744675,"stop":1762514744675,"duration":0},"status":"passed","steps":[],"attachments":[],"parameters":[],"stepsCount":0,"shouldDisplayMessage":false,"attachmentsCount":0,"hasContent":false,"attachmentStep":false},{"name":"pytestconfig","time":{"start":1762514744675,"stop":1762514744675,"duration":0},"status":"passed","steps":[],"attachments":[],"parameters":[],"stepsCount":0,"shouldDisplayMessage":false,"attachmentsCount":0,"hasContent":false,"attachmentStep":false},{"name":"temp_space","time":{"start":1762514754079,"stop":1762514754206,"duration":127},"status":"failed","statusMessage":"AssertionError: assert 400 == 200\n +  where 400 = <Response [400]>.status_code\n","statusTrace":"  File \"/opt/hostedtoolcache/Python/3.11.14/x64/lib/python3.11/site-packages/pluggy/_callers.py\", line 167, in _multicall\n    teardown.throw(outcome._exception)\n  File \"/opt/hostedtoolcache/Python/3.11.14/x64/lib/python3.11/site-packages/_pytest/setuponly.py\", line 36, in pytest_fixture_setup\n    return (yield)\n            ^^^^^\n  File \"/opt/hostedtoolcache/Python/3.11.14/x64/lib/python3.11/site-packages/pluggy/_callers.py\", line 103, in _multicall\n    res = hook_impl.function(*args)\n          ^^^^^^^^^^^^^^^^^^^^^^^^^\n  File \"/opt/hostedtoolcache/Python/3.11.14/x64/lib/python3.11/site-packages/_pytest/fixtures.py\", line 1140, in pytest_fixture_setup\n    result = call_fixture_func(fixturefunc, request, kwargs)\n             ^^^^^^^^^^^^^^^^^^^^^^^^^^^^^^^^^^^^^^^^^^^^^^^\n  File \"/opt/hostedtoolcache/Python/3.11.14/x64/lib/python3.11/site-packages/_pytest/fixtures.py\", line 891, in call_fixture_func\n    fixture_result = next(generator)\n                     ^^^^^^^^^^^^^^^\n  File \"/home/runner/work/autotests/autotests/tests/conftest.py\", line 144, in temp_space\n    assert response.status_code == 200\n","steps":[],"attachments":[],"parameters":[],"stepsCount":0,"shouldDisplayMessage":true,"attachmentsCount":0,"hasContent":true,"attachmentStep":false}],"afterStages":[],"labels":[{"name":"tag","value":"backend"},{"name":"parentSuite","value":"tests.test_backend.document"},{"name":"suite","value":"test_get_y_document"},{"name":"host","value":"runnervmf2e7y"},{"name":"thread","value":"2586-MainThread"},{"name":"framework","value":"pytest"},{"name":"language","value":"cpython3"},{"name":"package","value":"tests.test_backend.document.test_get_y_document"},{"name":"resultFormat","value":"allure2"}],"parameters":[{"name":"kind","value":"'Project'"},{"name":"kind_id_fixture","value":"'temp_project'"}],"links":[],"hidden":false,"retry":false,"extra":{"severity":"normal","retries":[],"categories":[{"name":"Product defects","matchedStatuses":[],"flaky":false}],"history":{"statistic":{"failed":2,"broken":0,"skipped":0,"passed":13,"unknown":0,"total":15},"items":[{"uid":"fe5aa19185a6142a","reportUrl":"https://vaizcom.github.io/autotests/420/#testresult/fe5aa19185a6142a","status":"passed","time":{"start":1762507791331,"stop":1762507791847,"duration":516}},{"uid":"c43bb49648f354b3","reportUrl":"https://vaizcom.github.io/autotests/420/#testresult/c43bb49648f354b3","status":"failed","statusDetails":"AssertionError: Не удалось создать документ: <html>\r\n  <head><title>503 Service Temporarily Unavailable</title></head>\r\n  <body>\r\n  <center><h1>503 Service Temporarily Unavailable</h1></center>\r\n  <hr><center>nginx</center>\r\n  </body>\r\n  </html>\r\n  \nassert 503 == 200\n +  where 503 = <Response [503]>.status_code","time":{"start":1762506276296,"stop":1762506276407,"duration":111}},{"uid":"715c206c188ccac","reportUrl":"https://vaizcom.github.io/autotests/419/#testresult/715c206c188ccac","status":"passed","time":{"start":1762505594055,"stop":1762505594494,"duration":439}},{"uid":"e7f0dc3c74ac6c80","reportUrl":"https://vaizcom.github.io/autotests/418/#testresult/e7f0dc3c74ac6c80","status":"passed","time":{"start":1762354576665,"stop":1762354577235,"duration":570}},{"uid":"90a848dd5905d382","reportUrl":"https://vaizcom.github.io/autotests/417/#testresult/90a848dd5905d382","status":"passed","time":{"start":1762353524066,"stop":1762353524636,"duration":570}},{"uid":"373d6a7f01fc672a","reportUrl":"https://vaizcom.github.io/autotests/416/#testresult/373d6a7f01fc672a","status":"passed","time":{"start":1762350112548,"stop":1762350113102,"duration":554}},{"uid":"456193c0293942d","reportUrl":"https://vaizcom.github.io/autotests/415/#testresult/456193c0293942d","status":"passed","time":{"start":1762332067006,"stop":1762332067452,"duration":446}},{"uid":"69a877fbd8bcc50d","reportUrl":"https://vaizcom.github.io/autotests/414/#testresult/69a877fbd8bcc50d","status":"passed","time":{"start":1762329136975,"stop":1762329137543,"duration":568}},{"uid":"3140a6bae2ec2b77","reportUrl":"https://vaizcom.github.io/autotests/413/#testresult/3140a6bae2ec2b77","status":"passed","time":{"start":1762270744841,"stop":1762270745415,"duration":574}},{"uid":"e0b977152708d84e","reportUrl":"https://vaizcom.github.io/autotests/412/#testresult/e0b977152708d84e","status":"passed","time":{"start":1762269985443,"stop":1762269986092,"duration":649}},{"uid":"84efcca8c8907989","reportUrl":"https://vaizcom.github.io/autotests/411/#testresult/84efcca8c8907989","status":"passed","time":{"start":1762269884891,"stop":1762269885748,"duration":857}},{"uid":"97278218064eb806","reportUrl":"https://vaizcom.github.io/autotests/410/#testresult/97278218064eb806","status":"passed","time":{"start":1762269627077,"stop":1762269628221,"duration":1144}},{"uid":"130fa78766143ff0","reportUrl":"https://vaizcom.github.io/autotests/409/#testresult/130fa78766143ff0","status":"passed","time":{"start":1762268957436,"stop":1762268957910,"duration":474}},{"uid":"d6e5be8333590b08","reportUrl":"https://vaizcom.github.io/autotests/408/#testresult/d6e5be8333590b08","status":"passed","time":{"start":1762245366083,"stop":1762245366672,"duration":589}}]},"tags":["backend"]},"source":"a1290f39995d2a3b.json","parameterValues":["'Project'","'temp_project'"]}