{"uid":"b10d82c36d5f0b3d","name":"Тестирование получения задач(get_tasks) под разными ролями с валидацией набора полей и типов","fullName":"tests.test_backend.task_service.get_tasks.access_get_tasks.test_get_tasks#test_get_tasks_access_by_role","historyId":"5f8898058fd29e67598554f514e14442","time":{"start":1762514892782,"stop":1762514892911,"duration":129},"status":"failed","statusMessage":"AssertionError: assert 400 == 200\n +  where 400 = <Response [400]>.status_code","statusTrace":"request = <FixtureRequest for <Function test_get_tasks_access_by_role[owner]>>\nclient_fixture = 'owner_client', expected_status = 200\nboard_with_tasks = '6909d4141a593d8d7c3b9f91'\nmain_space = '6866309d85fb8d104544a61e'\n\n    @allure.title(\"Тестирование получения задач(get_tasks) под разными ролями с валидацией набора полей и типов\")\n    @pytest.mark.parametrize(\n        'client_fixture, expected_status',\n        [\n            ('owner_client', 200),\n            ('manager_client', 200),\n            ('member_client', 200),\n            ('guest_client', 200),\n        ],\n        ids=['owner', 'manager', 'member', 'guest'],\n    )\n    def test_get_tasks_access_by_role(request, client_fixture, expected_status, board_with_tasks, main_space):\n        client = request.getfixturevalue(client_fixture)\n    \n        with allure.step(f\"{client_fixture}: вызвать GetTasks\"):\n            resp = client.post(**get_tasks_endpoint(space_id=main_space, board=board_with_tasks))\n    \n        with allure.step(f\"Проверить HTTP {expected_status}\"):\n>           assert resp.status_code == expected_status\nE           assert 400 == 200\nE            +  where 400 = <Response [400]>.status_code\n\ntests/test_backend/task_service/get_tasks/access_get_tasks/test_get_tasks.py:27: AssertionError","flaky":true,"newFailed":true,"newBroken":false,"newPassed":false,"retriesCount":0,"retriesStatusChange":false,"beforeStages":[{"name":"_verify_url","time":{"start":1762514744675,"stop":1762514744675,"duration":0},"status":"passed","steps":[],"attachments":[],"parameters":[],"stepsCount":0,"shouldDisplayMessage":false,"attachmentsCount":0,"hasContent":false,"attachmentStep":false},{"name":"owner_client","time":{"start":1762514744675,"stop":1762514745163,"duration":488},"status":"passed","steps":[],"attachments":[],"parameters":[],"stepsCount":0,"shouldDisplayMessage":false,"attachmentsCount":0,"hasContent":false,"attachmentStep":false},{"name":"delete_output_dir","time":{"start":1762514744675,"stop":1762514744675,"duration":0},"status":"passed","steps":[],"attachments":[],"parameters":[],"stepsCount":0,"shouldDisplayMessage":false,"attachmentsCount":0,"hasContent":false,"attachmentStep":false},{"name":"base_url","time":{"start":1762514744675,"stop":1762514744675,"duration":0},"status":"passed","steps":[],"attachments":[],"parameters":[],"stepsCount":0,"shouldDisplayMessage":false,"attachmentsCount":0,"hasContent":false,"attachmentStep":false},{"name":"pytestconfig","time":{"start":1762514744675,"stop":1762514744675,"duration":0},"status":"passed","steps":[],"attachments":[],"parameters":[],"stepsCount":0,"shouldDisplayMessage":false,"attachmentsCount":0,"hasContent":false,"attachmentStep":false},{"name":"main_client","time":{"start":1762514747767,"stop":1762514748016,"duration":249},"status":"passed","steps":[],"attachments":[],"parameters":[],"stepsCount":0,"shouldDisplayMessage":false,"attachmentsCount":0,"hasContent":false,"attachmentStep":false},{"name":"main_space","time":{"start":1762514748016,"stop":1762514748239,"duration":223},"status":"passed","steps":[],"attachments":[],"parameters":[],"stepsCount":0,"shouldDisplayMessage":false,"attachmentsCount":0,"hasContent":false,"attachmentStep":false},{"name":"board_with_tasks","time":{"start":1762514889607,"stop":1762514890383,"duration":776},"status":"passed","steps":[],"attachments":[],"parameters":[],"stepsCount":0,"shouldDisplayMessage":false,"attachmentsCount":0,"hasContent":false,"attachmentStep":false}],"testStage":{"status":"failed","statusMessage":"AssertionError: assert 400 == 200\n +  where 400 = <Response [400]>.status_code","statusTrace":"request = <FixtureRequest for <Function test_get_tasks_access_by_role[owner]>>\nclient_fixture = 'owner_client', expected_status = 200\nboard_with_tasks = '6909d4141a593d8d7c3b9f91'\nmain_space = '6866309d85fb8d104544a61e'\n\n    @allure.title(\"Тестирование получения задач(get_tasks) под разными ролями с валидацией набора полей и типов\")\n    @pytest.mark.parametrize(\n        'client_fixture, expected_status',\n        [\n            ('owner_client', 200),\n            ('manager_client', 200),\n            ('member_client', 200),\n            ('guest_client', 200),\n        ],\n        ids=['owner', 'manager', 'member', 'guest'],\n    )\n    def test_get_tasks_access_by_role(request, client_fixture, expected_status, board_with_tasks, main_space):\n        client = request.getfixturevalue(client_fixture)\n    \n        with allure.step(f\"{client_fixture}: вызвать GetTasks\"):\n            resp = client.post(**get_tasks_endpoint(space_id=main_space, board=board_with_tasks))\n    \n        with allure.step(f\"Проверить HTTP {expected_status}\"):\n>           assert resp.status_code == expected_status\nE           assert 400 == 200\nE            +  where 400 = <Response [400]>.status_code\n\ntests/test_backend/task_service/get_tasks/access_get_tasks/test_get_tasks.py:27: AssertionError","steps":[{"name":"owner_client: вызвать GetTasks","time":{"start":1762514892782,"stop":1762514892911,"duration":129},"status":"passed","steps":[],"attachments":[],"parameters":[],"stepsCount":0,"shouldDisplayMessage":false,"attachmentsCount":0,"hasContent":false,"attachmentStep":false},{"name":"Проверить HTTP 200","time":{"start":1762514892911,"stop":1762514892911,"duration":0},"status":"failed","statusMessage":"AssertionError: assert 400 == 200\n +  where 400 = <Response [400]>.status_code\n","statusTrace":"  File \"/home/runner/work/autotests/autotests/tests/test_backend/task_service/get_tasks/access_get_tasks/test_get_tasks.py\", line 27, in test_get_tasks_access_by_role\n    assert resp.status_code == expected_status\n","steps":[],"attachments":[],"parameters":[],"stepsCount":0,"shouldDisplayMessage":true,"attachmentsCount":0,"hasContent":true,"attachmentStep":false}],"attachments":[],"parameters":[],"stepsCount":2,"shouldDisplayMessage":true,"attachmentsCount":0,"hasContent":true,"attachmentStep":false},"afterStages":[],"labels":[{"name":"tag","value":"backend"},{"name":"parentSuite","value":"tests.test_backend.task_service.get_tasks.access_get_tasks"},{"name":"suite","value":"test_get_tasks"},{"name":"host","value":"runnervmf2e7y"},{"name":"thread","value":"2586-MainThread"},{"name":"framework","value":"pytest"},{"name":"language","value":"cpython3"},{"name":"package","value":"tests.test_backend.task_service.get_tasks.access_get_tasks.test_get_tasks"},{"name":"resultFormat","value":"allure2"}],"parameters":[{"name":"client_fixture","value":"'owner_client'"},{"name":"expected_status","value":"200"}],"links":[],"hidden":false,"retry":false,"extra":{"severity":"normal","retries":[],"categories":[{"name":"Product defects","matchedStatuses":[],"flaky":false}],"history":{"statistic":{"failed":2,"broken":0,"skipped":0,"passed":1,"unknown":0,"total":3},"items":[{"uid":"9d7b86c2f040c6cd","reportUrl":"https://vaizcom.github.io/autotests/420/#testresult/9d7b86c2f040c6cd","status":"passed","time":{"start":1762508063744,"stop":1762508069948,"duration":6204}},{"uid":"89b3dd636058067","reportUrl":"https://vaizcom.github.io/autotests/420/#testresult/89b3dd636058067","status":"failed","statusDetails":"AssertionError: Board 6909d4141a593d8d7c3b9f91 not found: <html>\r\n  <head><title>503 Service Temporarily Unavailable</title></head>\r\n  <body>\r\n  <center><h1>503 Service Temporarily Unavailable</h1></center>\r\n  <hr><center>nginx</center>\r\n  </body>\r\n  </html>\r\n  \nassert 503 == 200\n +  where 503 = <Response [503]>.status_code","time":{"start":1762506285474,"stop":1762506285474,"duration":0}}]},"tags":["backend"]},"source":"b10d82c36d5f0b3d.json","parameterValues":["'owner_client'","200"]}