{"uid":"baf945efff2aac67","name":"test_create_and_duplicate_document[project]","fullName":"tests.test_backend.document.test_duplicate_document#test_create_and_duplicate_document","historyId":"b349312f7c033be6d81a13a7639cdd2f","time":{"start":1762514868356,"stop":1762514868356,"duration":0},"status":"failed","statusMessage":"AssertionError: assert 400 == 200\n +  where 400 = <Response [400]>.status_code","statusTrace":"owner_client = <tests.core.client.APIClient object at 0x7fdb69ea7250>\nrequest = <SubRequest 'temp_document' for <Function test_create_and_duplicate_document[project]>>\nkind = 'Project', kind_id_fixture = 'temp_project'\n\n    @pytest.fixture\n    def temp_document(owner_client, request, kind, kind_id_fixture):\n>       kind_id = request.getfixturevalue(kind_id_fixture)\n\ntests/conftest.py:270: \n_ _ _ _ _ _ _ _ _ _ _ _ _ _ _ _ _ _ _ _ _ _ _ _ _ _ _ _ _ _ _ _ _ _ _ _ _ _ _ _ \n\nowner_client = <tests.core.client.APIClient object at 0x7fdb69ea7250>\n\n    @pytest.fixture(scope='session')\n    def temp_space(owner_client):\n        client = owner_client\n        name = generate_space_name()\n        response = client.post(**create_space_endpoint(name=name))\n>       assert response.status_code == 200\nE       assert 400 == 200\nE        +  where 400 = <Response [400]>.status_code\n\ntests/conftest.py:144: AssertionError","flaky":true,"newFailed":true,"newBroken":false,"newPassed":false,"retriesCount":0,"retriesStatusChange":false,"beforeStages":[{"name":"_verify_url","time":{"start":1762514744675,"stop":1762514744675,"duration":0},"status":"passed","steps":[],"attachments":[],"parameters":[],"stepsCount":0,"shouldDisplayMessage":false,"attachmentsCount":0,"hasContent":false,"attachmentStep":false},{"name":"owner_client","time":{"start":1762514744675,"stop":1762514745163,"duration":488},"status":"passed","steps":[],"attachments":[],"parameters":[],"stepsCount":0,"shouldDisplayMessage":false,"attachmentsCount":0,"hasContent":false,"attachmentStep":false},{"name":"delete_output_dir","time":{"start":1762514744675,"stop":1762514744675,"duration":0},"status":"passed","steps":[],"attachments":[],"parameters":[],"stepsCount":0,"shouldDisplayMessage":false,"attachmentsCount":0,"hasContent":false,"attachmentStep":false},{"name":"base_url","time":{"start":1762514744675,"stop":1762514744675,"duration":0},"status":"passed","steps":[],"attachments":[],"parameters":[],"stepsCount":0,"shouldDisplayMessage":false,"attachmentsCount":0,"hasContent":false,"attachmentStep":false},{"name":"pytestconfig","time":{"start":1762514744675,"stop":1762514744675,"duration":0},"status":"passed","steps":[],"attachments":[],"parameters":[],"stepsCount":0,"shouldDisplayMessage":false,"attachmentsCount":0,"hasContent":false,"attachmentStep":false},{"name":"temp_document","time":{"start":1762514868356,"stop":1762514868356,"duration":0},"status":"failed","statusMessage":"AssertionError: assert 400 == 200\n +  where 400 = <Response [400]>.status_code\n","statusTrace":"  File \"/opt/hostedtoolcache/Python/3.11.14/x64/lib/python3.11/site-packages/pluggy/_callers.py\", line 167, in _multicall\n    teardown.throw(outcome._exception)\n  File \"/opt/hostedtoolcache/Python/3.11.14/x64/lib/python3.11/site-packages/_pytest/setuponly.py\", line 36, in pytest_fixture_setup\n    return (yield)\n            ^^^^^\n  File \"/opt/hostedtoolcache/Python/3.11.14/x64/lib/python3.11/site-packages/pluggy/_callers.py\", line 103, in _multicall\n    res = hook_impl.function(*args)\n          ^^^^^^^^^^^^^^^^^^^^^^^^^\n  File \"/opt/hostedtoolcache/Python/3.11.14/x64/lib/python3.11/site-packages/_pytest/fixtures.py\", line 1140, in pytest_fixture_setup\n    result = call_fixture_func(fixturefunc, request, kwargs)\n             ^^^^^^^^^^^^^^^^^^^^^^^^^^^^^^^^^^^^^^^^^^^^^^^\n  File \"/opt/hostedtoolcache/Python/3.11.14/x64/lib/python3.11/site-packages/_pytest/fixtures.py\", line 891, in call_fixture_func\n    fixture_result = next(generator)\n                     ^^^^^^^^^^^^^^^\n  File \"/home/runner/work/autotests/autotests/tests/conftest.py\", line 270, in temp_document\n    kind_id = request.getfixturevalue(kind_id_fixture)\n              ^^^^^^^^^^^^^^^^^^^^^^^^^^^^^^^^^^^^^^^^\n  File \"/opt/hostedtoolcache/Python/3.11.14/x64/lib/python3.11/site-packages/_pytest/fixtures.py\", line 532, in getfixturevalue\n    fixturedef = self._get_active_fixturedef(argname)\n                 ^^^^^^^^^^^^^^^^^^^^^^^^^^^^^^^^^^^^\n  File \"/opt/hostedtoolcache/Python/3.11.14/x64/lib/python3.11/site-packages/_pytest/fixtures.py\", line 617, in _get_active_fixturedef\n    fixturedef.execute(request=subrequest)\n  File \"/opt/hostedtoolcache/Python/3.11.14/x64/lib/python3.11/site-packages/_pytest/fixtures.py\", line 1047, in execute\n    fixturedef = request._get_active_fixturedef(argname)\n                 ^^^^^^^^^^^^^^^^^^^^^^^^^^^^^^^^^^^^^^^\n  File \"/opt/hostedtoolcache/Python/3.11.14/x64/lib/python3.11/site-packages/_pytest/fixtures.py\", line 617, in _get_active_fixturedef\n    fixturedef.execute(request=subrequest)\n  File \"/opt/hostedtoolcache/Python/3.11.14/x64/lib/python3.11/site-packages/_pytest/fixtures.py\", line 1071, in execute\n    raise exc.with_traceback(exc_tb)\n  File \"/opt/hostedtoolcache/Python/3.11.14/x64/lib/python3.11/site-packages/_pytest/fixtures.py\", line 1140, in pytest_fixture_setup\n    result = call_fixture_func(fixturefunc, request, kwargs)\n             ^^^^^^^^^^^^^^^^^^^^^^^^^^^^^^^^^^^^^^^^^^^^^^^\n  File \"/opt/hostedtoolcache/Python/3.11.14/x64/lib/python3.11/site-packages/_pytest/fixtures.py\", line 891, in call_fixture_func\n    fixture_result = next(generator)\n                     ^^^^^^^^^^^^^^^\n  File \"/home/runner/work/autotests/autotests/tests/conftest.py\", line 144, in temp_space\n    assert response.status_code == 200\n","steps":[],"attachments":[],"parameters":[],"stepsCount":0,"shouldDisplayMessage":true,"attachmentsCount":0,"hasContent":true,"attachmentStep":false}],"afterStages":[],"labels":[{"name":"tag","value":"backend"},{"name":"parentSuite","value":"tests.test_backend.document"},{"name":"suite","value":"test_duplicate_document"},{"name":"host","value":"runnervmf2e7y"},{"name":"thread","value":"2586-MainThread"},{"name":"framework","value":"pytest"},{"name":"language","value":"cpython3"},{"name":"package","value":"tests.test_backend.document.test_duplicate_document"},{"name":"resultFormat","value":"allure2"}],"parameters":[{"name":"kind","value":"'Project'"},{"name":"kind_id_fixture","value":"'temp_project'"}],"links":[],"hidden":false,"retry":false,"extra":{"severity":"normal","retries":[],"categories":[{"name":"Product defects","matchedStatuses":[],"flaky":false}],"history":{"statistic":{"failed":2,"broken":0,"skipped":0,"passed":13,"unknown":0,"total":15},"items":[{"uid":"66c276cce8e31076","reportUrl":"https://vaizcom.github.io/autotests/420/#testresult/66c276cce8e31076","status":"passed","time":{"start":1762507685711,"stop":1762507686368,"duration":657}},{"uid":"4b8ad388076968f9","reportUrl":"https://vaizcom.github.io/autotests/420/#testresult/4b8ad388076968f9","status":"failed","statusDetails":"AssertionError: assert 503 == 200\n +  where 503 = <Response [503]>.status_code","time":{"start":1762506266887,"stop":1762506266887,"duration":0}},{"uid":"5670b3d4ee91d0b8","reportUrl":"https://vaizcom.github.io/autotests/419/#testresult/5670b3d4ee91d0b8","status":"passed","time":{"start":1762505494485,"stop":1762505495042,"duration":557}},{"uid":"25ff68adfc6abdee","reportUrl":"https://vaizcom.github.io/autotests/418/#testresult/25ff68adfc6abdee","status":"passed","time":{"start":1762354473418,"stop":1762354474038,"duration":620}},{"uid":"7cae27b07797d98","reportUrl":"https://vaizcom.github.io/autotests/417/#testresult/7cae27b07797d98","status":"passed","time":{"start":1762353413902,"stop":1762353414525,"duration":623}},{"uid":"d74a43f6c6dee8f7","reportUrl":"https://vaizcom.github.io/autotests/416/#testresult/d74a43f6c6dee8f7","status":"passed","time":{"start":1762350003939,"stop":1762350004776,"duration":837}},{"uid":"9ab099e2beb0002e","reportUrl":"https://vaizcom.github.io/autotests/415/#testresult/9ab099e2beb0002e","status":"passed","time":{"start":1762331972373,"stop":1762331973930,"duration":1557}},{"uid":"8be08281c9db4027","reportUrl":"https://vaizcom.github.io/autotests/414/#testresult/8be08281c9db4027","status":"passed","time":{"start":1762329027509,"stop":1762329028127,"duration":618}},{"uid":"4a6087a0bfde374c","reportUrl":"https://vaizcom.github.io/autotests/413/#testresult/4a6087a0bfde374c","status":"passed","time":{"start":1762270636774,"stop":1762270637359,"duration":585}},{"uid":"a91ae1a98b1f87fe","reportUrl":"https://vaizcom.github.io/autotests/412/#testresult/a91ae1a98b1f87fe","status":"passed","time":{"start":1762269854229,"stop":1762269854995,"duration":766}},{"uid":"c68d1b1960ec2b59","reportUrl":"https://vaizcom.github.io/autotests/411/#testresult/c68d1b1960ec2b59","status":"passed","time":{"start":1762269730255,"stop":1762269731511,"duration":1256}},{"uid":"fae7b8632d611131","reportUrl":"https://vaizcom.github.io/autotests/410/#testresult/fae7b8632d611131","status":"passed","time":{"start":1762269494933,"stop":1762269495583,"duration":650}},{"uid":"e1d95a580e57a5e9","reportUrl":"https://vaizcom.github.io/autotests/409/#testresult/e1d95a580e57a5e9","status":"passed","time":{"start":1762268857860,"stop":1762268858448,"duration":588}},{"uid":"5f303c1c3429a243","reportUrl":"https://vaizcom.github.io/autotests/408/#testresult/5f303c1c3429a243","status":"passed","time":{"start":1762245249419,"stop":1762245250108,"duration":689}}]},"tags":["backend"]},"source":"baf945efff2aac67.json","parameterValues":["'Project'","'temp_project'"]}