{"uid":"f2dcd5f4469f32bb","name":"test_create_and_duplicate_document[space]","fullName":"tests.test_backend.document.test_duplicate_document#test_create_and_duplicate_document","historyId":"83c1ce6fc7839eb7d43871d5262083f2","time":{"start":1762514868367,"stop":1762514868367,"duration":0},"status":"failed","statusMessage":"AssertionError: assert 400 == 200\n +  where 400 = <Response [400]>.status_code","statusTrace":"owner_client = <tests.core.client.APIClient object at 0x7fdb69ea7250>\nrequest = <SubRequest 'temp_document' for <Function test_create_and_duplicate_document[space]>>\nkind = 'Space', kind_id_fixture = 'temp_space'\n\n    @pytest.fixture\n    def temp_document(owner_client, request, kind, kind_id_fixture):\n>       kind_id = request.getfixturevalue(kind_id_fixture)\n\ntests/conftest.py:270: \n_ _ _ _ _ _ _ _ _ _ _ _ _ _ _ _ _ _ _ _ _ _ _ _ _ _ _ _ _ _ _ _ _ _ _ _ _ _ _ _ \n\nowner_client = <tests.core.client.APIClient object at 0x7fdb69ea7250>\n\n    @pytest.fixture(scope='session')\n    def temp_space(owner_client):\n        client = owner_client\n        name = generate_space_name()\n        response = client.post(**create_space_endpoint(name=name))\n>       assert response.status_code == 200\nE       assert 400 == 200\nE        +  where 400 = <Response [400]>.status_code\n\ntests/conftest.py:144: AssertionError","flaky":true,"newFailed":true,"newBroken":false,"newPassed":false,"retriesCount":0,"retriesStatusChange":false,"beforeStages":[{"name":"_verify_url","time":{"start":1762514744675,"stop":1762514744675,"duration":0},"status":"passed","steps":[],"attachments":[],"parameters":[],"stepsCount":0,"shouldDisplayMessage":false,"attachmentsCount":0,"hasContent":false,"attachmentStep":false},{"name":"owner_client","time":{"start":1762514744675,"stop":1762514745163,"duration":488},"status":"passed","steps":[],"attachments":[],"parameters":[],"stepsCount":0,"shouldDisplayMessage":false,"attachmentsCount":0,"hasContent":false,"attachmentStep":false},{"name":"delete_output_dir","time":{"start":1762514744675,"stop":1762514744675,"duration":0},"status":"passed","steps":[],"attachments":[],"parameters":[],"stepsCount":0,"shouldDisplayMessage":false,"attachmentsCount":0,"hasContent":false,"attachmentStep":false},{"name":"base_url","time":{"start":1762514744675,"stop":1762514744675,"duration":0},"status":"passed","steps":[],"attachments":[],"parameters":[],"stepsCount":0,"shouldDisplayMessage":false,"attachmentsCount":0,"hasContent":false,"attachmentStep":false},{"name":"pytestconfig","time":{"start":1762514744675,"stop":1762514744675,"duration":0},"status":"passed","steps":[],"attachments":[],"parameters":[],"stepsCount":0,"shouldDisplayMessage":false,"attachmentsCount":0,"hasContent":false,"attachmentStep":false},{"name":"temp_document","time":{"start":1762514868368,"stop":1762514868368,"duration":0},"status":"failed","statusMessage":"AssertionError: assert 400 == 200\n +  where 400 = <Response [400]>.status_code\n","statusTrace":"  File \"/opt/hostedtoolcache/Python/3.11.14/x64/lib/python3.11/site-packages/pluggy/_callers.py\", line 167, in _multicall\n    teardown.throw(outcome._exception)\n  File \"/opt/hostedtoolcache/Python/3.11.14/x64/lib/python3.11/site-packages/_pytest/setuponly.py\", line 36, in pytest_fixture_setup\n    return (yield)\n            ^^^^^\n  File \"/opt/hostedtoolcache/Python/3.11.14/x64/lib/python3.11/site-packages/pluggy/_callers.py\", line 103, in _multicall\n    res = hook_impl.function(*args)\n          ^^^^^^^^^^^^^^^^^^^^^^^^^\n  File \"/opt/hostedtoolcache/Python/3.11.14/x64/lib/python3.11/site-packages/_pytest/fixtures.py\", line 1140, in pytest_fixture_setup\n    result = call_fixture_func(fixturefunc, request, kwargs)\n             ^^^^^^^^^^^^^^^^^^^^^^^^^^^^^^^^^^^^^^^^^^^^^^^\n  File \"/opt/hostedtoolcache/Python/3.11.14/x64/lib/python3.11/site-packages/_pytest/fixtures.py\", line 891, in call_fixture_func\n    fixture_result = next(generator)\n                     ^^^^^^^^^^^^^^^\n  File \"/home/runner/work/autotests/autotests/tests/conftest.py\", line 270, in temp_document\n    kind_id = request.getfixturevalue(kind_id_fixture)\n              ^^^^^^^^^^^^^^^^^^^^^^^^^^^^^^^^^^^^^^^^\n  File \"/opt/hostedtoolcache/Python/3.11.14/x64/lib/python3.11/site-packages/_pytest/fixtures.py\", line 532, in getfixturevalue\n    fixturedef = self._get_active_fixturedef(argname)\n                 ^^^^^^^^^^^^^^^^^^^^^^^^^^^^^^^^^^^^\n  File \"/opt/hostedtoolcache/Python/3.11.14/x64/lib/python3.11/site-packages/_pytest/fixtures.py\", line 617, in _get_active_fixturedef\n    fixturedef.execute(request=subrequest)\n  File \"/opt/hostedtoolcache/Python/3.11.14/x64/lib/python3.11/site-packages/_pytest/fixtures.py\", line 1071, in execute\n    raise exc.with_traceback(exc_tb)\n  File \"/opt/hostedtoolcache/Python/3.11.14/x64/lib/python3.11/site-packages/_pytest/fixtures.py\", line 1140, in pytest_fixture_setup\n    result = call_fixture_func(fixturefunc, request, kwargs)\n             ^^^^^^^^^^^^^^^^^^^^^^^^^^^^^^^^^^^^^^^^^^^^^^^\n  File \"/opt/hostedtoolcache/Python/3.11.14/x64/lib/python3.11/site-packages/_pytest/fixtures.py\", line 891, in call_fixture_func\n    fixture_result = next(generator)\n                     ^^^^^^^^^^^^^^^\n  File \"/home/runner/work/autotests/autotests/tests/conftest.py\", line 144, in temp_space\n    assert response.status_code == 200\n","steps":[],"attachments":[],"parameters":[],"stepsCount":0,"shouldDisplayMessage":true,"attachmentsCount":0,"hasContent":true,"attachmentStep":false}],"afterStages":[],"labels":[{"name":"tag","value":"backend"},{"name":"parentSuite","value":"tests.test_backend.document"},{"name":"suite","value":"test_duplicate_document"},{"name":"host","value":"runnervmf2e7y"},{"name":"thread","value":"2586-MainThread"},{"name":"framework","value":"pytest"},{"name":"language","value":"cpython3"},{"name":"package","value":"tests.test_backend.document.test_duplicate_document"},{"name":"resultFormat","value":"allure2"}],"parameters":[{"name":"kind","value":"'Space'"},{"name":"kind_id_fixture","value":"'temp_space'"}],"links":[],"hidden":false,"retry":false,"extra":{"severity":"normal","retries":[],"categories":[{"name":"Product defects","matchedStatuses":[],"flaky":false}],"history":{"statistic":{"failed":2,"broken":0,"skipped":0,"passed":13,"unknown":0,"total":15},"items":[{"uid":"8b6454518425e3c4","reportUrl":"https://vaizcom.github.io/autotests/420/#testresult/8b6454518425e3c4","status":"passed","time":{"start":1762507686947,"stop":1762507687864,"duration":917}},{"uid":"9fa38af106844430","reportUrl":"https://vaizcom.github.io/autotests/420/#testresult/9fa38af106844430","status":"failed","statusDetails":"AssertionError: assert 503 == 200\n +  where 503 = <Response [503]>.status_code","time":{"start":1762506267003,"stop":1762506267003,"duration":0}},{"uid":"a6613c5ebfb6a351","reportUrl":"https://vaizcom.github.io/autotests/419/#testresult/a6613c5ebfb6a351","status":"passed","time":{"start":1762505495474,"stop":1762505495994,"duration":520}},{"uid":"8d07cb9581b004e2","reportUrl":"https://vaizcom.github.io/autotests/418/#testresult/8d07cb9581b004e2","status":"passed","time":{"start":1762354474540,"stop":1762354475122,"duration":582}},{"uid":"4bd12b4a1029ced","reportUrl":"https://vaizcom.github.io/autotests/417/#testresult/4bd12b4a1029ced","status":"passed","time":{"start":1762353415064,"stop":1762353415733,"duration":669}},{"uid":"d0c4b2de8f7511a","reportUrl":"https://vaizcom.github.io/autotests/416/#testresult/d0c4b2de8f7511a","status":"passed","time":{"start":1762350005337,"stop":1762350005954,"duration":617}},{"uid":"72a9541a702e518a","reportUrl":"https://vaizcom.github.io/autotests/415/#testresult/72a9541a702e518a","status":"passed","time":{"start":1762331974384,"stop":1762331974864,"duration":480}},{"uid":"ad6d6b68ebd4e787","reportUrl":"https://vaizcom.github.io/autotests/414/#testresult/ad6d6b68ebd4e787","status":"passed","time":{"start":1762329028659,"stop":1762329029259,"duration":600}},{"uid":"4d95da45d200ed07","reportUrl":"https://vaizcom.github.io/autotests/413/#testresult/4d95da45d200ed07","status":"passed","time":{"start":1762270637877,"stop":1762270638498,"duration":621}},{"uid":"4459af1991e2433b","reportUrl":"https://vaizcom.github.io/autotests/412/#testresult/4459af1991e2433b","status":"passed","time":{"start":1762269856347,"stop":1762269857158,"duration":811}},{"uid":"fce8b565e0e712a0","reportUrl":"https://vaizcom.github.io/autotests/411/#testresult/fce8b565e0e712a0","status":"passed","time":{"start":1762269733098,"stop":1762269734057,"duration":959}},{"uid":"fc0cd82df630a99f","reportUrl":"https://vaizcom.github.io/autotests/410/#testresult/fc0cd82df630a99f","status":"passed","time":{"start":1762269496146,"stop":1762269496706,"duration":560}},{"uid":"f564116370596868","reportUrl":"https://vaizcom.github.io/autotests/409/#testresult/f564116370596868","status":"passed","time":{"start":1762268858887,"stop":1762268859399,"duration":512}},{"uid":"4f002d57682534","reportUrl":"https://vaizcom.github.io/autotests/408/#testresult/4f002d57682534","status":"passed","time":{"start":1762245250715,"stop":1762245251427,"duration":712}}]},"tags":["backend"]},"source":"f2dcd5f4469f32bb.json","parameterValues":["'Space'","'temp_space'"]}