{"uid":"4fb971e7a654e9b6","name":"Создание кастомного поля типа: Member","fullName":"backend_tests.tests.test_board.test_board#test_create_custom_field_of_each_type","historyId":"01a3f92c3d2d0fc5f1a3a159ddf57c82","time":{"start":1749633230053,"stop":1749633230053,"duration":0},"status":"failed","statusMessage":"AssertionError: assert 401 == 200\n +  where 401 = <Response [401]>.status_code","statusTrace":"owner_client = <backend_tests.core.client.APIClient object at 0x7f009567f250>\n\n    @pytest.fixture(scope=\"session\")\n    def temp_space(owner_client):\n        client = owner_client\n        name = generate_space_name()\n        response = client.post(**create_space_endpoint(name=name))\n>       assert response.status_code == 200\nE       assert 401 == 200\nE        +  where 401 = <Response [401]>.status_code\n\nbackend_tests/conftest.py:42: AssertionError","flaky":false,"newFailed":false,"newBroken":false,"newPassed":false,"retriesCount":0,"retriesStatusChange":false,"beforeStages":[{"name":"base_url","time":{"start":1749633229324,"stop":1749633229324,"duration":0},"status":"passed","steps":[],"attachments":[],"parameters":[],"shouldDisplayMessage":false,"stepsCount":0,"attachmentsCount":0,"hasContent":false},{"name":"temp_space","time":{"start":1749633229324,"stop":1749633229856,"duration":532},"status":"failed","statusMessage":"AssertionError: assert 401 == 200\n +  where 401 = <Response [401]>.status_code\n","statusTrace":"  File \"/opt/hostedtoolcache/Python/3.11.12/x64/lib/python3.11/site-packages/pluggy/_callers.py\", line 167, in _multicall\n    teardown.throw(outcome._exception)\n  File \"/opt/hostedtoolcache/Python/3.11.12/x64/lib/python3.11/site-packages/_pytest/setuponly.py\", line 36, in pytest_fixture_setup\n    return (yield)\n            ^^^^^\n  File \"/opt/hostedtoolcache/Python/3.11.12/x64/lib/python3.11/site-packages/pluggy/_callers.py\", line 103, in _multicall\n    res = hook_impl.function(*args)\n          ^^^^^^^^^^^^^^^^^^^^^^^^^\n  File \"/opt/hostedtoolcache/Python/3.11.12/x64/lib/python3.11/site-packages/_pytest/fixtures.py\", line 1140, in pytest_fixture_setup\n    result = call_fixture_func(fixturefunc, request, kwargs)\n             ^^^^^^^^^^^^^^^^^^^^^^^^^^^^^^^^^^^^^^^^^^^^^^^\n  File \"/opt/hostedtoolcache/Python/3.11.12/x64/lib/python3.11/site-packages/_pytest/fixtures.py\", line 891, in call_fixture_func\n    fixture_result = next(generator)\n                     ^^^^^^^^^^^^^^^\n  File \"/home/runner/work/autotests/autotests/backend_tests/conftest.py\", line 42, in temp_space\n    assert response.status_code == 200\n","steps":[],"attachments":[],"parameters":[],"shouldDisplayMessage":true,"stepsCount":0,"attachmentsCount":0,"hasContent":true},{"name":"delete_output_dir","time":{"start":1749633229324,"stop":1749633229324,"duration":0},"status":"passed","steps":[],"attachments":[],"parameters":[],"shouldDisplayMessage":false,"stepsCount":0,"attachmentsCount":0,"hasContent":false},{"name":"pytestconfig","time":{"start":1749633229324,"stop":1749633229324,"duration":0},"status":"passed","steps":[],"attachments":[],"parameters":[],"shouldDisplayMessage":false,"stepsCount":0,"attachmentsCount":0,"hasContent":false},{"name":"_verify_url","time":{"start":1749633229324,"stop":1749633229324,"duration":0},"status":"passed","steps":[],"attachments":[],"parameters":[],"shouldDisplayMessage":false,"stepsCount":0,"attachmentsCount":0,"hasContent":false},{"name":"owner_client","time":{"start":1749633229324,"stop":1749633229324,"duration":0},"status":"passed","steps":[],"attachments":[],"parameters":[],"shouldDisplayMessage":false,"stepsCount":0,"attachmentsCount":0,"hasContent":false}],"afterStages":[],"labels":[{"name":"parentSuite","value":"backend_tests.tests.test_board"},{"name":"suite","value":"test_board"},{"name":"host","value":"pkrvmxyh4eaekms"},{"name":"thread","value":"2516-MainThread"},{"name":"framework","value":"pytest"},{"name":"language","value":"cpython3"},{"name":"package","value":"backend_tests.tests.test_board.test_board"},{"name":"resultFormat","value":"allure2"}],"parameters":[{"name":"field_type","value":"'Member'"}],"links":[],"hidden":false,"retry":false,"extra":{"severity":"normal","retries":[],"categories":[{"name":"Product defects","matchedStatuses":[],"flaky":false}],"history":{"statistic":{"failed":3,"broken":0,"skipped":0,"passed":2,"unknown":0,"total":5},"items":[{"uid":"f94e6869d2c6d92e","reportUrl":"https://vaizcom.github.io/autotests/96//#testresult/f94e6869d2c6d92e","status":"failed","statusDetails":"AssertionError: assert 401 == 200\n +  where 401 = <Response [401]>.status_code","time":{"start":1749632776763,"stop":1749632776763,"duration":0}},{"uid":"139df2f5c0acd91c","reportUrl":"https://vaizcom.github.io/autotests/95//#testresult/139df2f5c0acd91c","status":"failed","statusDetails":"AssertionError: assert 400 == 200\n +  where 400 = <Response [400]>.status_code","time":{"start":1749631143098,"stop":1749631143098,"duration":0}},{"uid":"215e081b30968d6e","reportUrl":"https://vaizcom.github.io/autotests/92//#testresult/215e081b30968d6e","status":"passed","time":{"start":1749627276755,"stop":1749627277061,"duration":306}},{"uid":"87b741200dda2c7b","reportUrl":"https://vaizcom.github.io/autotests/90//#testresult/87b741200dda2c7b","status":"passed","time":{"start":1749626750257,"stop":1749626750515,"duration":258}}]},"tags":[]},"source":"4fb971e7a654e9b6.json","parameterValues":["'Member'"]}