{"uid":"e5c57c4d124bdb9c","name":"Тест: Проверка получения проекта по ID, payload ответа соответствует ожидаемой структуре","fullName":"tests.test_backend.project.test_get_project#test_get_project","historyId":"27618cc03cfb661879f9796282950268","time":{"start":1765789170764,"stop":1765789170993,"duration":229},"status":"failed","statusMessage":"AssertionError: Ожидался статус 200, получен 400\nassert 400 == 200\n +  where 400 = <Response [400]>.status_code","statusTrace":"owner_client = <tests.core.client.APIClient object at 0x7fec7df97ad0>\ntemp_project = '693fcc67f55da7e1e4c8fab8'\ntemp_space = '693fcc66f55da7e1e4c8fa29'\n\n    @allure.title('Тест: Проверка получения проекта по ID, payload ответа соответствует ожидаемой структуре')\n    def test_get_project(owner_client, temp_project, temp_space):\n        with allure.step(f\"Отправка запроса на получение проекта ID: {temp_project} для пространства ID: {temp_space}\"):\n            response = owner_client.post(**get_project_endpoint(project_id=temp_project, space_id=temp_space))\n    \n        with allure.step(\"Проверка статуса ответа и общей структуры ответа\"):\n>           assert response.status_code == 200, f\"Ожидался статус 200, получен {response.status_code}\"\nE           AssertionError: Ожидался статус 200, получен 400\nE           assert 400 == 200\nE            +  where 400 = <Response [400]>.status_code\n\ntests/test_backend/project/test_get_project.py:18: AssertionError","flaky":false,"newFailed":false,"newBroken":false,"newPassed":false,"retriesCount":0,"retriesStatusChange":false,"beforeStages":[{"name":"base_url","time":{"start":1765788762732,"stop":1765788762732,"duration":0},"status":"passed","steps":[],"attachments":[],"parameters":[],"stepsCount":0,"shouldDisplayMessage":false,"attachmentsCount":0,"hasContent":false,"attachmentStep":false},{"name":"_verify_url","time":{"start":1765788762732,"stop":1765788762732,"duration":0},"status":"passed","steps":[],"attachments":[],"parameters":[],"stepsCount":0,"shouldDisplayMessage":false,"attachmentsCount":0,"hasContent":false,"attachmentStep":false},{"name":"owner_client","time":{"start":1765788762732,"stop":1765788763005,"duration":273},"status":"passed","steps":[],"attachments":[],"parameters":[],"stepsCount":0,"shouldDisplayMessage":false,"attachmentsCount":0,"hasContent":false,"attachmentStep":false},{"name":"pytestconfig","time":{"start":1765788762732,"stop":1765788762732,"duration":0},"status":"passed","steps":[],"attachments":[],"parameters":[],"stepsCount":0,"shouldDisplayMessage":false,"attachmentsCount":0,"hasContent":false,"attachmentStep":false},{"name":"delete_output_dir","time":{"start":1765788762732,"stop":1765788762732,"duration":0},"status":"passed","steps":[],"attachments":[],"parameters":[],"stepsCount":0,"shouldDisplayMessage":false,"attachmentsCount":0,"hasContent":false,"attachmentStep":false},{"name":"temp_space","time":{"start":1765788774630,"stop":1765788775119,"duration":489},"status":"passed","steps":[],"attachments":[],"parameters":[],"stepsCount":0,"shouldDisplayMessage":false,"attachmentsCount":0,"hasContent":false,"attachmentStep":false},{"name":"temp_project","time":{"start":1765788775119,"stop":1765788775587,"duration":468},"status":"passed","steps":[],"attachments":[],"parameters":[],"stepsCount":0,"shouldDisplayMessage":false,"attachmentsCount":0,"hasContent":false,"attachmentStep":false}],"testStage":{"status":"failed","statusMessage":"AssertionError: Ожидался статус 200, получен 400\nassert 400 == 200\n +  where 400 = <Response [400]>.status_code","statusTrace":"owner_client = <tests.core.client.APIClient object at 0x7fec7df97ad0>\ntemp_project = '693fcc67f55da7e1e4c8fab8'\ntemp_space = '693fcc66f55da7e1e4c8fa29'\n\n    @allure.title('Тест: Проверка получения проекта по ID, payload ответа соответствует ожидаемой структуре')\n    def test_get_project(owner_client, temp_project, temp_space):\n        with allure.step(f\"Отправка запроса на получение проекта ID: {temp_project} для пространства ID: {temp_space}\"):\n            response = owner_client.post(**get_project_endpoint(project_id=temp_project, space_id=temp_space))\n    \n        with allure.step(\"Проверка статуса ответа и общей структуры ответа\"):\n>           assert response.status_code == 200, f\"Ожидался статус 200, получен {response.status_code}\"\nE           AssertionError: Ожидался статус 200, получен 400\nE           assert 400 == 200\nE            +  where 400 = <Response [400]>.status_code\n\ntests/test_backend/project/test_get_project.py:18: AssertionError","steps":[{"name":"Отправка запроса на получение проекта ID: 693fcc67f55da7e1e4c8fab8 для пространства ID: 693fcc66f55da7e1e4c8fa29","time":{"start":1765789170765,"stop":1765789170993,"duration":228},"status":"passed","steps":[],"attachments":[],"parameters":[],"stepsCount":0,"shouldDisplayMessage":false,"attachmentsCount":0,"hasContent":false,"attachmentStep":false},{"name":"Проверка статуса ответа и общей структуры ответа","time":{"start":1765789170993,"stop":1765789170993,"duration":0},"status":"failed","statusMessage":"AssertionError: Ожидался статус 200, получен 400\nassert 400 == 200\n +  where 400 = <Response [400]>.status_code\n","statusTrace":"  File \"/home/runner/work/autotests/autotests/tests/test_backend/project/test_get_project.py\", line 18, in test_get_project\n    assert response.status_code == 200, f\"Ожидался статус 200, получен {response.status_code}\"\n","steps":[],"attachments":[],"parameters":[],"stepsCount":0,"shouldDisplayMessage":true,"attachmentsCount":0,"hasContent":true,"attachmentStep":false}],"attachments":[],"parameters":[],"stepsCount":2,"shouldDisplayMessage":true,"attachmentsCount":0,"hasContent":true,"attachmentStep":false},"afterStages":[{"name":"temp_space::0","time":{"start":1765789653212,"stop":1765789653872,"duration":660},"status":"passed","steps":[],"attachments":[],"parameters":[],"stepsCount":0,"shouldDisplayMessage":false,"attachmentsCount":0,"hasContent":false,"attachmentStep":false},{"name":"temp_project::0","time":{"start":1765789653212,"stop":1765789653212,"duration":0},"status":"passed","steps":[],"attachments":[],"parameters":[],"stepsCount":0,"shouldDisplayMessage":false,"attachmentsCount":0,"hasContent":false,"attachmentStep":false}],"labels":[{"name":"tag","value":"backend"},{"name":"parentSuite","value":"tests.test_backend.project"},{"name":"suite","value":"test_get_project"},{"name":"host","value":"runnervm6qbrg"},{"name":"thread","value":"2652-MainThread"},{"name":"framework","value":"pytest"},{"name":"language","value":"cpython3"},{"name":"package","value":"tests.test_backend.project.test_get_project"},{"name":"resultFormat","value":"allure2"}],"parameters":[],"links":[],"hidden":false,"retry":false,"extra":{"severity":"normal","retries":[],"categories":[{"name":"Product defects","matchedStatuses":[],"flaky":false}],"history":{"statistic":{"failed":2,"broken":0,"skipped":0,"passed":0,"unknown":0,"total":2},"items":[{"uid":"7f016600ddf2842e","reportUrl":"https://vaizcom.github.io/autotests/502/#testresult/7f016600ddf2842e","status":"failed","statusDetails":"AssertionError: Ожидался статус 200, получен 400\nassert 400 == 200\n +  where 400 = <Response [400]>.status_code","time":{"start":1765550028673,"stop":1765550028950,"duration":277}}]},"tags":["backend"]},"source":"e5c57c4d124bdb9c.json","parameterValues":[]}