{"uid":"7f006447e4da4fe0","name":"Проверка структуры ответа при создании документа","fullName":"tests.test_backend.document.test_create_document#test_document_response_structure","historyId":"07ea782e2e2d163aec125a52a8ee32ba","time":{"start":1759837449689,"stop":1759837449866,"duration":177},"status":"failed","statusMessage":"AssertionError: assert 503 == 200\n +  where 503 = <Response [503]>.status_code","statusTrace":"owner_client = <tests.core.client.APIClient object at 0x7f0d403af650>\ntemp_space = '68e4fbe2e49ce50caff67b74'\ntemp_project = '68e4fbe4e49ce50caff67c06'\n\n    @allure.title('Проверка структуры ответа при создании документа')\n    def test_document_response_structure(owner_client, temp_space, temp_project):\n        with allure.step('Создание документа'):\n            response = owner_client.post(\n                **create_document_endpoint(kind='Project', kind_id=temp_project, space_id=temp_space)\n            )\n>           assert response.status_code == 200\nE           assert 503 == 200\nE            +  where 503 = <Response [503]>.status_code\n\ntests/test_backend/document/test_create_document.py:214: AssertionError","flaky":false,"newFailed":true,"newBroken":false,"newPassed":false,"retriesCount":0,"retriesStatusChange":false,"beforeStages":[{"name":"_verify_url","time":{"start":1759837145756,"stop":1759837145756,"duration":0},"status":"passed","steps":[],"attachments":[],"parameters":[],"shouldDisplayMessage":false,"stepsCount":0,"attachmentsCount":0,"hasContent":false},{"name":"delete_output_dir","time":{"start":1759837145756,"stop":1759837145756,"duration":0},"status":"passed","steps":[],"attachments":[],"parameters":[],"shouldDisplayMessage":false,"stepsCount":0,"attachmentsCount":0,"hasContent":false},{"name":"pytestconfig","time":{"start":1759837145756,"stop":1759837145756,"duration":0},"status":"passed","steps":[],"attachments":[],"parameters":[],"shouldDisplayMessage":false,"stepsCount":0,"attachmentsCount":0,"hasContent":false},{"name":"base_url","time":{"start":1759837145756,"stop":1759837145756,"duration":0},"status":"passed","steps":[],"attachments":[],"parameters":[],"shouldDisplayMessage":false,"stepsCount":0,"attachmentsCount":0,"hasContent":false},{"name":"owner_client","time":{"start":1759837147179,"stop":1759837147495,"duration":316},"status":"passed","steps":[],"attachments":[],"parameters":[],"shouldDisplayMessage":false,"stepsCount":0,"attachmentsCount":0,"hasContent":false},{"name":"temp_space","time":{"start":1759837154550,"stop":1759837155711,"duration":1161},"status":"passed","steps":[],"attachments":[],"parameters":[],"shouldDisplayMessage":false,"stepsCount":0,"attachmentsCount":0,"hasContent":false},{"name":"temp_project","time":{"start":1759837155711,"stop":1759837156205,"duration":494},"status":"passed","steps":[],"attachments":[],"parameters":[],"shouldDisplayMessage":false,"stepsCount":0,"attachmentsCount":0,"hasContent":false}],"testStage":{"status":"failed","statusMessage":"AssertionError: assert 503 == 200\n +  where 503 = <Response [503]>.status_code","statusTrace":"owner_client = <tests.core.client.APIClient object at 0x7f0d403af650>\ntemp_space = '68e4fbe2e49ce50caff67b74'\ntemp_project = '68e4fbe4e49ce50caff67c06'\n\n    @allure.title('Проверка структуры ответа при создании документа')\n    def test_document_response_structure(owner_client, temp_space, temp_project):\n        with allure.step('Создание документа'):\n            response = owner_client.post(\n                **create_document_endpoint(kind='Project', kind_id=temp_project, space_id=temp_space)\n            )\n>           assert response.status_code == 200\nE           assert 503 == 200\nE            +  where 503 = <Response [503]>.status_code\n\ntests/test_backend/document/test_create_document.py:214: AssertionError","steps":[{"name":"Создание документа","time":{"start":1759837449689,"stop":1759837449865,"duration":176},"status":"failed","statusMessage":"AssertionError: assert 503 == 200\n +  where 503 = <Response [503]>.status_code\n","statusTrace":"  File \"/home/runner/work/autotests/autotests/tests/test_backend/document/test_create_document.py\", line 214, in test_document_response_structure\n    assert response.status_code == 200\n","steps":[],"attachments":[],"parameters":[],"shouldDisplayMessage":true,"stepsCount":0,"attachmentsCount":0,"hasContent":true}],"attachments":[],"parameters":[],"shouldDisplayMessage":true,"stepsCount":1,"attachmentsCount":0,"hasContent":true},"afterStages":[{"name":"temp_project::0","time":{"start":1759837469359,"stop":1759837469359,"duration":0},"status":"passed","steps":[],"attachments":[],"parameters":[],"shouldDisplayMessage":false,"stepsCount":0,"attachmentsCount":0,"hasContent":false},{"name":"temp_space::0","time":{"start":1759837469360,"stop":1759837469533,"duration":173},"status":"passed","steps":[],"attachments":[],"parameters":[],"shouldDisplayMessage":false,"stepsCount":0,"attachmentsCount":0,"hasContent":false}],"labels":[{"name":"tag","value":"backend"},{"name":"parentSuite","value":"tests.test_backend.document"},{"name":"suite","value":"test_create_document"},{"name":"host","value":"runnervmwhb2z"},{"name":"thread","value":"2583-MainThread"},{"name":"framework","value":"pytest"},{"name":"language","value":"cpython3"},{"name":"package","value":"tests.test_backend.document.test_create_document"},{"name":"resultFormat","value":"allure2"}],"parameters":[],"links":[],"hidden":false,"retry":false,"extra":{"severity":"normal","retries":[],"categories":[{"name":"Product defects","matchedStatuses":[],"flaky":false}],"history":{"statistic":{"failed":1,"broken":0,"skipped":0,"passed":3,"unknown":0,"total":4},"items":[{"uid":"be94c4b564f1ef33","reportUrl":"https://vaizcom.github.io/autotests/355//#testresult/be94c4b564f1ef33","status":"passed","time":{"start":1759836251658,"stop":1759836251960,"duration":302}},{"uid":"2b690a0719a30db4","reportUrl":"https://vaizcom.github.io/autotests/354//#testresult/2b690a0719a30db4","status":"passed","time":{"start":1759835614420,"stop":1759835614680,"duration":260}},{"uid":"13e28b3d71b749f0","reportUrl":"https://vaizcom.github.io/autotests/353//#testresult/13e28b3d71b749f0","status":"passed","time":{"start":1759834722736,"stop":1759834723013,"duration":277}}]},"tags":["backend"]},"source":"7f006447e4da4fe0.json","parameterValues":[]}