{"uid":"bd012145dc5d3f80","name":"test_edit_document_overwrite[project]","fullName":"tests.test_backend.document.test_edit_document#test_edit_document_overwrite","historyId":"9a8d5eadc0ea8b40fd10d588db8af5c7","time":{"start":1759837453922,"stop":1759837453922,"duration":0},"status":"failed","statusMessage":"AssertionError: assert 503 == 200\n +  where 503 = <Response [503]>.status_code","statusTrace":"owner_client = <tests.core.client.APIClient object at 0x7f0d403af650>\nrequest = <SubRequest 'temp_document' for <Function test_edit_document_overwrite[project]>>\nkind = 'Project', kind_id_fixture = 'temp_project'\n\n    @pytest.fixture\n    def temp_document(owner_client, request, kind, kind_id_fixture):\n        kind_id = request.getfixturevalue(kind_id_fixture)\n        space_id = request.getfixturevalue('temp_space')\n    \n        response = owner_client.post(\n            **create_document_endpoint(\n                kind=kind,\n                kind_id=kind_id,\n                space_id=space_id,\n                title='Документ для дублирования',\n            )\n        )\n    \n>       assert response.status_code == 200\nE       assert 503 == 200\nE        +  where 503 = <Response [503]>.status_code\n\ntests/conftest.py:273: AssertionError","flaky":false,"newFailed":true,"newBroken":false,"newPassed":false,"retriesCount":0,"retriesStatusChange":false,"beforeStages":[{"name":"_verify_url","time":{"start":1759837145756,"stop":1759837145756,"duration":0},"status":"passed","steps":[],"attachments":[],"parameters":[],"shouldDisplayMessage":false,"stepsCount":0,"attachmentsCount":0,"hasContent":false},{"name":"delete_output_dir","time":{"start":1759837145756,"stop":1759837145756,"duration":0},"status":"passed","steps":[],"attachments":[],"parameters":[],"shouldDisplayMessage":false,"stepsCount":0,"attachmentsCount":0,"hasContent":false},{"name":"pytestconfig","time":{"start":1759837145756,"stop":1759837145756,"duration":0},"status":"passed","steps":[],"attachments":[],"parameters":[],"shouldDisplayMessage":false,"stepsCount":0,"attachmentsCount":0,"hasContent":false},{"name":"base_url","time":{"start":1759837145756,"stop":1759837145756,"duration":0},"status":"passed","steps":[],"attachments":[],"parameters":[],"shouldDisplayMessage":false,"stepsCount":0,"attachmentsCount":0,"hasContent":false},{"name":"owner_client","time":{"start":1759837147179,"stop":1759837147495,"duration":316},"status":"passed","steps":[],"attachments":[],"parameters":[],"shouldDisplayMessage":false,"stepsCount":0,"attachmentsCount":0,"hasContent":false},{"name":"temp_space","time":{"start":1759837154550,"stop":1759837155711,"duration":1161},"status":"passed","steps":[],"attachments":[],"parameters":[],"shouldDisplayMessage":false,"stepsCount":0,"attachmentsCount":0,"hasContent":false},{"name":"temp_project","time":{"start":1759837155711,"stop":1759837156205,"duration":494},"status":"passed","steps":[],"attachments":[],"parameters":[],"shouldDisplayMessage":false,"stepsCount":0,"attachmentsCount":0,"hasContent":false},{"name":"temp_document","time":{"start":1759837453923,"stop":1759837454099,"duration":176},"status":"failed","statusMessage":"AssertionError: assert 503 == 200\n +  where 503 = <Response [503]>.status_code\n","statusTrace":"  File \"/opt/hostedtoolcache/Python/3.11.13/x64/lib/python3.11/site-packages/pluggy/_callers.py\", line 167, in _multicall\n    teardown.throw(outcome._exception)\n  File \"/opt/hostedtoolcache/Python/3.11.13/x64/lib/python3.11/site-packages/_pytest/setuponly.py\", line 36, in pytest_fixture_setup\n    return (yield)\n            ^^^^^\n  File \"/opt/hostedtoolcache/Python/3.11.13/x64/lib/python3.11/site-packages/pluggy/_callers.py\", line 103, in _multicall\n    res = hook_impl.function(*args)\n          ^^^^^^^^^^^^^^^^^^^^^^^^^\n  File \"/opt/hostedtoolcache/Python/3.11.13/x64/lib/python3.11/site-packages/_pytest/fixtures.py\", line 1140, in pytest_fixture_setup\n    result = call_fixture_func(fixturefunc, request, kwargs)\n             ^^^^^^^^^^^^^^^^^^^^^^^^^^^^^^^^^^^^^^^^^^^^^^^\n  File \"/opt/hostedtoolcache/Python/3.11.13/x64/lib/python3.11/site-packages/_pytest/fixtures.py\", line 891, in call_fixture_func\n    fixture_result = next(generator)\n                     ^^^^^^^^^^^^^^^\n  File \"/home/runner/work/autotests/autotests/tests/conftest.py\", line 273, in temp_document\n    assert response.status_code == 200\n","steps":[],"attachments":[],"parameters":[],"shouldDisplayMessage":true,"stepsCount":0,"attachmentsCount":0,"hasContent":true}],"afterStages":[{"name":"temp_project::0","time":{"start":1759837469359,"stop":1759837469359,"duration":0},"status":"passed","steps":[],"attachments":[],"parameters":[],"shouldDisplayMessage":false,"stepsCount":0,"attachmentsCount":0,"hasContent":false},{"name":"temp_space::0","time":{"start":1759837469360,"stop":1759837469533,"duration":173},"status":"passed","steps":[],"attachments":[],"parameters":[],"shouldDisplayMessage":false,"stepsCount":0,"attachmentsCount":0,"hasContent":false}],"labels":[{"name":"tag","value":"backend"},{"name":"parentSuite","value":"tests.test_backend.document"},{"name":"suite","value":"test_edit_document"},{"name":"host","value":"runnervmwhb2z"},{"name":"thread","value":"2583-MainThread"},{"name":"framework","value":"pytest"},{"name":"language","value":"cpython3"},{"name":"package","value":"tests.test_backend.document.test_edit_document"},{"name":"resultFormat","value":"allure2"}],"parameters":[{"name":"kind","value":"'Project'"},{"name":"kind_id_fixture","value":"'temp_project'"}],"links":[],"hidden":false,"retry":false,"extra":{"severity":"normal","retries":[],"categories":[{"name":"Product defects","matchedStatuses":[],"flaky":false}],"history":{"statistic":{"failed":1,"broken":0,"skipped":0,"passed":3,"unknown":0,"total":4},"items":[{"uid":"67708381b422ce4f","reportUrl":"https://vaizcom.github.io/autotests/355//#testresult/67708381b422ce4f","status":"passed","time":{"start":1759836275682,"stop":1759836276925,"duration":1243}},{"uid":"e6d3c882d920da0b","reportUrl":"https://vaizcom.github.io/autotests/354//#testresult/e6d3c882d920da0b","status":"passed","time":{"start":1759835631710,"stop":1759835632305,"duration":595}},{"uid":"f96e3006cf719c2c","reportUrl":"https://vaizcom.github.io/autotests/353//#testresult/f96e3006cf719c2c","status":"passed","time":{"start":1759834743421,"stop":1759834744190,"duration":769}}]},"tags":["backend"]},"source":"bd012145dc5d3f80.json","parameterValues":["'Project'","'temp_project'"]}