{"uid":"28282feeacee23db","name":"Edit Task: Проверка ошибки при передаче повторяющихся типов (APP-4046)","fullName":"tests.test_backend.task_service.edit_task.test_edit_task_types#test_edit_task_duplicate_types_error","historyId":"5b82816be444c880c1df0961e1c2b889","time":{"start":1766404234674,"stop":1766404235450,"duration":776},"description":"\n    Проверяет, что при попытке редактирования задачи с повторяющимися типами\n    возвращается ошибка и корректное сообщение.\n    ","descriptionHtml":"<pre><code>Проверяет, что при попытке редактирования задачи с повторяющимися типами\nвозвращается ошибка и корректное сообщение.\n</code></pre>\n","status":"failed","statusMessage":"AssertionError: Ожидался статус 400, получен 200\nassert 200 == 400\n +  where 200 = <Response [200]>.status_code","statusTrace":"owner_client = <tests.core.client.APIClient object at 0x7ffb53d3fa90>\nmain_space = '6866309d85fb8d104544a61e'\nmake_task_in_main = <function make_task_in_main.<locals>._create_task at 0x7ffb53a8cb80>\nmain_board = '6866731185fb8d104544e826'\nmain_project = '686672af85fb8d104544e798'\n\n    @allure.title(\"Edit Task: Проверка ошибки при передаче повторяющихся типов (APP-4046)\")\n    def test_edit_task_duplicate_types_error(owner_client, main_space, make_task_in_main, main_board, main_project):\n        \"\"\"\n        Проверяет, что при попытке редактирования задачи с повторяющимися типами\n        возвращается ошибка и корректное сообщение.\n        \"\"\"\n        initial_type = get_random_type_id(owner_client, main_board, main_space)\n        initial_task_data = make_task_in_main({\"name\": \"Task with types\", \"types\": [initial_type]})\n        task_id = initial_task_data.get(\"_id\")\n    \n        with allure.step(f\"Отправляем запрос EditTask с повторяющимися типами для задачи {task_id}\"):\n            edit_payload = {\"types\": [initial_type, initial_type]}\n            resp = owner_client.post(**edit_task_endpoint(space_id=main_space, task_id=task_id, **edit_payload))\n    \n        with allure.step(\"Проверяем, что запрос завершился ошибкой 400 и корректным сообщением\"):\n>           assert resp.status_code == 400, f\"Ожидался статус 400, получен {resp.status_code}\"\nE           AssertionError: Ожидался статус 400, получен 200\nE           assert 200 == 400\nE            +  where 200 = <Response [200]>.status_code\n\ntests/test_backend/task_service/edit_task/test_edit_task_types.py:77: AssertionError","flaky":false,"newFailed":true,"newBroken":false,"newPassed":false,"retriesCount":0,"retriesStatusChange":false,"beforeStages":[{"name":"base_url","time":{"start":1766403630253,"stop":1766403630254,"duration":1},"status":"passed","steps":[],"attachments":[],"parameters":[],"stepsCount":0,"shouldDisplayMessage":false,"attachmentsCount":0,"hasContent":false,"attachmentStep":false},{"name":"_verify_url","time":{"start":1766403630254,"stop":1766403630254,"duration":0},"status":"passed","steps":[],"attachments":[],"parameters":[],"stepsCount":0,"shouldDisplayMessage":false,"attachmentsCount":0,"hasContent":false,"attachmentStep":false},{"name":"pytestconfig","time":{"start":1766403630254,"stop":1766403630254,"duration":0},"status":"passed","steps":[],"attachments":[],"parameters":[],"stepsCount":0,"shouldDisplayMessage":false,"attachmentsCount":0,"hasContent":false,"attachmentStep":false},{"name":"delete_output_dir","time":{"start":1766403630254,"stop":1766403630254,"duration":0},"status":"passed","steps":[],"attachments":[],"parameters":[],"stepsCount":0,"shouldDisplayMessage":false,"attachmentsCount":0,"hasContent":false,"attachmentStep":false},{"name":"owner_client","time":{"start":1766403630254,"stop":1766403630802,"duration":548},"status":"passed","steps":[],"attachments":[],"parameters":[],"stepsCount":0,"shouldDisplayMessage":false,"attachmentsCount":0,"hasContent":false,"attachmentStep":false},{"name":"main_client","time":{"start":1766403633178,"stop":1766403633469,"duration":291},"status":"passed","steps":[],"attachments":[],"parameters":[],"stepsCount":0,"shouldDisplayMessage":false,"attachmentsCount":0,"hasContent":false,"attachmentStep":false},{"name":"main_space","time":{"start":1766403633469,"stop":1766403633943,"duration":474},"status":"passed","steps":[],"attachments":[],"parameters":[],"stepsCount":0,"shouldDisplayMessage":false,"attachmentsCount":0,"hasContent":false,"attachmentStep":false},{"name":"main_project","time":{"start":1766403633943,"stop":1766403634158,"duration":215},"status":"passed","steps":[],"attachments":[],"parameters":[],"stepsCount":0,"shouldDisplayMessage":false,"attachmentsCount":0,"hasContent":false,"attachmentStep":false},{"name":"main_board","time":{"start":1766403639010,"stop":1766403639229,"duration":219},"status":"passed","steps":[],"attachments":[],"parameters":[],"stepsCount":0,"shouldDisplayMessage":false,"attachmentsCount":0,"hasContent":false,"attachmentStep":false},{"name":"make_task_in_main","time":{"start":1766404234674,"stop":1766404234674,"duration":0},"status":"passed","steps":[],"attachments":[],"parameters":[],"stepsCount":0,"shouldDisplayMessage":false,"attachmentsCount":0,"hasContent":false,"attachmentStep":false}],"testStage":{"description":"\n    Проверяет, что при попытке редактирования задачи с повторяющимися типами\n    возвращается ошибка и корректное сообщение.\n    ","status":"failed","statusMessage":"AssertionError: Ожидался статус 400, получен 200\nassert 200 == 400\n +  where 200 = <Response [200]>.status_code","statusTrace":"owner_client = <tests.core.client.APIClient object at 0x7ffb53d3fa90>\nmain_space = '6866309d85fb8d104544a61e'\nmake_task_in_main = <function make_task_in_main.<locals>._create_task at 0x7ffb53a8cb80>\nmain_board = '6866731185fb8d104544e826'\nmain_project = '686672af85fb8d104544e798'\n\n    @allure.title(\"Edit Task: Проверка ошибки при передаче повторяющихся типов (APP-4046)\")\n    def test_edit_task_duplicate_types_error(owner_client, main_space, make_task_in_main, main_board, main_project):\n        \"\"\"\n        Проверяет, что при попытке редактирования задачи с повторяющимися типами\n        возвращается ошибка и корректное сообщение.\n        \"\"\"\n        initial_type = get_random_type_id(owner_client, main_board, main_space)\n        initial_task_data = make_task_in_main({\"name\": \"Task with types\", \"types\": [initial_type]})\n        task_id = initial_task_data.get(\"_id\")\n    \n        with allure.step(f\"Отправляем запрос EditTask с повторяющимися типами для задачи {task_id}\"):\n            edit_payload = {\"types\": [initial_type, initial_type]}\n            resp = owner_client.post(**edit_task_endpoint(space_id=main_space, task_id=task_id, **edit_payload))\n    \n        with allure.step(\"Проверяем, что запрос завершился ошибкой 400 и корректным сообщением\"):\n>           assert resp.status_code == 400, f\"Ожидался статус 400, получен {resp.status_code}\"\nE           AssertionError: Ожидался статус 400, получен 200\nE           assert 200 == 400\nE            +  where 200 = <Response [200]>.status_code\n\ntests/test_backend/task_service/edit_task/test_edit_task_types.py:77: AssertionError","steps":[{"name":"Отправляем запрос EditTask с повторяющимися типами для задачи 6949308bae653a70179f0d0b","time":{"start":1766404235169,"stop":1766404235450,"duration":281},"status":"passed","steps":[],"attachments":[],"parameters":[],"stepsCount":0,"shouldDisplayMessage":false,"attachmentsCount":0,"hasContent":false,"attachmentStep":false},{"name":"Проверяем, что запрос завершился ошибкой 400 и корректным сообщением","time":{"start":1766404235450,"stop":1766404235450,"duration":0},"status":"failed","statusMessage":"AssertionError: Ожидался статус 400, получен 200\nassert 200 == 400\n +  where 200 = <Response [200]>.status_code\n","statusTrace":"  File \"/home/runner/work/autotests/autotests/tests/test_backend/task_service/edit_task/test_edit_task_types.py\", line 77, in test_edit_task_duplicate_types_error\n    assert resp.status_code == 400, f\"Ожидался статус 400, получен {resp.status_code}\"\n","steps":[],"attachments":[],"parameters":[],"stepsCount":0,"shouldDisplayMessage":true,"attachmentsCount":0,"hasContent":true,"attachmentStep":false}],"attachments":[],"parameters":[],"stepsCount":2,"shouldDisplayMessage":true,"attachmentsCount":0,"hasContent":true,"attachmentStep":false},"afterStages":[{"name":"make_task_in_main::0","time":{"start":1766404235485,"stop":1766404235731,"duration":246},"status":"passed","steps":[],"attachments":[],"parameters":[],"stepsCount":0,"shouldDisplayMessage":false,"attachmentsCount":0,"hasContent":false,"attachmentStep":false}],"labels":[{"name":"tag","value":"backend"},{"name":"parentSuite","value":"tests.test_backend.task_service.edit_task"},{"name":"suite","value":"test_edit_task_types"},{"name":"host","value":"runnervmh13bl"},{"name":"thread","value":"2636-MainThread"},{"name":"framework","value":"pytest"},{"name":"language","value":"cpython3"},{"name":"package","value":"tests.test_backend.task_service.edit_task.test_edit_task_types"},{"name":"resultFormat","value":"allure2"}],"parameters":[],"links":[],"hidden":false,"retry":false,"extra":{"severity":"normal","retries":[],"categories":[{"name":"Product defects","matchedStatuses":[],"flaky":false}],"history":{"statistic":{"failed":1,"broken":0,"skipped":0,"passed":1,"unknown":0,"total":2},"items":[{"uid":"ec4e2d2fa3492c9d","reportUrl":"https://vaizcom.github.io/autotests/517/#testresult/ec4e2d2fa3492c9d","status":"passed","time":{"start":1766402885329,"stop":1766402886106,"duration":777}}]},"tags":["backend"]},"source":"28282feeacee23db.json","parameterValues":[]}