{"uid":"ab1878e80eb39b3b","name":"Ошибка при попытке получить борду по несуществующему boardId","fullName":"backend_tests.tests.test_board.test_board#test_get_board_with_invalid_id","historyId":"556cb5a980af114736e92b075118f6b9","time":{"start":1749632776644,"stop":1749632776644,"duration":0},"status":"failed","statusMessage":"AssertionError: assert 401 == 200\n +  where 401 = <Response [401]>.status_code","statusTrace":"owner_client = <backend_tests.core.client.APIClient object at 0x7f0952463050>\n\n    @pytest.fixture(scope=\"session\")\n    def temp_space(owner_client):\n        client = owner_client\n        name = generate_space_name()\n        response = client.post(**create_space_endpoint(name=name))\n>       assert response.status_code == 200\nE       assert 401 == 200\nE        +  where 401 = <Response [401]>.status_code\n\nbackend_tests/conftest.py:42: AssertionError","flaky":false,"newFailed":false,"newBroken":false,"newPassed":false,"retriesCount":0,"retriesStatusChange":false,"beforeStages":[{"name":"base_url","time":{"start":1749632776015,"stop":1749632776015,"duration":0},"status":"passed","steps":[],"attachments":[],"parameters":[],"shouldDisplayMessage":false,"stepsCount":0,"attachmentsCount":0,"hasContent":false},{"name":"pytestconfig","time":{"start":1749632776015,"stop":1749632776015,"duration":0},"status":"passed","steps":[],"attachments":[],"parameters":[],"shouldDisplayMessage":false,"stepsCount":0,"attachmentsCount":0,"hasContent":false},{"name":"owner_client","time":{"start":1749632776015,"stop":1749632776015,"duration":0},"status":"passed","steps":[],"attachments":[],"parameters":[],"shouldDisplayMessage":false,"stepsCount":0,"attachmentsCount":0,"hasContent":false},{"name":"delete_output_dir","time":{"start":1749632776015,"stop":1749632776015,"duration":0},"status":"passed","steps":[],"attachments":[],"parameters":[],"shouldDisplayMessage":false,"stepsCount":0,"attachmentsCount":0,"hasContent":false},{"name":"_verify_url","time":{"start":1749632776015,"stop":1749632776015,"duration":0},"status":"passed","steps":[],"attachments":[],"parameters":[],"shouldDisplayMessage":false,"stepsCount":0,"attachmentsCount":0,"hasContent":false},{"name":"temp_space","time":{"start":1749632776015,"stop":1749632776566,"duration":551},"status":"failed","statusMessage":"AssertionError: assert 401 == 200\n +  where 401 = <Response [401]>.status_code\n","statusTrace":"  File \"/opt/hostedtoolcache/Python/3.11.12/x64/lib/python3.11/site-packages/pluggy/_callers.py\", line 167, in _multicall\n    teardown.throw(outcome._exception)\n  File \"/opt/hostedtoolcache/Python/3.11.12/x64/lib/python3.11/site-packages/_pytest/setuponly.py\", line 36, in pytest_fixture_setup\n    return (yield)\n            ^^^^^\n  File \"/opt/hostedtoolcache/Python/3.11.12/x64/lib/python3.11/site-packages/pluggy/_callers.py\", line 103, in _multicall\n    res = hook_impl.function(*args)\n          ^^^^^^^^^^^^^^^^^^^^^^^^^\n  File \"/opt/hostedtoolcache/Python/3.11.12/x64/lib/python3.11/site-packages/_pytest/fixtures.py\", line 1140, in pytest_fixture_setup\n    result = call_fixture_func(fixturefunc, request, kwargs)\n             ^^^^^^^^^^^^^^^^^^^^^^^^^^^^^^^^^^^^^^^^^^^^^^^\n  File \"/opt/hostedtoolcache/Python/3.11.12/x64/lib/python3.11/site-packages/_pytest/fixtures.py\", line 891, in call_fixture_func\n    fixture_result = next(generator)\n                     ^^^^^^^^^^^^^^^\n  File \"/home/runner/work/autotests/autotests/backend_tests/conftest.py\", line 42, in temp_space\n    assert response.status_code == 200\n","steps":[],"attachments":[],"parameters":[],"shouldDisplayMessage":true,"stepsCount":0,"attachmentsCount":0,"hasContent":true}],"afterStages":[],"labels":[{"name":"parentSuite","value":"backend_tests.tests.test_board"},{"name":"suite","value":"test_board"},{"name":"host","value":"pkrvmxyh4eaekms"},{"name":"thread","value":"2559-MainThread"},{"name":"framework","value":"pytest"},{"name":"language","value":"cpython3"},{"name":"package","value":"backend_tests.tests.test_board.test_board"},{"name":"resultFormat","value":"allure2"}],"parameters":[],"links":[],"hidden":false,"retry":false,"extra":{"severity":"normal","retries":[],"categories":[{"name":"Product defects","matchedStatuses":[],"flaky":false}],"history":{"statistic":{"failed":2,"broken":0,"skipped":0,"passed":2,"unknown":0,"total":4},"items":[{"uid":"b435974041977edd","reportUrl":"https://vaizcom.github.io/autotests/95//#testresult/b435974041977edd","status":"failed","statusDetails":"AssertionError: assert 400 == 200\n +  where 400 = <Response [400]>.status_code","time":{"start":1749631142976,"stop":1749631142976,"duration":0}},{"uid":"4e767eabae091d48","reportUrl":"https://vaizcom.github.io/autotests/92//#testresult/4e767eabae091d48","status":"passed","time":{"start":1749627265471,"stop":1749627265844,"duration":373}},{"uid":"8492a0f8bb98f9aa","reportUrl":"https://vaizcom.github.io/autotests/90//#testresult/8492a0f8bb98f9aa","status":"passed","time":{"start":1749626740546,"stop":1749626740873,"duration":327}}]},"tags":[]},"source":"ab1878e80eb39b3b.json","parameterValues":[]}