{"uid":"b35296787bc89cf6","name":"Валидация: создание борды с именем — ожидаемый статус 400","fullName":"backend_tests.tests.test_board.test_board#test_create_board_name_validation","historyId":"10e92f71380f9b21a18a3cc167ae305a","time":{"start":1749632776604,"stop":1749632776604,"duration":0},"status":"failed","statusMessage":"AssertionError: assert 401 == 200\n +  where 401 = <Response [401]>.status_code","statusTrace":"owner_client = <backend_tests.core.client.APIClient object at 0x7f0952463050>\n\n    @pytest.fixture(scope=\"session\")\n    def temp_space(owner_client):\n        client = owner_client\n        name = generate_space_name()\n        response = client.post(**create_space_endpoint(name=name))\n>       assert response.status_code == 200\nE       assert 401 == 200\nE        +  where 401 = <Response [401]>.status_code\n\nbackend_tests/conftest.py:42: AssertionError","flaky":false,"newFailed":false,"newBroken":false,"newPassed":false,"retriesCount":0,"retriesStatusChange":false,"beforeStages":[{"name":"base_url","time":{"start":1749632776015,"stop":1749632776015,"duration":0},"status":"passed","steps":[],"attachments":[],"parameters":[],"shouldDisplayMessage":false,"stepsCount":0,"attachmentsCount":0,"hasContent":false},{"name":"pytestconfig","time":{"start":1749632776015,"stop":1749632776015,"duration":0},"status":"passed","steps":[],"attachments":[],"parameters":[],"shouldDisplayMessage":false,"stepsCount":0,"attachmentsCount":0,"hasContent":false},{"name":"owner_client","time":{"start":1749632776015,"stop":1749632776015,"duration":0},"status":"passed","steps":[],"attachments":[],"parameters":[],"shouldDisplayMessage":false,"stepsCount":0,"attachmentsCount":0,"hasContent":false},{"name":"delete_output_dir","time":{"start":1749632776015,"stop":1749632776015,"duration":0},"status":"passed","steps":[],"attachments":[],"parameters":[],"shouldDisplayMessage":false,"stepsCount":0,"attachmentsCount":0,"hasContent":false},{"name":"_verify_url","time":{"start":1749632776015,"stop":1749632776015,"duration":0},"status":"passed","steps":[],"attachments":[],"parameters":[],"shouldDisplayMessage":false,"stepsCount":0,"attachmentsCount":0,"hasContent":false},{"name":"temp_space","time":{"start":1749632776015,"stop":1749632776566,"duration":551},"status":"failed","statusMessage":"AssertionError: assert 401 == 200\n +  where 401 = <Response [401]>.status_code\n","statusTrace":"  File \"/opt/hostedtoolcache/Python/3.11.12/x64/lib/python3.11/site-packages/pluggy/_callers.py\", line 167, in _multicall\n    teardown.throw(outcome._exception)\n  File \"/opt/hostedtoolcache/Python/3.11.12/x64/lib/python3.11/site-packages/_pytest/setuponly.py\", line 36, in pytest_fixture_setup\n    return (yield)\n            ^^^^^\n  File \"/opt/hostedtoolcache/Python/3.11.12/x64/lib/python3.11/site-packages/pluggy/_callers.py\", line 103, in _multicall\n    res = hook_impl.function(*args)\n          ^^^^^^^^^^^^^^^^^^^^^^^^^\n  File \"/opt/hostedtoolcache/Python/3.11.12/x64/lib/python3.11/site-packages/_pytest/fixtures.py\", line 1140, in pytest_fixture_setup\n    result = call_fixture_func(fixturefunc, request, kwargs)\n             ^^^^^^^^^^^^^^^^^^^^^^^^^^^^^^^^^^^^^^^^^^^^^^^\n  File \"/opt/hostedtoolcache/Python/3.11.12/x64/lib/python3.11/site-packages/_pytest/fixtures.py\", line 891, in call_fixture_func\n    fixture_result = next(generator)\n                     ^^^^^^^^^^^^^^^\n  File \"/home/runner/work/autotests/autotests/backend_tests/conftest.py\", line 42, in temp_space\n    assert response.status_code == 200\n","steps":[],"attachments":[],"parameters":[],"shouldDisplayMessage":true,"stepsCount":0,"attachmentsCount":0,"hasContent":true}],"afterStages":[],"labels":[{"name":"parentSuite","value":"backend_tests.tests.test_board"},{"name":"suite","value":"test_board"},{"name":"host","value":"pkrvmxyh4eaekms"},{"name":"thread","value":"2559-MainThread"},{"name":"framework","value":"pytest"},{"name":"language","value":"cpython3"},{"name":"package","value":"backend_tests.tests.test_board.test_board"},{"name":"resultFormat","value":"allure2"}],"parameters":[{"name":"expected_status","value":"400"},{"name":"name","value":"''"}],"links":[],"hidden":false,"retry":false,"extra":{"severity":"normal","retries":[],"categories":[{"name":"Product defects","matchedStatuses":[],"flaky":false}],"history":{"statistic":{"failed":2,"broken":0,"skipped":0,"passed":2,"unknown":0,"total":4},"items":[{"uid":"de9af0b40996a5cc","reportUrl":"https://vaizcom.github.io/autotests/95//#testresult/de9af0b40996a5cc","status":"failed","statusDetails":"AssertionError: assert 400 == 200\n +  where 400 = <Response [400]>.status_code","time":{"start":1749631142935,"stop":1749631142935,"duration":0}},{"uid":"3af4816f2753ca38","reportUrl":"https://vaizcom.github.io/autotests/92//#testresult/3af4816f2753ca38","status":"passed","time":{"start":1749627259300,"stop":1749627259555,"duration":255}},{"uid":"5b47fadd7263ef87","reportUrl":"https://vaizcom.github.io/autotests/90//#testresult/5b47fadd7263ef87","status":"passed","time":{"start":1749626735241,"stop":1749626735434,"duration":193}}]},"tags":[]},"source":"b35296787bc89cf6.json","parameterValues":["400","''"]}