{"uid":"c340f2d80acbc6c2","name":"Ошибка при создании борды с заголовком custom field длиннее 25 символов (Баг: до 50 символов - APP-2763 )","fullName":"backend_tests.tests.test_board.test_board#test_create_board_with_long_custom_field_title","historyId":"a750241538fb76b315b2e62a94dc771c","time":{"start":1749632776722,"stop":1749632776722,"duration":0},"status":"skipped","statusMessage":"XFAIL Известный баг: длинный заголовок custom field без пробелов не влезает в тултип (APP-2763)\n\nAssertionError: assert 401 == 200\n +  where 401 = <Response [401]>.status_code","statusTrace":"owner_client = <backend_tests.core.client.APIClient object at 0x7f0952463050>\n\n    @pytest.fixture(scope=\"session\")\n    def temp_space(owner_client):\n        client = owner_client\n        name = generate_space_name()\n        response = client.post(**create_space_endpoint(name=name))\n>       assert response.status_code == 200\nE       assert 401 == 200\nE        +  where 401 = <Response [401]>.status_code\n\nbackend_tests/conftest.py:42: AssertionError","flaky":false,"newFailed":false,"newBroken":false,"newPassed":false,"retriesCount":0,"retriesStatusChange":false,"beforeStages":[{"name":"base_url","time":{"start":1749632776015,"stop":1749632776015,"duration":0},"status":"passed","steps":[],"attachments":[],"parameters":[],"shouldDisplayMessage":false,"stepsCount":0,"attachmentsCount":0,"hasContent":false},{"name":"pytestconfig","time":{"start":1749632776015,"stop":1749632776015,"duration":0},"status":"passed","steps":[],"attachments":[],"parameters":[],"shouldDisplayMessage":false,"stepsCount":0,"attachmentsCount":0,"hasContent":false},{"name":"owner_client","time":{"start":1749632776015,"stop":1749632776015,"duration":0},"status":"passed","steps":[],"attachments":[],"parameters":[],"shouldDisplayMessage":false,"stepsCount":0,"attachmentsCount":0,"hasContent":false},{"name":"delete_output_dir","time":{"start":1749632776015,"stop":1749632776015,"duration":0},"status":"passed","steps":[],"attachments":[],"parameters":[],"shouldDisplayMessage":false,"stepsCount":0,"attachmentsCount":0,"hasContent":false},{"name":"_verify_url","time":{"start":1749632776015,"stop":1749632776015,"duration":0},"status":"passed","steps":[],"attachments":[],"parameters":[],"shouldDisplayMessage":false,"stepsCount":0,"attachmentsCount":0,"hasContent":false},{"name":"temp_space","time":{"start":1749632776015,"stop":1749632776566,"duration":551},"status":"failed","statusMessage":"AssertionError: assert 401 == 200\n +  where 401 = <Response [401]>.status_code\n","statusTrace":"  File \"/opt/hostedtoolcache/Python/3.11.12/x64/lib/python3.11/site-packages/pluggy/_callers.py\", line 167, in _multicall\n    teardown.throw(outcome._exception)\n  File \"/opt/hostedtoolcache/Python/3.11.12/x64/lib/python3.11/site-packages/_pytest/setuponly.py\", line 36, in pytest_fixture_setup\n    return (yield)\n            ^^^^^\n  File \"/opt/hostedtoolcache/Python/3.11.12/x64/lib/python3.11/site-packages/pluggy/_callers.py\", line 103, in _multicall\n    res = hook_impl.function(*args)\n          ^^^^^^^^^^^^^^^^^^^^^^^^^\n  File \"/opt/hostedtoolcache/Python/3.11.12/x64/lib/python3.11/site-packages/_pytest/fixtures.py\", line 1140, in pytest_fixture_setup\n    result = call_fixture_func(fixturefunc, request, kwargs)\n             ^^^^^^^^^^^^^^^^^^^^^^^^^^^^^^^^^^^^^^^^^^^^^^^\n  File \"/opt/hostedtoolcache/Python/3.11.12/x64/lib/python3.11/site-packages/_pytest/fixtures.py\", line 891, in call_fixture_func\n    fixture_result = next(generator)\n                     ^^^^^^^^^^^^^^^\n  File \"/home/runner/work/autotests/autotests/backend_tests/conftest.py\", line 42, in temp_space\n    assert response.status_code == 200\n","steps":[],"attachments":[],"parameters":[],"shouldDisplayMessage":true,"stepsCount":0,"attachmentsCount":0,"hasContent":true}],"afterStages":[],"labels":[{"name":"bug","value":"APP-2763"},{"name":"tag","value":"@pytest.mark.xfail(reason='Известный баг: длинный заголовок custom field без пробелов не влезает в тултип (APP-2763)')"},{"name":"parentSuite","value":"backend_tests.tests.test_board"},{"name":"suite","value":"test_board"},{"name":"host","value":"pkrvmxyh4eaekms"},{"name":"thread","value":"2559-MainThread"},{"name":"framework","value":"pytest"},{"name":"language","value":"cpython3"},{"name":"package","value":"backend_tests.tests.test_board.test_board"},{"name":"resultFormat","value":"allure2"}],"parameters":[{"name":"field_type","value":"'Number'"}],"links":[],"hidden":false,"retry":false,"extra":{"severity":"normal","retries":[],"categories":[],"history":{"statistic":{"failed":0,"broken":0,"skipped":2,"passed":2,"unknown":0,"total":4},"items":[{"uid":"810126feb655b0bd","reportUrl":"https://vaizcom.github.io/autotests/95//#testresult/810126feb655b0bd","status":"skipped","statusDetails":"XFAIL Известный баг: длинный заголовок custom field без пробелов не влезает в тултип (APP-2763)\n\nAssertionError: assert 400 == 200\n +  where 400 = <Response [400]>.status_code","time":{"start":1749631143055,"stop":1749631143055,"duration":0}},{"uid":"5a0340d79a3dd5bc","reportUrl":"https://vaizcom.github.io/autotests/92//#testresult/5a0340d79a3dd5bc","status":"passed","statusDetails":"XPASS Известный баг: длинный заголовок custom field без пробелов не влезает в тултип (APP-2763)","time":{"start":1749627273744,"stop":1749627274079,"duration":335}},{"uid":"42d3fc3150a9acfe","reportUrl":"https://vaizcom.github.io/autotests/90//#testresult/42d3fc3150a9acfe","status":"passed","statusDetails":"XPASS Известный баг: длинный заголовок custom field без пробелов не влезает в тултип (APP-2763)","time":{"start":1749626747998,"stop":1749626748201,"duration":203}}]},"tags":["@pytest.mark.xfail(reason='Известный баг: длинный заголовок custom field без пробелов не влезает в тултип (APP-2763)')"]},"source":"c340f2d80acbc6c2.json","parameterValues":["'Number'"]}