{"uid":"5c82bf6f47f330d","name":"GetTasks assignees: пустой массив — без фильтра по исполнителям","fullName":"tests.test_backend.task_service.get_tasks.test_get_tasks_assignees#test_get_tasks_assignees_empty","historyId":"e1de735e68298d7071ffe49aa5473887","time":{"start":1763372705647,"stop":1763372705647,"duration":0},"status":"failed","statusMessage":"AssertionError: Board 6909d4141a593d8d7c3b9f91 not found: <html>\r\n  <head><title>503 Service Temporarily Unavailable</title></head>\r\n  <body>\r\n  <center><h1>503 Service Temporarily Unavailable</h1></center>\r\n  <hr><center>nginx</center>\r\n  </body>\r\n  </html>\r\n  \nassert 503 == 200\n +  where 503 = <Response [503]>.status_code","statusTrace":"main_client = <tests.core.client.APIClient object at 0x7f77c9775f10>\nmain_space = '6866309d85fb8d104544a61e'\n\n    @pytest.fixture(scope='session')\n    def board_with_tasks(main_client, main_space):\n        assert BOARD_WITH_TASKS, 'Не задана переменная окружения MAIN_BOARD_ID'\n        resp = main_client.post(**get_board_endpoint(board_id=BOARD_WITH_TASKS, space_id=main_space))\n>       assert resp.status_code == 200, f'Board {BOARD_WITH_TASKS} not found: {resp.text}'\nE       AssertionError: Board 6909d4141a593d8d7c3b9f91 not found: <html>\r\nE         <head><title>503 Service Temporarily Unavailable</title></head>\r\nE         <body>\r\nE         <center><h1>503 Service Temporarily Unavailable</h1></center>\r\nE         <hr><center>nginx</center>\r\nE         </body>\r\nE         </html>\r\nE         \nE       assert 503 == 200\nE        +  where 503 = <Response [503]>.status_code\n\ntests/conftest.py:119: AssertionError","flaky":false,"newFailed":true,"newBroken":false,"newPassed":false,"retriesCount":0,"retriesStatusChange":false,"beforeStages":[{"name":"pytestconfig","time":{"start":1763372463637,"stop":1763372463637,"duration":0},"status":"passed","steps":[],"attachments":[],"parameters":[],"stepsCount":0,"shouldDisplayMessage":false,"attachmentsCount":0,"hasContent":false,"attachmentStep":false},{"name":"_verify_url","time":{"start":1763372463637,"stop":1763372463637,"duration":0},"status":"passed","steps":[],"attachments":[],"parameters":[],"stepsCount":0,"shouldDisplayMessage":false,"attachmentsCount":0,"hasContent":false,"attachmentStep":false},{"name":"base_url","time":{"start":1763372463637,"stop":1763372463637,"duration":0},"status":"passed","steps":[],"attachments":[],"parameters":[],"stepsCount":0,"shouldDisplayMessage":false,"attachmentsCount":0,"hasContent":false,"attachmentStep":false},{"name":"owner_client","time":{"start":1763372463637,"stop":1763372464256,"duration":619},"status":"passed","steps":[],"attachments":[],"parameters":[],"stepsCount":0,"shouldDisplayMessage":false,"attachmentsCount":0,"hasContent":false,"attachmentStep":false},{"name":"delete_output_dir","time":{"start":1763372463637,"stop":1763372463637,"duration":0},"status":"passed","steps":[],"attachments":[],"parameters":[],"stepsCount":0,"shouldDisplayMessage":false,"attachmentsCount":0,"hasContent":false,"attachmentStep":false},{"name":"main_client","time":{"start":1763372467539,"stop":1763372467828,"duration":289},"status":"passed","steps":[],"attachments":[],"parameters":[],"stepsCount":0,"shouldDisplayMessage":false,"attachmentsCount":0,"hasContent":false,"attachmentStep":false},{"name":"main_space","time":{"start":1763372467828,"stop":1763372468114,"duration":286},"status":"passed","steps":[],"attachments":[],"parameters":[],"stepsCount":0,"shouldDisplayMessage":false,"attachmentsCount":0,"hasContent":false,"attachmentStep":false},{"name":"board_with_tasks","time":{"start":1763372703909,"stop":1763372704375,"duration":466},"status":"failed","statusMessage":"AssertionError: Board 6909d4141a593d8d7c3b9f91 not found: <html>\r\n  <head><title>503 Service Temporarily Unavailable</title></head>\r\n  <body>\r\n  <center><h1>503 Service Temporarily Unavailable</h1></center>\r\n  <hr><center>nginx</center>\r\n  </body>\r\n  </html>\r\n  \nassert 503 == 200\n +  where 503 = <Response [503]>.status_code\n","statusTrace":"  File \"/opt/hostedtoolcache/Python/3.11.14/x64/lib/python3.11/site-packages/pluggy/_callers.py\", line 167, in _multicall\n    teardown.throw(outcome._exception)\n  File \"/opt/hostedtoolcache/Python/3.11.14/x64/lib/python3.11/site-packages/_pytest/setuponly.py\", line 36, in pytest_fixture_setup\n    return (yield)\n            ^^^^^\n  File \"/opt/hostedtoolcache/Python/3.11.14/x64/lib/python3.11/site-packages/pluggy/_callers.py\", line 103, in _multicall\n    res = hook_impl.function(*args)\n          ^^^^^^^^^^^^^^^^^^^^^^^^^\n  File \"/opt/hostedtoolcache/Python/3.11.14/x64/lib/python3.11/site-packages/_pytest/fixtures.py\", line 1140, in pytest_fixture_setup\n    result = call_fixture_func(fixturefunc, request, kwargs)\n             ^^^^^^^^^^^^^^^^^^^^^^^^^^^^^^^^^^^^^^^^^^^^^^^\n  File \"/opt/hostedtoolcache/Python/3.11.14/x64/lib/python3.11/site-packages/_pytest/fixtures.py\", line 898, in call_fixture_func\n    fixture_result = fixturefunc(**kwargs)\n                     ^^^^^^^^^^^^^^^^^^^^^\n  File \"/home/runner/work/autotests/autotests/tests/conftest.py\", line 119, in board_with_tasks\n    assert resp.status_code == 200, f'Board {BOARD_WITH_TASKS} not found: {resp.text}'\n","steps":[],"attachments":[],"parameters":[],"stepsCount":0,"shouldDisplayMessage":true,"attachmentsCount":0,"hasContent":true,"attachmentStep":false}],"afterStages":[],"labels":[{"name":"tag","value":"backend"},{"name":"parentSuite","value":"tests.test_backend.task_service.get_tasks"},{"name":"suite","value":"test_get_tasks_assignees"},{"name":"host","value":"runnervmg1sw1"},{"name":"thread","value":"2573-MainThread"},{"name":"framework","value":"pytest"},{"name":"language","value":"cpython3"},{"name":"package","value":"tests.test_backend.task_service.get_tasks.test_get_tasks_assignees"},{"name":"resultFormat","value":"allure2"}],"parameters":[],"links":[],"hidden":false,"retry":false,"extra":{"severity":"normal","retries":[],"categories":[{"name":"Product defects","matchedStatuses":[],"flaky":false}],"history":{"statistic":{"failed":1,"broken":0,"skipped":0,"passed":2,"unknown":0,"total":3},"items":[{"uid":"cd51c31d6852dc9d","reportUrl":"https://vaizcom.github.io/autotests/447/#testresult/cd51c31d6852dc9d","status":"passed","time":{"start":1763366894752,"stop":1763366894981,"duration":229}},{"uid":"20ec63bce4284382","reportUrl":"https://vaizcom.github.io/autotests/446/#testresult/20ec63bce4284382","status":"passed","time":{"start":1763130957739,"stop":1763130957944,"duration":205}}]},"tags":["backend"]},"source":"5c82bf6f47f330d.json","parameterValues":[]}